<?xml version="1.0" encoding="utf-8"?><testsuites><testsuite errors="0" failures="51" hostname="MacBook-Pro" name="pytest" skipped="15" tests="70" time="404.109" timestamp="2020-11-09T13:38:14.982970"><testcase classname="tests.workflows.test_calibrate_rsexecute.TestCalibrateGraphs" file="tests/workflows/test_calibrate_rsexecute.py" line="105" name="test_calibrate_rsexecute" time="0.127"><failure message="RuntimeError: Cannot convert due to missing frame information">self = &lt;tests.workflows.test_calibrate_rsexecute.TestCalibrateGraphs testMethod=test_calibrate_rsexecute&gt;

    def test_calibrate_rsexecute(self):
        amp_errors = {'T': 0.0, 'G': 0.0}
        phase_errors = {'T': 1.0, 'G': 0.0}
&gt;       self.actualSetUp(amp_errors=amp_errors, phase_errors=phase_errors)

tests/workflows/test_calibrate_rsexecute.py:109: 
_ _ _ _ _ _ _ _ _ _ _ _ _ _ _ _ _ _ _ _ _ _ _ _ _ _ _ _ _ _ _ _ _ _ _ _ _ _ _ _ 
tests/workflows/test_calibrate_rsexecute.py:89: in actualSetUp
    for i in range(nfreqwin)]
tests/workflows/test_calibrate_rsexecute.py:89: in &lt;listcomp&gt;
    for i in range(nfreqwin)]
rascil/processing_components/simulation/testing_support.py:774: in ingest_unittest_visibility
    phasecentre=phasecentre, weight=1.0, polarisation_frame=vis_pol, zerow=zerow)
rascil/processing_components/visibility/base.py:193: in create_blockvisibility
    stime = calculate_transit_time(config.location, utc_time_zero, phasecentre)
rascil/processing_components/util/geometry.py:119: in calculate_transit_time
    tol=fraction_day)
../../opt/anaconda3/envs/rascil37/lib/python3.7/site-packages/scipy/optimize/_minimize.py:618: in minimize
    callback=callback, **options)
../../opt/anaconda3/envs/rascil37/lib/python3.7/site-packages/scipy/optimize/lbfgsb.py:308: in _minimize_lbfgsb
    finite_diff_rel_step=finite_diff_rel_step)
../../opt/anaconda3/envs/rascil37/lib/python3.7/site-packages/scipy/optimize/optimize.py:262: in _prepare_scalar_function
    finite_diff_rel_step, bounds, epsilon=epsilon)
../../opt/anaconda3/envs/rascil37/lib/python3.7/site-packages/scipy/optimize/_differentiable_functions.py:76: in __init__
    self._update_fun()
../../opt/anaconda3/envs/rascil37/lib/python3.7/site-packages/scipy/optimize/_differentiable_functions.py:166: in _update_fun
    self._update_fun_impl()
../../opt/anaconda3/envs/rascil37/lib/python3.7/site-packages/scipy/optimize/_differentiable_functions.py:73: in update_fun
    self.f = fun_wrapped(self.x)
../../opt/anaconda3/envs/rascil37/lib/python3.7/site-packages/scipy/optimize/_differentiable_functions.py:70: in fun_wrapped
    return fun(x, *args)
rascil/processing_components/util/geometry.py:114: in transit
    return -1 * calculate_azel(location, Time(utc, format='mjd', scale='utc'), direction)[1].value
rascil/processing_components/util/geometry.py:157: in calculate_azel
    casa_azel = dm.measure(casa_direction, 'azel')
_ _ _ _ _ _ _ _ _ _ _ _ _ _ _ _ _ _ _ _ _ _ _ _ _ _ _ _ _ _ _ _ _ _ _ _ _ _ _ _ 

self = &lt;casacore.measures.measures object at 0x7fd800f10ab0&gt;
v = {'m0': {'unit': 'rad', 'value': 3.141592653589793}, 'm1': {'unit': 'rad', 'value': -1.0471975511965976}, 'refer': 'J2000', 'type': 'direction'}
rf = 'azel', off = {}

    def measure(self, v, rf, off=None):
        """Create/convert a measure using the frame state set on the measures
        server instance (via :meth:`do_frame`)
    
        :param v: The measure to convert
    
        :param rf: The frame reference to convert to
    
        :param off: The optional offset for the measure
    
        """
        if off is None:
            off = {}
        keys = ["m0", "m1", "m2"]
        for key in keys:
            if key in v:
                if dq.is_quantity(v[key]):
                    v[key] = v[key].to_dict()
&gt;       return _measures.measure(self, v, rf, off)
E       RuntimeError: Cannot convert due to missing frame information

../../opt/anaconda3/envs/rascil37/lib/python3.7/site-packages/casacore/measures/__init__.py:120: RuntimeError</failure></testcase><testcase classname="tests.workflows.test_calibrate_rsexecute.TestCalibrateGraphs" file="tests/workflows/test_calibrate_rsexecute.py" line="161" name="test_calibrate_rsexecute_empty" time="0.028"><failure message="RuntimeError: Cannot convert due to missing frame information">self = &lt;tests.workflows.test_calibrate_rsexecute.TestCalibrateGraphs testMethod=test_calibrate_rsexecute_empty&gt;

    def test_calibrate_rsexecute_empty(self):
        amp_errors = {'T': 0.0, 'G': 0.0}
        phase_errors = {'T': 1.0, 'G': 0.0}
&gt;       self.actualSetUp(amp_errors=amp_errors, phase_errors=phase_errors)

tests/workflows/test_calibrate_rsexecute.py:165: 
_ _ _ _ _ _ _ _ _ _ _ _ _ _ _ _ _ _ _ _ _ _ _ _ _ _ _ _ _ _ _ _ _ _ _ _ _ _ _ _ 
tests/workflows/test_calibrate_rsexecute.py:89: in actualSetUp
    for i in range(nfreqwin)]
tests/workflows/test_calibrate_rsexecute.py:89: in &lt;listcomp&gt;
    for i in range(nfreqwin)]
rascil/processing_components/simulation/testing_support.py:774: in ingest_unittest_visibility
    phasecentre=phasecentre, weight=1.0, polarisation_frame=vis_pol, zerow=zerow)
rascil/processing_components/visibility/base.py:193: in create_blockvisibility
    stime = calculate_transit_time(config.location, utc_time_zero, phasecentre)
rascil/processing_components/util/geometry.py:119: in calculate_transit_time
    tol=fraction_day)
../../opt/anaconda3/envs/rascil37/lib/python3.7/site-packages/scipy/optimize/_minimize.py:618: in minimize
    callback=callback, **options)
../../opt/anaconda3/envs/rascil37/lib/python3.7/site-packages/scipy/optimize/lbfgsb.py:308: in _minimize_lbfgsb
    finite_diff_rel_step=finite_diff_rel_step)
../../opt/anaconda3/envs/rascil37/lib/python3.7/site-packages/scipy/optimize/optimize.py:262: in _prepare_scalar_function
    finite_diff_rel_step, bounds, epsilon=epsilon)
../../opt/anaconda3/envs/rascil37/lib/python3.7/site-packages/scipy/optimize/_differentiable_functions.py:76: in __init__
    self._update_fun()
../../opt/anaconda3/envs/rascil37/lib/python3.7/site-packages/scipy/optimize/_differentiable_functions.py:166: in _update_fun
    self._update_fun_impl()
../../opt/anaconda3/envs/rascil37/lib/python3.7/site-packages/scipy/optimize/_differentiable_functions.py:73: in update_fun
    self.f = fun_wrapped(self.x)
../../opt/anaconda3/envs/rascil37/lib/python3.7/site-packages/scipy/optimize/_differentiable_functions.py:70: in fun_wrapped
    return fun(x, *args)
rascil/processing_components/util/geometry.py:114: in transit
    return -1 * calculate_azel(location, Time(utc, format='mjd', scale='utc'), direction)[1].value
rascil/processing_components/util/geometry.py:157: in calculate_azel
    casa_azel = dm.measure(casa_direction, 'azel')
_ _ _ _ _ _ _ _ _ _ _ _ _ _ _ _ _ _ _ _ _ _ _ _ _ _ _ _ _ _ _ _ _ _ _ _ _ _ _ _ 

self = &lt;casacore.measures.measures object at 0x7fd7e10b5d30&gt;
v = {'m0': {'unit': 'rad', 'value': 3.141592653589793}, 'm1': {'unit': 'rad', 'value': -1.0471975511965976}, 'refer': 'J2000', 'type': 'direction'}
rf = 'azel', off = {}

    def measure(self, v, rf, off=None):
        """Create/convert a measure using the frame state set on the measures
        server instance (via :meth:`do_frame`)
    
        :param v: The measure to convert
    
        :param rf: The frame reference to convert to
    
        :param off: The optional offset for the measure
    
        """
        if off is None:
            off = {}
        keys = ["m0", "m1", "m2"]
        for key in keys:
            if key in v:
                if dq.is_quantity(v[key]):
                    v[key] = v[key].to_dict()
&gt;       return _measures.measure(self, v, rf, off)
E       RuntimeError: Cannot convert due to missing frame information

../../opt/anaconda3/envs/rascil37/lib/python3.7/site-packages/casacore/measures/__init__.py:120: RuntimeError</failure></testcase><testcase classname="tests.workflows.test_calibrate_rsexecute.TestCalibrateGraphs" file="tests/workflows/test_calibrate_rsexecute.py" line="180" name="test_calibrate_rsexecute_global" time="0.030"><failure message="RuntimeError: Cannot convert due to missing frame information">self = &lt;tests.workflows.test_calibrate_rsexecute.TestCalibrateGraphs testMethod=test_calibrate_rsexecute_global&gt;

    def test_calibrate_rsexecute_global(self):
        amp_errors = {'T': 0.0, 'G': 0.0}
        phase_errors = {'T': 1.0, 'G': 0.0}
&gt;       self.actualSetUp(amp_errors=amp_errors, phase_errors=phase_errors)

tests/workflows/test_calibrate_rsexecute.py:184: 
_ _ _ _ _ _ _ _ _ _ _ _ _ _ _ _ _ _ _ _ _ _ _ _ _ _ _ _ _ _ _ _ _ _ _ _ _ _ _ _ 
tests/workflows/test_calibrate_rsexecute.py:89: in actualSetUp
    for i in range(nfreqwin)]
tests/workflows/test_calibrate_rsexecute.py:89: in &lt;listcomp&gt;
    for i in range(nfreqwin)]
rascil/processing_components/simulation/testing_support.py:774: in ingest_unittest_visibility
    phasecentre=phasecentre, weight=1.0, polarisation_frame=vis_pol, zerow=zerow)
rascil/processing_components/visibility/base.py:193: in create_blockvisibility
    stime = calculate_transit_time(config.location, utc_time_zero, phasecentre)
rascil/processing_components/util/geometry.py:119: in calculate_transit_time
    tol=fraction_day)
../../opt/anaconda3/envs/rascil37/lib/python3.7/site-packages/scipy/optimize/_minimize.py:618: in minimize
    callback=callback, **options)
../../opt/anaconda3/envs/rascil37/lib/python3.7/site-packages/scipy/optimize/lbfgsb.py:308: in _minimize_lbfgsb
    finite_diff_rel_step=finite_diff_rel_step)
../../opt/anaconda3/envs/rascil37/lib/python3.7/site-packages/scipy/optimize/optimize.py:262: in _prepare_scalar_function
    finite_diff_rel_step, bounds, epsilon=epsilon)
../../opt/anaconda3/envs/rascil37/lib/python3.7/site-packages/scipy/optimize/_differentiable_functions.py:76: in __init__
    self._update_fun()
../../opt/anaconda3/envs/rascil37/lib/python3.7/site-packages/scipy/optimize/_differentiable_functions.py:166: in _update_fun
    self._update_fun_impl()
../../opt/anaconda3/envs/rascil37/lib/python3.7/site-packages/scipy/optimize/_differentiable_functions.py:73: in update_fun
    self.f = fun_wrapped(self.x)
../../opt/anaconda3/envs/rascil37/lib/python3.7/site-packages/scipy/optimize/_differentiable_functions.py:70: in fun_wrapped
    return fun(x, *args)
rascil/processing_components/util/geometry.py:114: in transit
    return -1 * calculate_azel(location, Time(utc, format='mjd', scale='utc'), direction)[1].value
rascil/processing_components/util/geometry.py:157: in calculate_azel
    casa_azel = dm.measure(casa_direction, 'azel')
_ _ _ _ _ _ _ _ _ _ _ _ _ _ _ _ _ _ _ _ _ _ _ _ _ _ _ _ _ _ _ _ _ _ _ _ _ _ _ _ 

self = &lt;casacore.measures.measures object at 0x7fd800f6b930&gt;
v = {'m0': {'unit': 'rad', 'value': 3.141592653589793}, 'm1': {'unit': 'rad', 'value': -1.0471975511965976}, 'refer': 'J2000', 'type': 'direction'}
rf = 'azel', off = {}

    def measure(self, v, rf, off=None):
        """Create/convert a measure using the frame state set on the measures
        server instance (via :meth:`do_frame`)
    
        :param v: The measure to convert
    
        :param rf: The frame reference to convert to
    
        :param off: The optional offset for the measure
    
        """
        if off is None:
            off = {}
        keys = ["m0", "m1", "m2"]
        for key in keys:
            if key in v:
                if dq.is_quantity(v[key]):
                    v[key] = v[key].to_dict()
&gt;       return _measures.measure(self, v, rf, off)
E       RuntimeError: Cannot convert due to missing frame information

../../opt/anaconda3/envs/rascil37/lib/python3.7/site-packages/casacore/measures/__init__.py:120: RuntimeError</failure></testcase><testcase classname="tests.workflows.test_calibrate_rsexecute.TestCalibrateGraphs" file="tests/workflows/test_calibrate_rsexecute.py" line="202" name="test_calibrate_rsexecute_global_empty" time="0.026"><failure message="RuntimeError: Cannot convert due to missing frame information">self = &lt;tests.workflows.test_calibrate_rsexecute.TestCalibrateGraphs testMethod=test_calibrate_rsexecute_global_empty&gt;

    def test_calibrate_rsexecute_global_empty(self):
        amp_errors = {'T': 0.0, 'G': 0.0}
        phase_errors = {'T': 1.0, 'G': 0.0}
&gt;       self.actualSetUp(amp_errors=amp_errors, phase_errors=phase_errors)

tests/workflows/test_calibrate_rsexecute.py:206: 
_ _ _ _ _ _ _ _ _ _ _ _ _ _ _ _ _ _ _ _ _ _ _ _ _ _ _ _ _ _ _ _ _ _ _ _ _ _ _ _ 
tests/workflows/test_calibrate_rsexecute.py:89: in actualSetUp
    for i in range(nfreqwin)]
tests/workflows/test_calibrate_rsexecute.py:89: in &lt;listcomp&gt;
    for i in range(nfreqwin)]
rascil/processing_components/simulation/testing_support.py:774: in ingest_unittest_visibility
    phasecentre=phasecentre, weight=1.0, polarisation_frame=vis_pol, zerow=zerow)
rascil/processing_components/visibility/base.py:193: in create_blockvisibility
    stime = calculate_transit_time(config.location, utc_time_zero, phasecentre)
rascil/processing_components/util/geometry.py:119: in calculate_transit_time
    tol=fraction_day)
../../opt/anaconda3/envs/rascil37/lib/python3.7/site-packages/scipy/optimize/_minimize.py:618: in minimize
    callback=callback, **options)
../../opt/anaconda3/envs/rascil37/lib/python3.7/site-packages/scipy/optimize/lbfgsb.py:308: in _minimize_lbfgsb
    finite_diff_rel_step=finite_diff_rel_step)
../../opt/anaconda3/envs/rascil37/lib/python3.7/site-packages/scipy/optimize/optimize.py:262: in _prepare_scalar_function
    finite_diff_rel_step, bounds, epsilon=epsilon)
../../opt/anaconda3/envs/rascil37/lib/python3.7/site-packages/scipy/optimize/_differentiable_functions.py:76: in __init__
    self._update_fun()
../../opt/anaconda3/envs/rascil37/lib/python3.7/site-packages/scipy/optimize/_differentiable_functions.py:166: in _update_fun
    self._update_fun_impl()
../../opt/anaconda3/envs/rascil37/lib/python3.7/site-packages/scipy/optimize/_differentiable_functions.py:73: in update_fun
    self.f = fun_wrapped(self.x)
../../opt/anaconda3/envs/rascil37/lib/python3.7/site-packages/scipy/optimize/_differentiable_functions.py:70: in fun_wrapped
    return fun(x, *args)
rascil/processing_components/util/geometry.py:114: in transit
    return -1 * calculate_azel(location, Time(utc, format='mjd', scale='utc'), direction)[1].value
rascil/processing_components/util/geometry.py:157: in calculate_azel
    casa_azel = dm.measure(casa_direction, 'azel')
_ _ _ _ _ _ _ _ _ _ _ _ _ _ _ _ _ _ _ _ _ _ _ _ _ _ _ _ _ _ _ _ _ _ _ _ _ _ _ _ 

self = &lt;casacore.measures.measures object at 0x7fd7e10f0b70&gt;
v = {'m0': {'unit': 'rad', 'value': 3.141592653589793}, 'm1': {'unit': 'rad', 'value': -1.0471975511965976}, 'refer': 'J2000', 'type': 'direction'}
rf = 'azel', off = {}

    def measure(self, v, rf, off=None):
        """Create/convert a measure using the frame state set on the measures
        server instance (via :meth:`do_frame`)
    
        :param v: The measure to convert
    
        :param rf: The frame reference to convert to
    
        :param off: The optional offset for the measure
    
        """
        if off is None:
            off = {}
        keys = ["m0", "m1", "m2"]
        for key in keys:
            if key in v:
                if dq.is_quantity(v[key]):
                    v[key] = v[key].to_dict()
&gt;       return _measures.measure(self, v, rf, off)
E       RuntimeError: Cannot convert due to missing frame information

../../opt/anaconda3/envs/rascil37/lib/python3.7/site-packages/casacore/measures/__init__.py:120: RuntimeError</failure></testcase><testcase classname="tests.workflows.test_calibrate_rsexecute.TestCalibrateGraphs" file="tests/workflows/test_calibrate_rsexecute.py" line="127" name="test_calibrate_rsexecute_repeat" time="0.027"><failure message="RuntimeError: Cannot convert due to missing frame information">self = &lt;tests.workflows.test_calibrate_rsexecute.TestCalibrateGraphs testMethod=test_calibrate_rsexecute_repeat&gt;

    def test_calibrate_rsexecute_repeat(self):
        amp_errors = {'T': 0.0, 'G': 0.0}
        phase_errors = {'T': 1.0, 'G': 0.0}
&gt;       self.actualSetUp(amp_errors=amp_errors, phase_errors=phase_errors)

tests/workflows/test_calibrate_rsexecute.py:131: 
_ _ _ _ _ _ _ _ _ _ _ _ _ _ _ _ _ _ _ _ _ _ _ _ _ _ _ _ _ _ _ _ _ _ _ _ _ _ _ _ 
tests/workflows/test_calibrate_rsexecute.py:89: in actualSetUp
    for i in range(nfreqwin)]
tests/workflows/test_calibrate_rsexecute.py:89: in &lt;listcomp&gt;
    for i in range(nfreqwin)]
rascil/processing_components/simulation/testing_support.py:774: in ingest_unittest_visibility
    phasecentre=phasecentre, weight=1.0, polarisation_frame=vis_pol, zerow=zerow)
rascil/processing_components/visibility/base.py:193: in create_blockvisibility
    stime = calculate_transit_time(config.location, utc_time_zero, phasecentre)
rascil/processing_components/util/geometry.py:119: in calculate_transit_time
    tol=fraction_day)
../../opt/anaconda3/envs/rascil37/lib/python3.7/site-packages/scipy/optimize/_minimize.py:618: in minimize
    callback=callback, **options)
../../opt/anaconda3/envs/rascil37/lib/python3.7/site-packages/scipy/optimize/lbfgsb.py:308: in _minimize_lbfgsb
    finite_diff_rel_step=finite_diff_rel_step)
../../opt/anaconda3/envs/rascil37/lib/python3.7/site-packages/scipy/optimize/optimize.py:262: in _prepare_scalar_function
    finite_diff_rel_step, bounds, epsilon=epsilon)
../../opt/anaconda3/envs/rascil37/lib/python3.7/site-packages/scipy/optimize/_differentiable_functions.py:76: in __init__
    self._update_fun()
../../opt/anaconda3/envs/rascil37/lib/python3.7/site-packages/scipy/optimize/_differentiable_functions.py:166: in _update_fun
    self._update_fun_impl()
../../opt/anaconda3/envs/rascil37/lib/python3.7/site-packages/scipy/optimize/_differentiable_functions.py:73: in update_fun
    self.f = fun_wrapped(self.x)
../../opt/anaconda3/envs/rascil37/lib/python3.7/site-packages/scipy/optimize/_differentiable_functions.py:70: in fun_wrapped
    return fun(x, *args)
rascil/processing_components/util/geometry.py:114: in transit
    return -1 * calculate_azel(location, Time(utc, format='mjd', scale='utc'), direction)[1].value
rascil/processing_components/util/geometry.py:157: in calculate_azel
    casa_azel = dm.measure(casa_direction, 'azel')
_ _ _ _ _ _ _ _ _ _ _ _ _ _ _ _ _ _ _ _ _ _ _ _ _ _ _ _ _ _ _ _ _ _ _ _ _ _ _ _ 

self = &lt;casacore.measures.measures object at 0x7fd7406f9070&gt;
v = {'m0': {'unit': 'rad', 'value': 3.141592653589793}, 'm1': {'unit': 'rad', 'value': -1.0471975511965976}, 'refer': 'J2000', 'type': 'direction'}
rf = 'azel', off = {}

    def measure(self, v, rf, off=None):
        """Create/convert a measure using the frame state set on the measures
        server instance (via :meth:`do_frame`)
    
        :param v: The measure to convert
    
        :param rf: The frame reference to convert to
    
        :param off: The optional offset for the measure
    
        """
        if off is None:
            off = {}
        keys = ["m0", "m1", "m2"]
        for key in keys:
            if key in v:
                if dq.is_quantity(v[key]):
                    v[key] = v[key].to_dict()
&gt;       return _measures.measure(self, v, rf, off)
E       RuntimeError: Cannot convert due to missing frame information

../../opt/anaconda3/envs/rascil37/lib/python3.7/site-packages/casacore/measures/__init__.py:120: RuntimeError</failure></testcase><testcase classname="tests.workflows.test_dprepb_rsexecute.TestDPrepB" file="tests/workflows/test_dprepb_rsexecute.py" line="49" name="test_pipeline" time="129.223" /><testcase classname="tests.workflows.test_image_gather_scatter_rsexecute.TestImageGatherScattersGraph" file="tests/workflows/test_image_gather_scatter_rsexecute.py" line="50" name="test_gather_channel" time="5.409" /><testcase classname="tests.workflows.test_image_gather_scatter_rsexecute.TestImageGatherScattersGraph" file="tests/workflows/test_image_gather_scatter_rsexecute.py" line="38" name="test_scatter_gather_channel" time="7.521" /><testcase classname="tests.workflows.test_image_rsexecute.TestImageGraph" file="tests/workflows/test_image_rsexecute.py" line="58" name="test_map_create_pb" time="2.542"><failure message="RuntimeError: Cannot convert due to missing frame information">self = &lt;tests.workflows.test_image_rsexecute.TestImageGraph testMethod=test_map_create_pb&gt;

    def test_map_create_pb(self):
&gt;       self.createVis(config='LOWBD2', rmax=1000.0)

tests/workflows/test_image_rsexecute.py:60: 
_ _ _ _ _ _ _ _ _ _ _ _ _ _ _ _ _ _ _ _ _ _ _ _ _ _ _ _ _ _ _ _ _ _ _ _ _ _ _ _ 
tests/workflows/test_image_rsexecute.py:57: in createVis
    polarisation_frame=PolarisationFrame('stokesI'))
rascil/processing_components/visibility/base.py:193: in create_blockvisibility
    stime = calculate_transit_time(config.location, utc_time_zero, phasecentre)
rascil/processing_components/util/geometry.py:119: in calculate_transit_time
    tol=fraction_day)
../../opt/anaconda3/envs/rascil37/lib/python3.7/site-packages/scipy/optimize/_minimize.py:618: in minimize
    callback=callback, **options)
../../opt/anaconda3/envs/rascil37/lib/python3.7/site-packages/scipy/optimize/lbfgsb.py:308: in _minimize_lbfgsb
    finite_diff_rel_step=finite_diff_rel_step)
../../opt/anaconda3/envs/rascil37/lib/python3.7/site-packages/scipy/optimize/optimize.py:262: in _prepare_scalar_function
    finite_diff_rel_step, bounds, epsilon=epsilon)
../../opt/anaconda3/envs/rascil37/lib/python3.7/site-packages/scipy/optimize/_differentiable_functions.py:76: in __init__
    self._update_fun()
../../opt/anaconda3/envs/rascil37/lib/python3.7/site-packages/scipy/optimize/_differentiable_functions.py:166: in _update_fun
    self._update_fun_impl()
../../opt/anaconda3/envs/rascil37/lib/python3.7/site-packages/scipy/optimize/_differentiable_functions.py:73: in update_fun
    self.f = fun_wrapped(self.x)
../../opt/anaconda3/envs/rascil37/lib/python3.7/site-packages/scipy/optimize/_differentiable_functions.py:70: in fun_wrapped
    return fun(x, *args)
rascil/processing_components/util/geometry.py:114: in transit
    return -1 * calculate_azel(location, Time(utc, format='mjd', scale='utc'), direction)[1].value
rascil/processing_components/util/geometry.py:157: in calculate_azel
    casa_azel = dm.measure(casa_direction, 'azel')
_ _ _ _ _ _ _ _ _ _ _ _ _ _ _ _ _ _ _ _ _ _ _ _ _ _ _ _ _ _ _ _ _ _ _ _ _ _ _ _ 

self = &lt;casacore.measures.measures object at 0x7fd7c118b9b0&gt;
v = {'m0': {'unit': 'rad', 'value': 0.2617993877991494}, 'm1': {'unit': 'rad', 'value': -0.6108652381980154}, 'refer': 'J2000', 'type': 'direction'}
rf = 'azel', off = {}

    def measure(self, v, rf, off=None):
        """Create/convert a measure using the frame state set on the measures
        server instance (via :meth:`do_frame`)
    
        :param v: The measure to convert
    
        :param rf: The frame reference to convert to
    
        :param off: The optional offset for the measure
    
        """
        if off is None:
            off = {}
        keys = ["m0", "m1", "m2"]
        for key in keys:
            if key in v:
                if dq.is_quantity(v[key]):
                    v[key] = v[key].to_dict()
&gt;       return _measures.measure(self, v, rf, off)
E       RuntimeError: Cannot convert due to missing frame information

../../opt/anaconda3/envs/rascil37/lib/python3.7/site-packages/casacore/measures/__init__.py:120: RuntimeError</failure></testcase><testcase classname="tests.workflows.test_imaging_deconvolve_rsexecute.TestImagingDeconvolveGraph" file="tests/workflows/test_imaging_deconvolve_rsexecute.py" line="139" name="test_deconvolve_and_restore_cube_mmclean" time="5.109"><failure message="RuntimeError: Cannot convert due to missing frame information">self = &lt;tests.workflows.test_imaging_deconvolve_rsexecute.TestImagingDeconvolveGraph testMethod=test_deconvolve_and_restore_cube_mmclean&gt;

    def test_deconvolve_and_restore_cube_mmclean(self):
&gt;       self.actualSetUp(add_errors=True)

tests/workflows/test_imaging_deconvolve_rsexecute.py:141: 
_ _ _ _ _ _ _ _ _ _ _ _ _ _ _ _ _ _ _ _ _ _ _ _ _ _ _ _ _ _ _ _ _ _ _ _ _ _ _ _ 
tests/workflows/test_imaging_deconvolve_rsexecute.py:107: in actualSetUp
    self.model_imagelist = rsexecute.compute(self.model_imagelist, sync=True)
rascil/workflows/rsexecute/execution_support/rsexecute.py:241: in compute
    future = self.client.compute(value, sync=sync)
../../opt/anaconda3/envs/rascil37/lib/python3.7/site-packages/distributed/client.py:2930: in compute
    result = self.gather(futures)
../../opt/anaconda3/envs/rascil37/lib/python3.7/site-packages/distributed/client.py:1992: in gather
    asynchronous=asynchronous,
../../opt/anaconda3/envs/rascil37/lib/python3.7/site-packages/distributed/client.py:833: in sync
    self.loop, func, *args, callback_timeout=callback_timeout, **kwargs
../../opt/anaconda3/envs/rascil37/lib/python3.7/site-packages/distributed/utils.py:340: in sync
    raise exc.with_traceback(tb)
../../opt/anaconda3/envs/rascil37/lib/python3.7/site-packages/distributed/utils.py:324: in f
    result[0] = yield future
../../opt/anaconda3/envs/rascil37/lib/python3.7/site-packages/tornado/gen.py:735: in run
    value = future.result()
../../opt/anaconda3/envs/rascil37/lib/python3.7/site-packages/distributed/client.py:1851: in _gather
    raise exception.with_traceback(traceback)
../../opt/anaconda3/envs/rascil37/lib/python3.7/site-packages/dask/utils.py:29: in apply
    return func(*args, **kwargs)
rascil/processing_components/simulation/testing_support.py:774: in ingest_unittest_visibility
    phasecentre=phasecentre, weight=1.0, polarisation_frame=vis_pol, zerow=zerow)
rascil/processing_components/visibility/base.py:193: in create_blockvisibility
    stime = calculate_transit_time(config.location, utc_time_zero, phasecentre)
rascil/processing_components/util/geometry.py:119: in calculate_transit_time
    tol=fraction_day)
../../opt/anaconda3/envs/rascil37/lib/python3.7/site-packages/scipy/optimize/_minimize.py:618: in minimize
    callback=callback, **options)
../../opt/anaconda3/envs/rascil37/lib/python3.7/site-packages/scipy/optimize/lbfgsb.py:308: in _minimize_lbfgsb
    finite_diff_rel_step=finite_diff_rel_step)
../../opt/anaconda3/envs/rascil37/lib/python3.7/site-packages/scipy/optimize/optimize.py:262: in _prepare_scalar_function
    finite_diff_rel_step, bounds, epsilon=epsilon)
../../opt/anaconda3/envs/rascil37/lib/python3.7/site-packages/scipy/optimize/_differentiable_functions.py:76: in __init__
    self._update_fun()
../../opt/anaconda3/envs/rascil37/lib/python3.7/site-packages/scipy/optimize/_differentiable_functions.py:166: in _update_fun
    self._update_fun_impl()
../../opt/anaconda3/envs/rascil37/lib/python3.7/site-packages/scipy/optimize/_differentiable_functions.py:73: in update_fun
    self.f = fun_wrapped(self.x)
../../opt/anaconda3/envs/rascil37/lib/python3.7/site-packages/scipy/optimize/_differentiable_functions.py:70: in fun_wrapped
    return fun(x, *args)
rascil/processing_components/util/geometry.py:114: in transit
    return -1 * calculate_azel(location, Time(utc, format='mjd', scale='utc'), direction)[1].value
rascil/processing_components/util/geometry.py:157: in calculate_azel
    casa_azel = dm.measure(casa_direction, 'azel')
_ _ _ _ _ _ _ _ _ _ _ _ _ _ _ _ _ _ _ _ _ _ _ _ _ _ _ _ _ _ _ _ _ _ _ _ _ _ _ _ 

&gt;   return _measures.measure(self, v, rf, off)
E   RuntimeError: Cannot convert due to missing frame information

../../opt/anaconda3/envs/rascil37/lib/python3.7/site-packages/casacore/measures/__init__.py:120: RuntimeError</failure></testcase><testcase classname="tests.workflows.test_imaging_deconvolve_rsexecute.TestImagingDeconvolveGraph" file="tests/workflows/test_imaging_deconvolve_rsexecute.py" line="164" name="test_deconvolve_and_restore_cube_mmclean_facets" time="6.040"><failure message="RuntimeError: Cannot convert due to missing frame information">self = &lt;tests.workflows.test_imaging_deconvolve_rsexecute.TestImagingDeconvolveGraph testMethod=test_deconvolve_and_restore_cube_mmclean_facets&gt;

    def test_deconvolve_and_restore_cube_mmclean_facets(self):
&gt;       self.actualSetUp(add_errors=True)

tests/workflows/test_imaging_deconvolve_rsexecute.py:166: 
_ _ _ _ _ _ _ _ _ _ _ _ _ _ _ _ _ _ _ _ _ _ _ _ _ _ _ _ _ _ _ _ _ _ _ _ _ _ _ _ 
tests/workflows/test_imaging_deconvolve_rsexecute.py:107: in actualSetUp
    self.model_imagelist = rsexecute.compute(self.model_imagelist, sync=True)
rascil/workflows/rsexecute/execution_support/rsexecute.py:241: in compute
    future = self.client.compute(value, sync=sync)
../../opt/anaconda3/envs/rascil37/lib/python3.7/site-packages/distributed/client.py:2930: in compute
    result = self.gather(futures)
../../opt/anaconda3/envs/rascil37/lib/python3.7/site-packages/distributed/client.py:1992: in gather
    asynchronous=asynchronous,
../../opt/anaconda3/envs/rascil37/lib/python3.7/site-packages/distributed/client.py:833: in sync
    self.loop, func, *args, callback_timeout=callback_timeout, **kwargs
../../opt/anaconda3/envs/rascil37/lib/python3.7/site-packages/distributed/utils.py:340: in sync
    raise exc.with_traceback(tb)
../../opt/anaconda3/envs/rascil37/lib/python3.7/site-packages/distributed/utils.py:324: in f
    result[0] = yield future
../../opt/anaconda3/envs/rascil37/lib/python3.7/site-packages/tornado/gen.py:735: in run
    value = future.result()
../../opt/anaconda3/envs/rascil37/lib/python3.7/site-packages/distributed/client.py:1851: in _gather
    raise exception.with_traceback(traceback)
../../opt/anaconda3/envs/rascil37/lib/python3.7/site-packages/dask/utils.py:29: in apply
    return func(*args, **kwargs)
rascil/processing_components/simulation/testing_support.py:774: in ingest_unittest_visibility
    phasecentre=phasecentre, weight=1.0, polarisation_frame=vis_pol, zerow=zerow)
rascil/processing_components/visibility/base.py:193: in create_blockvisibility
    stime = calculate_transit_time(config.location, utc_time_zero, phasecentre)
rascil/processing_components/util/geometry.py:119: in calculate_transit_time
    tol=fraction_day)
../../opt/anaconda3/envs/rascil37/lib/python3.7/site-packages/scipy/optimize/_minimize.py:618: in minimize
    callback=callback, **options)
../../opt/anaconda3/envs/rascil37/lib/python3.7/site-packages/scipy/optimize/lbfgsb.py:308: in _minimize_lbfgsb
    finite_diff_rel_step=finite_diff_rel_step)
../../opt/anaconda3/envs/rascil37/lib/python3.7/site-packages/scipy/optimize/optimize.py:262: in _prepare_scalar_function
    finite_diff_rel_step, bounds, epsilon=epsilon)
../../opt/anaconda3/envs/rascil37/lib/python3.7/site-packages/scipy/optimize/_differentiable_functions.py:76: in __init__
    self._update_fun()
../../opt/anaconda3/envs/rascil37/lib/python3.7/site-packages/scipy/optimize/_differentiable_functions.py:166: in _update_fun
    self._update_fun_impl()
../../opt/anaconda3/envs/rascil37/lib/python3.7/site-packages/scipy/optimize/_differentiable_functions.py:73: in update_fun
    self.f = fun_wrapped(self.x)
../../opt/anaconda3/envs/rascil37/lib/python3.7/site-packages/scipy/optimize/_differentiable_functions.py:70: in fun_wrapped
    return fun(x, *args)
rascil/processing_components/util/geometry.py:114: in transit
    return -1 * calculate_azel(location, Time(utc, format='mjd', scale='utc'), direction)[1].value
rascil/processing_components/util/geometry.py:157: in calculate_azel
    casa_azel = dm.measure(casa_direction, 'azel')
_ _ _ _ _ _ _ _ _ _ _ _ _ _ _ _ _ _ _ _ _ _ _ _ _ _ _ _ _ _ _ _ _ _ _ _ _ _ _ _ 

&gt;   return _measures.measure(self, v, rf, off)
E   RuntimeError: Cannot convert due to missing frame information

../../opt/anaconda3/envs/rascil37/lib/python3.7/site-packages/casacore/measures/__init__.py:120: RuntimeError</failure></testcase><testcase classname="tests.workflows.test_imaging_deconvolve_rsexecute.TestImagingDeconvolveGraph" file="tests/workflows/test_imaging_deconvolve_rsexecute.py" line="121" name="test_deconvolve_spectral" time="5.129"><failure message="RuntimeError: Cannot convert due to missing frame information">self = &lt;tests.workflows.test_imaging_deconvolve_rsexecute.TestImagingDeconvolveGraph testMethod=test_deconvolve_spectral&gt;

    def test_deconvolve_spectral(self):
&gt;       self.actualSetUp(add_errors=True)

tests/workflows/test_imaging_deconvolve_rsexecute.py:123: 
_ _ _ _ _ _ _ _ _ _ _ _ _ _ _ _ _ _ _ _ _ _ _ _ _ _ _ _ _ _ _ _ _ _ _ _ _ _ _ _ 
tests/workflows/test_imaging_deconvolve_rsexecute.py:107: in actualSetUp
    self.model_imagelist = rsexecute.compute(self.model_imagelist, sync=True)
rascil/workflows/rsexecute/execution_support/rsexecute.py:241: in compute
    future = self.client.compute(value, sync=sync)
../../opt/anaconda3/envs/rascil37/lib/python3.7/site-packages/distributed/client.py:2930: in compute
    result = self.gather(futures)
../../opt/anaconda3/envs/rascil37/lib/python3.7/site-packages/distributed/client.py:1992: in gather
    asynchronous=asynchronous,
../../opt/anaconda3/envs/rascil37/lib/python3.7/site-packages/distributed/client.py:833: in sync
    self.loop, func, *args, callback_timeout=callback_timeout, **kwargs
../../opt/anaconda3/envs/rascil37/lib/python3.7/site-packages/distributed/utils.py:340: in sync
    raise exc.with_traceback(tb)
../../opt/anaconda3/envs/rascil37/lib/python3.7/site-packages/distributed/utils.py:324: in f
    result[0] = yield future
../../opt/anaconda3/envs/rascil37/lib/python3.7/site-packages/tornado/gen.py:735: in run
    value = future.result()
../../opt/anaconda3/envs/rascil37/lib/python3.7/site-packages/distributed/client.py:1851: in _gather
    raise exception.with_traceback(traceback)
../../opt/anaconda3/envs/rascil37/lib/python3.7/site-packages/dask/utils.py:29: in apply
    return func(*args, **kwargs)
rascil/processing_components/simulation/testing_support.py:774: in ingest_unittest_visibility
    phasecentre=phasecentre, weight=1.0, polarisation_frame=vis_pol, zerow=zerow)
rascil/processing_components/visibility/base.py:193: in create_blockvisibility
    stime = calculate_transit_time(config.location, utc_time_zero, phasecentre)
rascil/processing_components/util/geometry.py:119: in calculate_transit_time
    tol=fraction_day)
../../opt/anaconda3/envs/rascil37/lib/python3.7/site-packages/scipy/optimize/_minimize.py:618: in minimize
    callback=callback, **options)
../../opt/anaconda3/envs/rascil37/lib/python3.7/site-packages/scipy/optimize/lbfgsb.py:308: in _minimize_lbfgsb
    finite_diff_rel_step=finite_diff_rel_step)
../../opt/anaconda3/envs/rascil37/lib/python3.7/site-packages/scipy/optimize/optimize.py:262: in _prepare_scalar_function
    finite_diff_rel_step, bounds, epsilon=epsilon)
../../opt/anaconda3/envs/rascil37/lib/python3.7/site-packages/scipy/optimize/_differentiable_functions.py:76: in __init__
    self._update_fun()
../../opt/anaconda3/envs/rascil37/lib/python3.7/site-packages/scipy/optimize/_differentiable_functions.py:166: in _update_fun
    self._update_fun_impl()
../../opt/anaconda3/envs/rascil37/lib/python3.7/site-packages/scipy/optimize/_differentiable_functions.py:73: in update_fun
    self.f = fun_wrapped(self.x)
../../opt/anaconda3/envs/rascil37/lib/python3.7/site-packages/scipy/optimize/_differentiable_functions.py:70: in fun_wrapped
    return fun(x, *args)
rascil/processing_components/util/geometry.py:114: in transit
    return -1 * calculate_azel(location, Time(utc, format='mjd', scale='utc'), direction)[1].value
rascil/processing_components/util/geometry.py:157: in calculate_azel
    casa_azel = dm.measure(casa_direction, 'azel')
_ _ _ _ _ _ _ _ _ _ _ _ _ _ _ _ _ _ _ _ _ _ _ _ _ _ _ _ _ _ _ _ _ _ _ _ _ _ _ _ 

&gt;   return _measures.measure(self, v, rf, off)
E   RuntimeError: Cannot convert due to missing frame information

../../opt/anaconda3/envs/rascil37/lib/python3.7/site-packages/casacore/measures/__init__.py:120: RuntimeError</failure></testcase><testcase classname="tests.workflows.test_imaging_pipeline_rsexecute.TestImagingPipeline" file="tests/workflows/test_imaging_pipeline_rsexecute.py" line="43" name="test_pipeline" time="6.199"><failure message="RuntimeError: Cannot convert due to missing frame information">self = &lt;tests.workflows.test_imaging_pipeline_rsexecute.TestImagingPipeline testMethod=test_pipeline&gt;

    def test_pipeline(self):
        nfreqwin = 5
        ntimes = 5
        rmax = 300.0
        frequency = numpy.linspace(1e8, 1.2e8, nfreqwin)
        if nfreqwin &gt; 1:
            channel_bandwidth = numpy.array(nfreqwin * [frequency[1] - frequency[0]])
        else:
            channel_bandwidth = numpy.array([2e7])
        times = numpy.linspace(-numpy.pi / 3.0, numpy.pi / 3.0, ntimes)
        phasecentre = SkyCoord(ra=+30.0 * u.deg, dec=-60.0 * u.deg, frame='icrs', equinox='J2000')
    
        bvis_list = simulate_list_rsexecute_workflow('LOWBD2',
                                                     frequency=frequency,
                                                     channel_bandwidth=channel_bandwidth,
                                                     times=times,
                                                     phasecentre=phasecentre,
                                                     order='frequency',
                                                     rmax=rmax, format='blockvis',
                                                     zerow=True)
    
        log.info('%d elements in vis_list' % len(bvis_list))
        log.info('About to make visibility')
&gt;       bvis_list = rsexecute.compute(bvis_list, sync=True)

tests/workflows/test_imaging_pipeline_rsexecute.py:67: 
_ _ _ _ _ _ _ _ _ _ _ _ _ _ _ _ _ _ _ _ _ _ _ _ _ _ _ _ _ _ _ _ _ _ _ _ _ _ _ _ 
rascil/workflows/rsexecute/execution_support/rsexecute.py:241: in compute
    future = self.client.compute(value, sync=sync)
../../opt/anaconda3/envs/rascil37/lib/python3.7/site-packages/distributed/client.py:2930: in compute
    result = self.gather(futures)
../../opt/anaconda3/envs/rascil37/lib/python3.7/site-packages/distributed/client.py:1992: in gather
    asynchronous=asynchronous,
../../opt/anaconda3/envs/rascil37/lib/python3.7/site-packages/distributed/client.py:833: in sync
    self.loop, func, *args, callback_timeout=callback_timeout, **kwargs
../../opt/anaconda3/envs/rascil37/lib/python3.7/site-packages/distributed/utils.py:340: in sync
    raise exc.with_traceback(tb)
../../opt/anaconda3/envs/rascil37/lib/python3.7/site-packages/distributed/utils.py:324: in f
    result[0] = yield future
../../opt/anaconda3/envs/rascil37/lib/python3.7/site-packages/tornado/gen.py:735: in run
    value = future.result()
../../opt/anaconda3/envs/rascil37/lib/python3.7/site-packages/distributed/client.py:1851: in _gather
    raise exception.with_traceback(traceback)
../../opt/anaconda3/envs/rascil37/lib/python3.7/site-packages/dask/utils.py:29: in apply
    return func(*args, **kwargs)
rascil/processing_components/visibility/base.py:193: in create_blockvisibility
    stime = calculate_transit_time(config.location, utc_time_zero, phasecentre)
rascil/processing_components/util/geometry.py:119: in calculate_transit_time
    tol=fraction_day)
../../opt/anaconda3/envs/rascil37/lib/python3.7/site-packages/scipy/optimize/_minimize.py:618: in minimize
    callback=callback, **options)
../../opt/anaconda3/envs/rascil37/lib/python3.7/site-packages/scipy/optimize/lbfgsb.py:308: in _minimize_lbfgsb
    finite_diff_rel_step=finite_diff_rel_step)
../../opt/anaconda3/envs/rascil37/lib/python3.7/site-packages/scipy/optimize/optimize.py:262: in _prepare_scalar_function
    finite_diff_rel_step, bounds, epsilon=epsilon)
../../opt/anaconda3/envs/rascil37/lib/python3.7/site-packages/scipy/optimize/_differentiable_functions.py:76: in __init__
    self._update_fun()
../../opt/anaconda3/envs/rascil37/lib/python3.7/site-packages/scipy/optimize/_differentiable_functions.py:166: in _update_fun
    self._update_fun_impl()
../../opt/anaconda3/envs/rascil37/lib/python3.7/site-packages/scipy/optimize/_differentiable_functions.py:73: in update_fun
    self.f = fun_wrapped(self.x)
../../opt/anaconda3/envs/rascil37/lib/python3.7/site-packages/scipy/optimize/_differentiable_functions.py:70: in fun_wrapped
    return fun(x, *args)
rascil/processing_components/util/geometry.py:114: in transit
    return -1 * calculate_azel(location, Time(utc, format='mjd', scale='utc'), direction)[1].value
rascil/processing_components/util/geometry.py:157: in calculate_azel
    casa_azel = dm.measure(casa_direction, 'azel')
_ _ _ _ _ _ _ _ _ _ _ _ _ _ _ _ _ _ _ _ _ _ _ _ _ _ _ _ _ _ _ _ _ _ _ _ _ _ _ _ 

&gt;   return _measures.measure(self, v, rf, off)
E   RuntimeError: Cannot convert due to missing frame information

../../opt/anaconda3/envs/rascil37/lib/python3.7/site-packages/casacore/measures/__init__.py:120: RuntimeError</failure></testcase><testcase classname="tests.workflows.test_imaging_rsexecute.TestImaging" file="tests/workflows/test_imaging_rsexecute.py" line="227" name="test_invert_2d" time="5.225"><failure message="RuntimeError: Cannot convert due to missing frame information">self = &lt;tests.workflows.test_imaging_rsexecute.TestImaging testMethod=test_invert_2d&gt;

    def test_invert_2d(self):
&gt;       self.actualSetUp(zerow=True)

tests/workflows/test_imaging_rsexecute.py:229: 
_ _ _ _ _ _ _ _ _ _ _ _ _ _ _ _ _ _ _ _ _ _ _ _ _ _ _ _ _ _ _ _ _ _ _ _ _ _ _ _ 
tests/workflows/test_imaging_rsexecute.py:114: in actualSetUp
    self.components_list = rsexecute.compute(self.components_list, sync=True)
rascil/workflows/rsexecute/execution_support/rsexecute.py:241: in compute
    future = self.client.compute(value, sync=sync)
../../opt/anaconda3/envs/rascil37/lib/python3.7/site-packages/distributed/client.py:2930: in compute
    result = self.gather(futures)
../../opt/anaconda3/envs/rascil37/lib/python3.7/site-packages/distributed/client.py:1992: in gather
    asynchronous=asynchronous,
../../opt/anaconda3/envs/rascil37/lib/python3.7/site-packages/distributed/client.py:833: in sync
    self.loop, func, *args, callback_timeout=callback_timeout, **kwargs
../../opt/anaconda3/envs/rascil37/lib/python3.7/site-packages/distributed/utils.py:340: in sync
    raise exc.with_traceback(tb)
../../opt/anaconda3/envs/rascil37/lib/python3.7/site-packages/distributed/utils.py:324: in f
    result[0] = yield future
../../opt/anaconda3/envs/rascil37/lib/python3.7/site-packages/tornado/gen.py:735: in run
    value = future.result()
../../opt/anaconda3/envs/rascil37/lib/python3.7/site-packages/distributed/client.py:1851: in _gather
    raise exception.with_traceback(traceback)
../../opt/anaconda3/envs/rascil37/lib/python3.7/site-packages/dask/utils.py:29: in apply
    return func(*args, **kwargs)
rascil/processing_components/simulation/testing_support.py:774: in ingest_unittest_visibility
    phasecentre=phasecentre, weight=1.0, polarisation_frame=vis_pol, zerow=zerow)
rascil/processing_components/visibility/base.py:193: in create_blockvisibility
    stime = calculate_transit_time(config.location, utc_time_zero, phasecentre)
rascil/processing_components/util/geometry.py:119: in calculate_transit_time
    tol=fraction_day)
../../opt/anaconda3/envs/rascil37/lib/python3.7/site-packages/scipy/optimize/_minimize.py:618: in minimize
    callback=callback, **options)
../../opt/anaconda3/envs/rascil37/lib/python3.7/site-packages/scipy/optimize/lbfgsb.py:308: in _minimize_lbfgsb
    finite_diff_rel_step=finite_diff_rel_step)
../../opt/anaconda3/envs/rascil37/lib/python3.7/site-packages/scipy/optimize/optimize.py:262: in _prepare_scalar_function
    finite_diff_rel_step, bounds, epsilon=epsilon)
../../opt/anaconda3/envs/rascil37/lib/python3.7/site-packages/scipy/optimize/_differentiable_functions.py:76: in __init__
    self._update_fun()
../../opt/anaconda3/envs/rascil37/lib/python3.7/site-packages/scipy/optimize/_differentiable_functions.py:166: in _update_fun
    self._update_fun_impl()
../../opt/anaconda3/envs/rascil37/lib/python3.7/site-packages/scipy/optimize/_differentiable_functions.py:73: in update_fun
    self.f = fun_wrapped(self.x)
../../opt/anaconda3/envs/rascil37/lib/python3.7/site-packages/scipy/optimize/_differentiable_functions.py:70: in fun_wrapped
    return fun(x, *args)
rascil/processing_components/util/geometry.py:114: in transit
    return -1 * calculate_azel(location, Time(utc, format='mjd', scale='utc'), direction)[1].value
rascil/processing_components/util/geometry.py:157: in calculate_azel
    casa_azel = dm.measure(casa_direction, 'azel')
_ _ _ _ _ _ _ _ _ _ _ _ _ _ _ _ _ _ _ _ _ _ _ _ _ _ _ _ _ _ _ _ _ _ _ _ _ _ _ _ 

&gt;   return _measures.measure(self, v, rf, off)
E   RuntimeError: Cannot convert due to missing frame information

../../opt/anaconda3/envs/rascil37/lib/python3.7/site-packages/casacore/measures/__init__.py:120: RuntimeError</failure></testcase><testcase classname="tests.workflows.test_imaging_rsexecute.TestImaging" file="tests/workflows/test_imaging_rsexecute.py" line="231" name="test_invert_2d_psf" time="5.092"><failure message="RuntimeError: Cannot convert due to missing frame information">self = &lt;tests.workflows.test_imaging_rsexecute.TestImaging testMethod=test_invert_2d_psf&gt;

    def test_invert_2d_psf(self):
&gt;       self.actualSetUp(zerow=True)

tests/workflows/test_imaging_rsexecute.py:233: 
_ _ _ _ _ _ _ _ _ _ _ _ _ _ _ _ _ _ _ _ _ _ _ _ _ _ _ _ _ _ _ _ _ _ _ _ _ _ _ _ 
tests/workflows/test_imaging_rsexecute.py:114: in actualSetUp
    self.components_list = rsexecute.compute(self.components_list, sync=True)
rascil/workflows/rsexecute/execution_support/rsexecute.py:241: in compute
    future = self.client.compute(value, sync=sync)
../../opt/anaconda3/envs/rascil37/lib/python3.7/site-packages/distributed/client.py:2930: in compute
    result = self.gather(futures)
../../opt/anaconda3/envs/rascil37/lib/python3.7/site-packages/distributed/client.py:1992: in gather
    asynchronous=asynchronous,
../../opt/anaconda3/envs/rascil37/lib/python3.7/site-packages/distributed/client.py:833: in sync
    self.loop, func, *args, callback_timeout=callback_timeout, **kwargs
../../opt/anaconda3/envs/rascil37/lib/python3.7/site-packages/distributed/utils.py:340: in sync
    raise exc.with_traceback(tb)
../../opt/anaconda3/envs/rascil37/lib/python3.7/site-packages/distributed/utils.py:324: in f
    result[0] = yield future
../../opt/anaconda3/envs/rascil37/lib/python3.7/site-packages/tornado/gen.py:735: in run
    value = future.result()
../../opt/anaconda3/envs/rascil37/lib/python3.7/site-packages/distributed/client.py:1851: in _gather
    raise exception.with_traceback(traceback)
../../opt/anaconda3/envs/rascil37/lib/python3.7/site-packages/dask/utils.py:29: in apply
    return func(*args, **kwargs)
rascil/processing_components/simulation/testing_support.py:774: in ingest_unittest_visibility
    phasecentre=phasecentre, weight=1.0, polarisation_frame=vis_pol, zerow=zerow)
rascil/processing_components/visibility/base.py:193: in create_blockvisibility
    stime = calculate_transit_time(config.location, utc_time_zero, phasecentre)
rascil/processing_components/util/geometry.py:119: in calculate_transit_time
    tol=fraction_day)
../../opt/anaconda3/envs/rascil37/lib/python3.7/site-packages/scipy/optimize/_minimize.py:618: in minimize
    callback=callback, **options)
../../opt/anaconda3/envs/rascil37/lib/python3.7/site-packages/scipy/optimize/lbfgsb.py:308: in _minimize_lbfgsb
    finite_diff_rel_step=finite_diff_rel_step)
../../opt/anaconda3/envs/rascil37/lib/python3.7/site-packages/scipy/optimize/optimize.py:262: in _prepare_scalar_function
    finite_diff_rel_step, bounds, epsilon=epsilon)
../../opt/anaconda3/envs/rascil37/lib/python3.7/site-packages/scipy/optimize/_differentiable_functions.py:76: in __init__
    self._update_fun()
../../opt/anaconda3/envs/rascil37/lib/python3.7/site-packages/scipy/optimize/_differentiable_functions.py:166: in _update_fun
    self._update_fun_impl()
../../opt/anaconda3/envs/rascil37/lib/python3.7/site-packages/scipy/optimize/_differentiable_functions.py:73: in update_fun
    self.f = fun_wrapped(self.x)
../../opt/anaconda3/envs/rascil37/lib/python3.7/site-packages/scipy/optimize/_differentiable_functions.py:70: in fun_wrapped
    return fun(x, *args)
rascil/processing_components/util/geometry.py:114: in transit
    return -1 * calculate_azel(location, Time(utc, format='mjd', scale='utc'), direction)[1].value
rascil/processing_components/util/geometry.py:157: in calculate_azel
    casa_azel = dm.measure(casa_direction, 'azel')
_ _ _ _ _ _ _ _ _ _ _ _ _ _ _ _ _ _ _ _ _ _ _ _ _ _ _ _ _ _ _ _ _ _ _ _ _ _ _ _ 

&gt;   return _measures.measure(self, v, rf, off)
E   RuntimeError: Cannot convert due to missing frame information

../../opt/anaconda3/envs/rascil37/lib/python3.7/site-packages/casacore/measures/__init__.py:120: RuntimeError</failure></testcase><testcase classname="tests.workflows.test_imaging_rsexecute.TestImaging" file="tests/workflows/test_imaging_rsexecute.py" line="241" name="test_invert_2d_robust" time="5.187"><failure message="RuntimeError: Cannot convert due to missing frame information">self = &lt;tests.workflows.test_imaging_rsexecute.TestImaging testMethod=test_invert_2d_robust&gt;

    def test_invert_2d_robust(self):
&gt;       self.actualSetUp(zerow=True)

tests/workflows/test_imaging_rsexecute.py:243: 
_ _ _ _ _ _ _ _ _ _ _ _ _ _ _ _ _ _ _ _ _ _ _ _ _ _ _ _ _ _ _ _ _ _ _ _ _ _ _ _ 
tests/workflows/test_imaging_rsexecute.py:114: in actualSetUp
    self.components_list = rsexecute.compute(self.components_list, sync=True)
rascil/workflows/rsexecute/execution_support/rsexecute.py:241: in compute
    future = self.client.compute(value, sync=sync)
../../opt/anaconda3/envs/rascil37/lib/python3.7/site-packages/distributed/client.py:2930: in compute
    result = self.gather(futures)
../../opt/anaconda3/envs/rascil37/lib/python3.7/site-packages/distributed/client.py:1992: in gather
    asynchronous=asynchronous,
../../opt/anaconda3/envs/rascil37/lib/python3.7/site-packages/distributed/client.py:833: in sync
    self.loop, func, *args, callback_timeout=callback_timeout, **kwargs
../../opt/anaconda3/envs/rascil37/lib/python3.7/site-packages/distributed/utils.py:340: in sync
    raise exc.with_traceback(tb)
../../opt/anaconda3/envs/rascil37/lib/python3.7/site-packages/distributed/utils.py:324: in f
    result[0] = yield future
../../opt/anaconda3/envs/rascil37/lib/python3.7/site-packages/tornado/gen.py:735: in run
    value = future.result()
../../opt/anaconda3/envs/rascil37/lib/python3.7/site-packages/distributed/client.py:1851: in _gather
    raise exception.with_traceback(traceback)
../../opt/anaconda3/envs/rascil37/lib/python3.7/site-packages/dask/utils.py:29: in apply
    return func(*args, **kwargs)
rascil/processing_components/simulation/testing_support.py:774: in ingest_unittest_visibility
    phasecentre=phasecentre, weight=1.0, polarisation_frame=vis_pol, zerow=zerow)
rascil/processing_components/visibility/base.py:193: in create_blockvisibility
    stime = calculate_transit_time(config.location, utc_time_zero, phasecentre)
rascil/processing_components/util/geometry.py:119: in calculate_transit_time
    tol=fraction_day)
../../opt/anaconda3/envs/rascil37/lib/python3.7/site-packages/scipy/optimize/_minimize.py:618: in minimize
    callback=callback, **options)
../../opt/anaconda3/envs/rascil37/lib/python3.7/site-packages/scipy/optimize/lbfgsb.py:308: in _minimize_lbfgsb
    finite_diff_rel_step=finite_diff_rel_step)
../../opt/anaconda3/envs/rascil37/lib/python3.7/site-packages/scipy/optimize/optimize.py:262: in _prepare_scalar_function
    finite_diff_rel_step, bounds, epsilon=epsilon)
../../opt/anaconda3/envs/rascil37/lib/python3.7/site-packages/scipy/optimize/_differentiable_functions.py:76: in __init__
    self._update_fun()
../../opt/anaconda3/envs/rascil37/lib/python3.7/site-packages/scipy/optimize/_differentiable_functions.py:166: in _update_fun
    self._update_fun_impl()
../../opt/anaconda3/envs/rascil37/lib/python3.7/site-packages/scipy/optimize/_differentiable_functions.py:73: in update_fun
    self.f = fun_wrapped(self.x)
../../opt/anaconda3/envs/rascil37/lib/python3.7/site-packages/scipy/optimize/_differentiable_functions.py:70: in fun_wrapped
    return fun(x, *args)
rascil/processing_components/util/geometry.py:114: in transit
    return -1 * calculate_azel(location, Time(utc, format='mjd', scale='utc'), direction)[1].value
rascil/processing_components/util/geometry.py:157: in calculate_azel
    casa_azel = dm.measure(casa_direction, 'azel')
_ _ _ _ _ _ _ _ _ _ _ _ _ _ _ _ _ _ _ _ _ _ _ _ _ _ _ _ _ _ _ _ _ _ _ _ _ _ _ _ 

&gt;   return _measures.measure(self, v, rf, off)
E   RuntimeError: Cannot convert due to missing frame information

../../opt/anaconda3/envs/rascil37/lib/python3.7/site-packages/casacore/measures/__init__.py:120: RuntimeError</failure></testcase><testcase classname="tests.workflows.test_imaging_rsexecute.TestImaging" file="tests/workflows/test_imaging_rsexecute.py" line="235" name="test_invert_2d_uniform" time="5.173"><failure message="RuntimeError: Cannot convert due to missing frame information">self = &lt;tests.workflows.test_imaging_rsexecute.TestImaging testMethod=test_invert_2d_uniform&gt;

    def test_invert_2d_uniform(self):
&gt;       self.actualSetUp(zerow=True)

tests/workflows/test_imaging_rsexecute.py:237: 
_ _ _ _ _ _ _ _ _ _ _ _ _ _ _ _ _ _ _ _ _ _ _ _ _ _ _ _ _ _ _ _ _ _ _ _ _ _ _ _ 
tests/workflows/test_imaging_rsexecute.py:114: in actualSetUp
    self.components_list = rsexecute.compute(self.components_list, sync=True)
rascil/workflows/rsexecute/execution_support/rsexecute.py:241: in compute
    future = self.client.compute(value, sync=sync)
../../opt/anaconda3/envs/rascil37/lib/python3.7/site-packages/distributed/client.py:2930: in compute
    result = self.gather(futures)
../../opt/anaconda3/envs/rascil37/lib/python3.7/site-packages/distributed/client.py:1992: in gather
    asynchronous=asynchronous,
../../opt/anaconda3/envs/rascil37/lib/python3.7/site-packages/distributed/client.py:833: in sync
    self.loop, func, *args, callback_timeout=callback_timeout, **kwargs
../../opt/anaconda3/envs/rascil37/lib/python3.7/site-packages/distributed/utils.py:340: in sync
    raise exc.with_traceback(tb)
../../opt/anaconda3/envs/rascil37/lib/python3.7/site-packages/distributed/utils.py:324: in f
    result[0] = yield future
../../opt/anaconda3/envs/rascil37/lib/python3.7/site-packages/tornado/gen.py:735: in run
    value = future.result()
../../opt/anaconda3/envs/rascil37/lib/python3.7/site-packages/distributed/client.py:1851: in _gather
    raise exception.with_traceback(traceback)
../../opt/anaconda3/envs/rascil37/lib/python3.7/site-packages/dask/utils.py:29: in apply
    return func(*args, **kwargs)
rascil/processing_components/simulation/testing_support.py:774: in ingest_unittest_visibility
    phasecentre=phasecentre, weight=1.0, polarisation_frame=vis_pol, zerow=zerow)
rascil/processing_components/visibility/base.py:193: in create_blockvisibility
    stime = calculate_transit_time(config.location, utc_time_zero, phasecentre)
rascil/processing_components/util/geometry.py:119: in calculate_transit_time
    tol=fraction_day)
../../opt/anaconda3/envs/rascil37/lib/python3.7/site-packages/scipy/optimize/_minimize.py:618: in minimize
    callback=callback, **options)
../../opt/anaconda3/envs/rascil37/lib/python3.7/site-packages/scipy/optimize/lbfgsb.py:308: in _minimize_lbfgsb
    finite_diff_rel_step=finite_diff_rel_step)
../../opt/anaconda3/envs/rascil37/lib/python3.7/site-packages/scipy/optimize/optimize.py:262: in _prepare_scalar_function
    finite_diff_rel_step, bounds, epsilon=epsilon)
../../opt/anaconda3/envs/rascil37/lib/python3.7/site-packages/scipy/optimize/_differentiable_functions.py:76: in __init__
    self._update_fun()
../../opt/anaconda3/envs/rascil37/lib/python3.7/site-packages/scipy/optimize/_differentiable_functions.py:166: in _update_fun
    self._update_fun_impl()
../../opt/anaconda3/envs/rascil37/lib/python3.7/site-packages/scipy/optimize/_differentiable_functions.py:73: in update_fun
    self.f = fun_wrapped(self.x)
../../opt/anaconda3/envs/rascil37/lib/python3.7/site-packages/scipy/optimize/_differentiable_functions.py:70: in fun_wrapped
    return fun(x, *args)
rascil/processing_components/util/geometry.py:114: in transit
    return -1 * calculate_azel(location, Time(utc, format='mjd', scale='utc'), direction)[1].value
rascil/processing_components/util/geometry.py:157: in calculate_azel
    casa_azel = dm.measure(casa_direction, 'azel')
_ _ _ _ _ _ _ _ _ _ _ _ _ _ _ _ _ _ _ _ _ _ _ _ _ _ _ _ _ _ _ _ _ _ _ _ _ _ _ _ 

&gt;   return _measures.measure(self, v, rf, off)
E   RuntimeError: Cannot convert due to missing frame information

../../opt/anaconda3/envs/rascil37/lib/python3.7/site-packages/casacore/measures/__init__.py:120: RuntimeError</failure></testcase><testcase classname="tests.workflows.test_imaging_rsexecute.TestImaging" file="tests/workflows/test_imaging_rsexecute.py" line="247" name="test_invert_2d_uniform_nogcfcf" time="5.133"><failure message="RuntimeError: Cannot convert due to missing frame information">self = &lt;tests.workflows.test_imaging_rsexecute.TestImaging testMethod=test_invert_2d_uniform_nogcfcf&gt;

    def test_invert_2d_uniform_nogcfcf(self):
&gt;       self.actualSetUp(zerow=True)

tests/workflows/test_imaging_rsexecute.py:249: 
_ _ _ _ _ _ _ _ _ _ _ _ _ _ _ _ _ _ _ _ _ _ _ _ _ _ _ _ _ _ _ _ _ _ _ _ _ _ _ _ 
tests/workflows/test_imaging_rsexecute.py:114: in actualSetUp
    self.components_list = rsexecute.compute(self.components_list, sync=True)
rascil/workflows/rsexecute/execution_support/rsexecute.py:241: in compute
    future = self.client.compute(value, sync=sync)
../../opt/anaconda3/envs/rascil37/lib/python3.7/site-packages/distributed/client.py:2930: in compute
    result = self.gather(futures)
../../opt/anaconda3/envs/rascil37/lib/python3.7/site-packages/distributed/client.py:1992: in gather
    asynchronous=asynchronous,
../../opt/anaconda3/envs/rascil37/lib/python3.7/site-packages/distributed/client.py:833: in sync
    self.loop, func, *args, callback_timeout=callback_timeout, **kwargs
../../opt/anaconda3/envs/rascil37/lib/python3.7/site-packages/distributed/utils.py:340: in sync
    raise exc.with_traceback(tb)
../../opt/anaconda3/envs/rascil37/lib/python3.7/site-packages/distributed/utils.py:324: in f
    result[0] = yield future
../../opt/anaconda3/envs/rascil37/lib/python3.7/site-packages/tornado/gen.py:735: in run
    value = future.result()
../../opt/anaconda3/envs/rascil37/lib/python3.7/site-packages/distributed/client.py:1851: in _gather
    raise exception.with_traceback(traceback)
../../opt/anaconda3/envs/rascil37/lib/python3.7/site-packages/dask/utils.py:29: in apply
    return func(*args, **kwargs)
rascil/processing_components/simulation/testing_support.py:774: in ingest_unittest_visibility
    phasecentre=phasecentre, weight=1.0, polarisation_frame=vis_pol, zerow=zerow)
rascil/processing_components/visibility/base.py:193: in create_blockvisibility
    stime = calculate_transit_time(config.location, utc_time_zero, phasecentre)
rascil/processing_components/util/geometry.py:119: in calculate_transit_time
    tol=fraction_day)
../../opt/anaconda3/envs/rascil37/lib/python3.7/site-packages/scipy/optimize/_minimize.py:618: in minimize
    callback=callback, **options)
../../opt/anaconda3/envs/rascil37/lib/python3.7/site-packages/scipy/optimize/lbfgsb.py:308: in _minimize_lbfgsb
    finite_diff_rel_step=finite_diff_rel_step)
../../opt/anaconda3/envs/rascil37/lib/python3.7/site-packages/scipy/optimize/optimize.py:262: in _prepare_scalar_function
    finite_diff_rel_step, bounds, epsilon=epsilon)
../../opt/anaconda3/envs/rascil37/lib/python3.7/site-packages/scipy/optimize/_differentiable_functions.py:76: in __init__
    self._update_fun()
../../opt/anaconda3/envs/rascil37/lib/python3.7/site-packages/scipy/optimize/_differentiable_functions.py:166: in _update_fun
    self._update_fun_impl()
../../opt/anaconda3/envs/rascil37/lib/python3.7/site-packages/scipy/optimize/_differentiable_functions.py:73: in update_fun
    self.f = fun_wrapped(self.x)
../../opt/anaconda3/envs/rascil37/lib/python3.7/site-packages/scipy/optimize/_differentiable_functions.py:70: in fun_wrapped
    return fun(x, *args)
rascil/processing_components/util/geometry.py:114: in transit
    return -1 * calculate_azel(location, Time(utc, format='mjd', scale='utc'), direction)[1].value
rascil/processing_components/util/geometry.py:157: in calculate_azel
    casa_azel = dm.measure(casa_direction, 'azel')
_ _ _ _ _ _ _ _ _ _ _ _ _ _ _ _ _ _ _ _ _ _ _ _ _ _ _ _ _ _ _ _ _ _ _ _ _ _ _ _ 

&gt;   return _measures.measure(self, v, rf, off)
E   RuntimeError: Cannot convert due to missing frame information

../../opt/anaconda3/envs/rascil37/lib/python3.7/site-packages/casacore/measures/__init__.py:120: RuntimeError</failure></testcase><testcase classname="tests.workflows.test_imaging_rsexecute.TestImaging" file="tests/workflows/test_imaging_rsexecute.py" line="253" name="test_invert_ng" time="5.025"><failure message="RuntimeError: Cannot convert due to missing frame information">self = &lt;tests.workflows.test_imaging_rsexecute.TestImaging testMethod=test_invert_ng&gt;

    @unittest.skipUnless(run_ng_tests, "requires the nifty_gridder module")
    def test_invert_ng(self):
&gt;       self.actualSetUp()

tests/workflows/test_imaging_rsexecute.py:256: 
_ _ _ _ _ _ _ _ _ _ _ _ _ _ _ _ _ _ _ _ _ _ _ _ _ _ _ _ _ _ _ _ _ _ _ _ _ _ _ _ 
tests/workflows/test_imaging_rsexecute.py:114: in actualSetUp
    self.components_list = rsexecute.compute(self.components_list, sync=True)
rascil/workflows/rsexecute/execution_support/rsexecute.py:241: in compute
    future = self.client.compute(value, sync=sync)
../../opt/anaconda3/envs/rascil37/lib/python3.7/site-packages/distributed/client.py:2930: in compute
    result = self.gather(futures)
../../opt/anaconda3/envs/rascil37/lib/python3.7/site-packages/distributed/client.py:1992: in gather
    asynchronous=asynchronous,
../../opt/anaconda3/envs/rascil37/lib/python3.7/site-packages/distributed/client.py:833: in sync
    self.loop, func, *args, callback_timeout=callback_timeout, **kwargs
../../opt/anaconda3/envs/rascil37/lib/python3.7/site-packages/distributed/utils.py:340: in sync
    raise exc.with_traceback(tb)
../../opt/anaconda3/envs/rascil37/lib/python3.7/site-packages/distributed/utils.py:324: in f
    result[0] = yield future
../../opt/anaconda3/envs/rascil37/lib/python3.7/site-packages/tornado/gen.py:735: in run
    value = future.result()
../../opt/anaconda3/envs/rascil37/lib/python3.7/site-packages/distributed/client.py:1851: in _gather
    raise exception.with_traceback(traceback)
../../opt/anaconda3/envs/rascil37/lib/python3.7/site-packages/dask/utils.py:29: in apply
    return func(*args, **kwargs)
rascil/processing_components/simulation/testing_support.py:774: in ingest_unittest_visibility
    phasecentre=phasecentre, weight=1.0, polarisation_frame=vis_pol, zerow=zerow)
rascil/processing_components/visibility/base.py:193: in create_blockvisibility
    stime = calculate_transit_time(config.location, utc_time_zero, phasecentre)
rascil/processing_components/util/geometry.py:119: in calculate_transit_time
    tol=fraction_day)
../../opt/anaconda3/envs/rascil37/lib/python3.7/site-packages/scipy/optimize/_minimize.py:618: in minimize
    callback=callback, **options)
../../opt/anaconda3/envs/rascil37/lib/python3.7/site-packages/scipy/optimize/lbfgsb.py:308: in _minimize_lbfgsb
    finite_diff_rel_step=finite_diff_rel_step)
../../opt/anaconda3/envs/rascil37/lib/python3.7/site-packages/scipy/optimize/optimize.py:262: in _prepare_scalar_function
    finite_diff_rel_step, bounds, epsilon=epsilon)
../../opt/anaconda3/envs/rascil37/lib/python3.7/site-packages/scipy/optimize/_differentiable_functions.py:76: in __init__
    self._update_fun()
../../opt/anaconda3/envs/rascil37/lib/python3.7/site-packages/scipy/optimize/_differentiable_functions.py:166: in _update_fun
    self._update_fun_impl()
../../opt/anaconda3/envs/rascil37/lib/python3.7/site-packages/scipy/optimize/_differentiable_functions.py:73: in update_fun
    self.f = fun_wrapped(self.x)
../../opt/anaconda3/envs/rascil37/lib/python3.7/site-packages/scipy/optimize/_differentiable_functions.py:70: in fun_wrapped
    return fun(x, *args)
rascil/processing_components/util/geometry.py:114: in transit
    return -1 * calculate_azel(location, Time(utc, format='mjd', scale='utc'), direction)[1].value
rascil/processing_components/util/geometry.py:157: in calculate_azel
    casa_azel = dm.measure(casa_direction, 'azel')
_ _ _ _ _ _ _ _ _ _ _ _ _ _ _ _ _ _ _ _ _ _ _ _ _ _ _ _ _ _ _ _ _ _ _ _ _ _ _ _ 

&gt;   return _measures.measure(self, v, rf, off)
E   RuntimeError: Cannot convert due to missing frame information

../../opt/anaconda3/envs/rascil37/lib/python3.7/site-packages/casacore/measures/__init__.py:120: RuntimeError</failure></testcase><testcase classname="tests.workflows.test_imaging_rsexecute.TestImaging" file="tests/workflows/test_imaging_rsexecute.py" line="258" name="test_invert_wprojection" time="5.155"><failure message="RuntimeError: Cannot convert due to missing frame information">self = &lt;tests.workflows.test_imaging_rsexecute.TestImaging testMethod=test_invert_wprojection&gt;

    def test_invert_wprojection(self):
&gt;       self.actualSetUp(makegcfcf=True)

tests/workflows/test_imaging_rsexecute.py:260: 
_ _ _ _ _ _ _ _ _ _ _ _ _ _ _ _ _ _ _ _ _ _ _ _ _ _ _ _ _ _ _ _ _ _ _ _ _ _ _ _ 
tests/workflows/test_imaging_rsexecute.py:114: in actualSetUp
    self.components_list = rsexecute.compute(self.components_list, sync=True)
rascil/workflows/rsexecute/execution_support/rsexecute.py:241: in compute
    future = self.client.compute(value, sync=sync)
../../opt/anaconda3/envs/rascil37/lib/python3.7/site-packages/distributed/client.py:2930: in compute
    result = self.gather(futures)
../../opt/anaconda3/envs/rascil37/lib/python3.7/site-packages/distributed/client.py:1992: in gather
    asynchronous=asynchronous,
../../opt/anaconda3/envs/rascil37/lib/python3.7/site-packages/distributed/client.py:833: in sync
    self.loop, func, *args, callback_timeout=callback_timeout, **kwargs
../../opt/anaconda3/envs/rascil37/lib/python3.7/site-packages/distributed/utils.py:340: in sync
    raise exc.with_traceback(tb)
../../opt/anaconda3/envs/rascil37/lib/python3.7/site-packages/distributed/utils.py:324: in f
    result[0] = yield future
../../opt/anaconda3/envs/rascil37/lib/python3.7/site-packages/tornado/gen.py:735: in run
    value = future.result()
../../opt/anaconda3/envs/rascil37/lib/python3.7/site-packages/distributed/client.py:1851: in _gather
    raise exception.with_traceback(traceback)
../../opt/anaconda3/envs/rascil37/lib/python3.7/site-packages/dask/utils.py:29: in apply
    return func(*args, **kwargs)
rascil/processing_components/simulation/testing_support.py:774: in ingest_unittest_visibility
    phasecentre=phasecentre, weight=1.0, polarisation_frame=vis_pol, zerow=zerow)
rascil/processing_components/visibility/base.py:193: in create_blockvisibility
    stime = calculate_transit_time(config.location, utc_time_zero, phasecentre)
rascil/processing_components/util/geometry.py:119: in calculate_transit_time
    tol=fraction_day)
../../opt/anaconda3/envs/rascil37/lib/python3.7/site-packages/scipy/optimize/_minimize.py:618: in minimize
    callback=callback, **options)
../../opt/anaconda3/envs/rascil37/lib/python3.7/site-packages/scipy/optimize/lbfgsb.py:308: in _minimize_lbfgsb
    finite_diff_rel_step=finite_diff_rel_step)
../../opt/anaconda3/envs/rascil37/lib/python3.7/site-packages/scipy/optimize/optimize.py:262: in _prepare_scalar_function
    finite_diff_rel_step, bounds, epsilon=epsilon)
../../opt/anaconda3/envs/rascil37/lib/python3.7/site-packages/scipy/optimize/_differentiable_functions.py:76: in __init__
    self._update_fun()
../../opt/anaconda3/envs/rascil37/lib/python3.7/site-packages/scipy/optimize/_differentiable_functions.py:166: in _update_fun
    self._update_fun_impl()
../../opt/anaconda3/envs/rascil37/lib/python3.7/site-packages/scipy/optimize/_differentiable_functions.py:73: in update_fun
    self.f = fun_wrapped(self.x)
../../opt/anaconda3/envs/rascil37/lib/python3.7/site-packages/scipy/optimize/_differentiable_functions.py:70: in fun_wrapped
    return fun(x, *args)
rascil/processing_components/util/geometry.py:114: in transit
    return -1 * calculate_azel(location, Time(utc, format='mjd', scale='utc'), direction)[1].value
rascil/processing_components/util/geometry.py:157: in calculate_azel
    casa_azel = dm.measure(casa_direction, 'azel')
_ _ _ _ _ _ _ _ _ _ _ _ _ _ _ _ _ _ _ _ _ _ _ _ _ _ _ _ _ _ _ _ _ _ _ _ _ _ _ _ 

&gt;   return _measures.measure(self, v, rf, off)
E   RuntimeError: Cannot convert due to missing frame information

../../opt/anaconda3/envs/rascil37/lib/python3.7/site-packages/casacore/measures/__init__.py:120: RuntimeError</failure></testcase><testcase classname="tests.workflows.test_imaging_rsexecute.TestImaging" file="tests/workflows/test_imaging_rsexecute.py" line="262" name="test_invert_wprojection_clip" time="5.077"><failure message="RuntimeError: Cannot convert due to missing frame information">self = &lt;tests.workflows.test_imaging_rsexecute.TestImaging testMethod=test_invert_wprojection_clip&gt;

    def test_invert_wprojection_clip(self):
&gt;       self.actualSetUp(makegcfcf=True)

tests/workflows/test_imaging_rsexecute.py:264: 
_ _ _ _ _ _ _ _ _ _ _ _ _ _ _ _ _ _ _ _ _ _ _ _ _ _ _ _ _ _ _ _ _ _ _ _ _ _ _ _ 
tests/workflows/test_imaging_rsexecute.py:114: in actualSetUp
    self.components_list = rsexecute.compute(self.components_list, sync=True)
rascil/workflows/rsexecute/execution_support/rsexecute.py:241: in compute
    future = self.client.compute(value, sync=sync)
../../opt/anaconda3/envs/rascil37/lib/python3.7/site-packages/distributed/client.py:2930: in compute
    result = self.gather(futures)
../../opt/anaconda3/envs/rascil37/lib/python3.7/site-packages/distributed/client.py:1992: in gather
    asynchronous=asynchronous,
../../opt/anaconda3/envs/rascil37/lib/python3.7/site-packages/distributed/client.py:833: in sync
    self.loop, func, *args, callback_timeout=callback_timeout, **kwargs
../../opt/anaconda3/envs/rascil37/lib/python3.7/site-packages/distributed/utils.py:340: in sync
    raise exc.with_traceback(tb)
../../opt/anaconda3/envs/rascil37/lib/python3.7/site-packages/distributed/utils.py:324: in f
    result[0] = yield future
../../opt/anaconda3/envs/rascil37/lib/python3.7/site-packages/tornado/gen.py:735: in run
    value = future.result()
../../opt/anaconda3/envs/rascil37/lib/python3.7/site-packages/distributed/client.py:1851: in _gather
    raise exception.with_traceback(traceback)
../../opt/anaconda3/envs/rascil37/lib/python3.7/site-packages/dask/utils.py:29: in apply
    return func(*args, **kwargs)
rascil/processing_components/simulation/testing_support.py:774: in ingest_unittest_visibility
    phasecentre=phasecentre, weight=1.0, polarisation_frame=vis_pol, zerow=zerow)
rascil/processing_components/visibility/base.py:193: in create_blockvisibility
    stime = calculate_transit_time(config.location, utc_time_zero, phasecentre)
rascil/processing_components/util/geometry.py:119: in calculate_transit_time
    tol=fraction_day)
../../opt/anaconda3/envs/rascil37/lib/python3.7/site-packages/scipy/optimize/_minimize.py:618: in minimize
    callback=callback, **options)
../../opt/anaconda3/envs/rascil37/lib/python3.7/site-packages/scipy/optimize/lbfgsb.py:308: in _minimize_lbfgsb
    finite_diff_rel_step=finite_diff_rel_step)
../../opt/anaconda3/envs/rascil37/lib/python3.7/site-packages/scipy/optimize/optimize.py:262: in _prepare_scalar_function
    finite_diff_rel_step, bounds, epsilon=epsilon)
../../opt/anaconda3/envs/rascil37/lib/python3.7/site-packages/scipy/optimize/_differentiable_functions.py:76: in __init__
    self._update_fun()
../../opt/anaconda3/envs/rascil37/lib/python3.7/site-packages/scipy/optimize/_differentiable_functions.py:166: in _update_fun
    self._update_fun_impl()
../../opt/anaconda3/envs/rascil37/lib/python3.7/site-packages/scipy/optimize/_differentiable_functions.py:73: in update_fun
    self.f = fun_wrapped(self.x)
../../opt/anaconda3/envs/rascil37/lib/python3.7/site-packages/scipy/optimize/_differentiable_functions.py:70: in fun_wrapped
    return fun(x, *args)
rascil/processing_components/util/geometry.py:114: in transit
    return -1 * calculate_azel(location, Time(utc, format='mjd', scale='utc'), direction)[1].value
rascil/processing_components/util/geometry.py:157: in calculate_azel
    casa_azel = dm.measure(casa_direction, 'azel')
_ _ _ _ _ _ _ _ _ _ _ _ _ _ _ _ _ _ _ _ _ _ _ _ _ _ _ _ _ _ _ _ _ _ _ _ _ _ _ _ 

&gt;   return _measures.measure(self, v, rf, off)
E   RuntimeError: Cannot convert due to missing frame information

../../opt/anaconda3/envs/rascil37/lib/python3.7/site-packages/casacore/measures/__init__.py:120: RuntimeError</failure></testcase><testcase classname="tests.workflows.test_imaging_rsexecute.TestImaging" file="tests/workflows/test_imaging_rsexecute.py" line="210" name="test_predict_2d" time="5.051"><failure message="RuntimeError: Cannot convert due to missing frame information">self = &lt;tests.workflows.test_imaging_rsexecute.TestImaging testMethod=test_predict_2d&gt;

    def test_predict_2d(self):
&gt;       self.actualSetUp(zerow=True)

tests/workflows/test_imaging_rsexecute.py:212: 
_ _ _ _ _ _ _ _ _ _ _ _ _ _ _ _ _ _ _ _ _ _ _ _ _ _ _ _ _ _ _ _ _ _ _ _ _ _ _ _ 
tests/workflows/test_imaging_rsexecute.py:114: in actualSetUp
    self.components_list = rsexecute.compute(self.components_list, sync=True)
rascil/workflows/rsexecute/execution_support/rsexecute.py:241: in compute
    future = self.client.compute(value, sync=sync)
../../opt/anaconda3/envs/rascil37/lib/python3.7/site-packages/distributed/client.py:2930: in compute
    result = self.gather(futures)
../../opt/anaconda3/envs/rascil37/lib/python3.7/site-packages/distributed/client.py:1992: in gather
    asynchronous=asynchronous,
../../opt/anaconda3/envs/rascil37/lib/python3.7/site-packages/distributed/client.py:833: in sync
    self.loop, func, *args, callback_timeout=callback_timeout, **kwargs
../../opt/anaconda3/envs/rascil37/lib/python3.7/site-packages/distributed/utils.py:340: in sync
    raise exc.with_traceback(tb)
../../opt/anaconda3/envs/rascil37/lib/python3.7/site-packages/distributed/utils.py:324: in f
    result[0] = yield future
../../opt/anaconda3/envs/rascil37/lib/python3.7/site-packages/tornado/gen.py:735: in run
    value = future.result()
../../opt/anaconda3/envs/rascil37/lib/python3.7/site-packages/distributed/client.py:1851: in _gather
    raise exception.with_traceback(traceback)
../../opt/anaconda3/envs/rascil37/lib/python3.7/site-packages/dask/utils.py:29: in apply
    return func(*args, **kwargs)
rascil/processing_components/simulation/testing_support.py:774: in ingest_unittest_visibility
    phasecentre=phasecentre, weight=1.0, polarisation_frame=vis_pol, zerow=zerow)
rascil/processing_components/visibility/base.py:193: in create_blockvisibility
    stime = calculate_transit_time(config.location, utc_time_zero, phasecentre)
rascil/processing_components/util/geometry.py:119: in calculate_transit_time
    tol=fraction_day)
../../opt/anaconda3/envs/rascil37/lib/python3.7/site-packages/scipy/optimize/_minimize.py:618: in minimize
    callback=callback, **options)
../../opt/anaconda3/envs/rascil37/lib/python3.7/site-packages/scipy/optimize/lbfgsb.py:308: in _minimize_lbfgsb
    finite_diff_rel_step=finite_diff_rel_step)
../../opt/anaconda3/envs/rascil37/lib/python3.7/site-packages/scipy/optimize/optimize.py:262: in _prepare_scalar_function
    finite_diff_rel_step, bounds, epsilon=epsilon)
../../opt/anaconda3/envs/rascil37/lib/python3.7/site-packages/scipy/optimize/_differentiable_functions.py:76: in __init__
    self._update_fun()
../../opt/anaconda3/envs/rascil37/lib/python3.7/site-packages/scipy/optimize/_differentiable_functions.py:166: in _update_fun
    self._update_fun_impl()
../../opt/anaconda3/envs/rascil37/lib/python3.7/site-packages/scipy/optimize/_differentiable_functions.py:73: in update_fun
    self.f = fun_wrapped(self.x)
../../opt/anaconda3/envs/rascil37/lib/python3.7/site-packages/scipy/optimize/_differentiable_functions.py:70: in fun_wrapped
    return fun(x, *args)
rascil/processing_components/util/geometry.py:114: in transit
    return -1 * calculate_azel(location, Time(utc, format='mjd', scale='utc'), direction)[1].value
rascil/processing_components/util/geometry.py:157: in calculate_azel
    casa_azel = dm.measure(casa_direction, 'azel')
_ _ _ _ _ _ _ _ _ _ _ _ _ _ _ _ _ _ _ _ _ _ _ _ _ _ _ _ _ _ _ _ _ _ _ _ _ _ _ _ 

&gt;   return _measures.measure(self, v, rf, off)
E   RuntimeError: Cannot convert due to missing frame information

../../opt/anaconda3/envs/rascil37/lib/python3.7/site-packages/casacore/measures/__init__.py:120: RuntimeError</failure></testcase><testcase classname="tests.workflows.test_imaging_rsexecute.TestImaging" file="tests/workflows/test_imaging_rsexecute.py" line="214" name="test_predict_ng" time="4.991"><failure message="RuntimeError: Cannot convert due to missing frame information">self = &lt;tests.workflows.test_imaging_rsexecute.TestImaging testMethod=test_predict_ng&gt;

    @unittest.skipUnless(run_ng_tests, "requires the nifty_gridder module")
    def test_predict_ng(self):
&gt;       self.actualSetUp()

tests/workflows/test_imaging_rsexecute.py:217: 
_ _ _ _ _ _ _ _ _ _ _ _ _ _ _ _ _ _ _ _ _ _ _ _ _ _ _ _ _ _ _ _ _ _ _ _ _ _ _ _ 
tests/workflows/test_imaging_rsexecute.py:114: in actualSetUp
    self.components_list = rsexecute.compute(self.components_list, sync=True)
rascil/workflows/rsexecute/execution_support/rsexecute.py:241: in compute
    future = self.client.compute(value, sync=sync)
../../opt/anaconda3/envs/rascil37/lib/python3.7/site-packages/distributed/client.py:2930: in compute
    result = self.gather(futures)
../../opt/anaconda3/envs/rascil37/lib/python3.7/site-packages/distributed/client.py:1992: in gather
    asynchronous=asynchronous,
../../opt/anaconda3/envs/rascil37/lib/python3.7/site-packages/distributed/client.py:833: in sync
    self.loop, func, *args, callback_timeout=callback_timeout, **kwargs
../../opt/anaconda3/envs/rascil37/lib/python3.7/site-packages/distributed/utils.py:340: in sync
    raise exc.with_traceback(tb)
../../opt/anaconda3/envs/rascil37/lib/python3.7/site-packages/distributed/utils.py:324: in f
    result[0] = yield future
../../opt/anaconda3/envs/rascil37/lib/python3.7/site-packages/tornado/gen.py:735: in run
    value = future.result()
../../opt/anaconda3/envs/rascil37/lib/python3.7/site-packages/distributed/client.py:1851: in _gather
    raise exception.with_traceback(traceback)
../../opt/anaconda3/envs/rascil37/lib/python3.7/site-packages/dask/utils.py:29: in apply
    return func(*args, **kwargs)
rascil/processing_components/simulation/testing_support.py:774: in ingest_unittest_visibility
    phasecentre=phasecentre, weight=1.0, polarisation_frame=vis_pol, zerow=zerow)
rascil/processing_components/visibility/base.py:193: in create_blockvisibility
    stime = calculate_transit_time(config.location, utc_time_zero, phasecentre)
rascil/processing_components/util/geometry.py:119: in calculate_transit_time
    tol=fraction_day)
../../opt/anaconda3/envs/rascil37/lib/python3.7/site-packages/scipy/optimize/_minimize.py:618: in minimize
    callback=callback, **options)
../../opt/anaconda3/envs/rascil37/lib/python3.7/site-packages/scipy/optimize/lbfgsb.py:308: in _minimize_lbfgsb
    finite_diff_rel_step=finite_diff_rel_step)
../../opt/anaconda3/envs/rascil37/lib/python3.7/site-packages/scipy/optimize/optimize.py:262: in _prepare_scalar_function
    finite_diff_rel_step, bounds, epsilon=epsilon)
../../opt/anaconda3/envs/rascil37/lib/python3.7/site-packages/scipy/optimize/_differentiable_functions.py:76: in __init__
    self._update_fun()
../../opt/anaconda3/envs/rascil37/lib/python3.7/site-packages/scipy/optimize/_differentiable_functions.py:166: in _update_fun
    self._update_fun_impl()
../../opt/anaconda3/envs/rascil37/lib/python3.7/site-packages/scipy/optimize/_differentiable_functions.py:73: in update_fun
    self.f = fun_wrapped(self.x)
../../opt/anaconda3/envs/rascil37/lib/python3.7/site-packages/scipy/optimize/_differentiable_functions.py:70: in fun_wrapped
    return fun(x, *args)
rascil/processing_components/util/geometry.py:114: in transit
    return -1 * calculate_azel(location, Time(utc, format='mjd', scale='utc'), direction)[1].value
rascil/processing_components/util/geometry.py:157: in calculate_azel
    casa_azel = dm.measure(casa_direction, 'azel')
_ _ _ _ _ _ _ _ _ _ _ _ _ _ _ _ _ _ _ _ _ _ _ _ _ _ _ _ _ _ _ _ _ _ _ _ _ _ _ _ 

&gt;   return _measures.measure(self, v, rf, off)
E   RuntimeError: Cannot convert due to missing frame information

../../opt/anaconda3/envs/rascil37/lib/python3.7/site-packages/casacore/measures/__init__.py:120: RuntimeError</failure></testcase><testcase classname="tests.workflows.test_imaging_rsexecute.TestImaging" file="tests/workflows/test_imaging_rsexecute.py" line="219" name="test_predict_wprojection" time="5.031"><failure message="RuntimeError: Cannot convert due to missing frame information">self = &lt;tests.workflows.test_imaging_rsexecute.TestImaging testMethod=test_predict_wprojection&gt;

    def test_predict_wprojection(self):
&gt;       self.actualSetUp(makegcfcf=True)

tests/workflows/test_imaging_rsexecute.py:221: 
_ _ _ _ _ _ _ _ _ _ _ _ _ _ _ _ _ _ _ _ _ _ _ _ _ _ _ _ _ _ _ _ _ _ _ _ _ _ _ _ 
tests/workflows/test_imaging_rsexecute.py:114: in actualSetUp
    self.components_list = rsexecute.compute(self.components_list, sync=True)
rascil/workflows/rsexecute/execution_support/rsexecute.py:241: in compute
    future = self.client.compute(value, sync=sync)
../../opt/anaconda3/envs/rascil37/lib/python3.7/site-packages/distributed/client.py:2930: in compute
    result = self.gather(futures)
../../opt/anaconda3/envs/rascil37/lib/python3.7/site-packages/distributed/client.py:1992: in gather
    asynchronous=asynchronous,
../../opt/anaconda3/envs/rascil37/lib/python3.7/site-packages/distributed/client.py:833: in sync
    self.loop, func, *args, callback_timeout=callback_timeout, **kwargs
../../opt/anaconda3/envs/rascil37/lib/python3.7/site-packages/distributed/utils.py:340: in sync
    raise exc.with_traceback(tb)
../../opt/anaconda3/envs/rascil37/lib/python3.7/site-packages/distributed/utils.py:324: in f
    result[0] = yield future
../../opt/anaconda3/envs/rascil37/lib/python3.7/site-packages/tornado/gen.py:735: in run
    value = future.result()
../../opt/anaconda3/envs/rascil37/lib/python3.7/site-packages/distributed/client.py:1851: in _gather
    raise exception.with_traceback(traceback)
../../opt/anaconda3/envs/rascil37/lib/python3.7/site-packages/dask/utils.py:29: in apply
    return func(*args, **kwargs)
rascil/processing_components/simulation/testing_support.py:774: in ingest_unittest_visibility
    phasecentre=phasecentre, weight=1.0, polarisation_frame=vis_pol, zerow=zerow)
rascil/processing_components/visibility/base.py:193: in create_blockvisibility
    stime = calculate_transit_time(config.location, utc_time_zero, phasecentre)
rascil/processing_components/util/geometry.py:119: in calculate_transit_time
    tol=fraction_day)
../../opt/anaconda3/envs/rascil37/lib/python3.7/site-packages/scipy/optimize/_minimize.py:618: in minimize
    callback=callback, **options)
../../opt/anaconda3/envs/rascil37/lib/python3.7/site-packages/scipy/optimize/lbfgsb.py:308: in _minimize_lbfgsb
    finite_diff_rel_step=finite_diff_rel_step)
../../opt/anaconda3/envs/rascil37/lib/python3.7/site-packages/scipy/optimize/optimize.py:262: in _prepare_scalar_function
    finite_diff_rel_step, bounds, epsilon=epsilon)
../../opt/anaconda3/envs/rascil37/lib/python3.7/site-packages/scipy/optimize/_differentiable_functions.py:76: in __init__
    self._update_fun()
../../opt/anaconda3/envs/rascil37/lib/python3.7/site-packages/scipy/optimize/_differentiable_functions.py:166: in _update_fun
    self._update_fun_impl()
../../opt/anaconda3/envs/rascil37/lib/python3.7/site-packages/scipy/optimize/_differentiable_functions.py:73: in update_fun
    self.f = fun_wrapped(self.x)
../../opt/anaconda3/envs/rascil37/lib/python3.7/site-packages/scipy/optimize/_differentiable_functions.py:70: in fun_wrapped
    return fun(x, *args)
rascil/processing_components/util/geometry.py:114: in transit
    return -1 * calculate_azel(location, Time(utc, format='mjd', scale='utc'), direction)[1].value
rascil/processing_components/util/geometry.py:157: in calculate_azel
    casa_azel = dm.measure(casa_direction, 'azel')
_ _ _ _ _ _ _ _ _ _ _ _ _ _ _ _ _ _ _ _ _ _ _ _ _ _ _ _ _ _ _ _ _ _ _ _ _ _ _ _ 

&gt;   return _measures.measure(self, v, rf, off)
E   RuntimeError: Cannot convert due to missing frame information

../../opt/anaconda3/envs/rascil37/lib/python3.7/site-packages/casacore/measures/__init__.py:120: RuntimeError</failure></testcase><testcase classname="tests.workflows.test_imaging_rsexecute.TestImaging" file="tests/workflows/test_imaging_rsexecute.py" line="223" name="test_predict_wprojection_clip" time="5.052"><failure message="RuntimeError: Cannot convert due to missing frame information">self = &lt;tests.workflows.test_imaging_rsexecute.TestImaging testMethod=test_predict_wprojection_clip&gt;

    def test_predict_wprojection_clip(self):
&gt;       self.actualSetUp(makegcfcf=True)

tests/workflows/test_imaging_rsexecute.py:225: 
_ _ _ _ _ _ _ _ _ _ _ _ _ _ _ _ _ _ _ _ _ _ _ _ _ _ _ _ _ _ _ _ _ _ _ _ _ _ _ _ 
tests/workflows/test_imaging_rsexecute.py:114: in actualSetUp
    self.components_list = rsexecute.compute(self.components_list, sync=True)
rascil/workflows/rsexecute/execution_support/rsexecute.py:241: in compute
    future = self.client.compute(value, sync=sync)
../../opt/anaconda3/envs/rascil37/lib/python3.7/site-packages/distributed/client.py:2930: in compute
    result = self.gather(futures)
../../opt/anaconda3/envs/rascil37/lib/python3.7/site-packages/distributed/client.py:1992: in gather
    asynchronous=asynchronous,
../../opt/anaconda3/envs/rascil37/lib/python3.7/site-packages/distributed/client.py:833: in sync
    self.loop, func, *args, callback_timeout=callback_timeout, **kwargs
../../opt/anaconda3/envs/rascil37/lib/python3.7/site-packages/distributed/utils.py:340: in sync
    raise exc.with_traceback(tb)
../../opt/anaconda3/envs/rascil37/lib/python3.7/site-packages/distributed/utils.py:324: in f
    result[0] = yield future
../../opt/anaconda3/envs/rascil37/lib/python3.7/site-packages/tornado/gen.py:735: in run
    value = future.result()
../../opt/anaconda3/envs/rascil37/lib/python3.7/site-packages/distributed/client.py:1851: in _gather
    raise exception.with_traceback(traceback)
../../opt/anaconda3/envs/rascil37/lib/python3.7/site-packages/dask/utils.py:29: in apply
    return func(*args, **kwargs)
rascil/processing_components/simulation/testing_support.py:774: in ingest_unittest_visibility
    phasecentre=phasecentre, weight=1.0, polarisation_frame=vis_pol, zerow=zerow)
rascil/processing_components/visibility/base.py:193: in create_blockvisibility
    stime = calculate_transit_time(config.location, utc_time_zero, phasecentre)
rascil/processing_components/util/geometry.py:119: in calculate_transit_time
    tol=fraction_day)
../../opt/anaconda3/envs/rascil37/lib/python3.7/site-packages/scipy/optimize/_minimize.py:618: in minimize
    callback=callback, **options)
../../opt/anaconda3/envs/rascil37/lib/python3.7/site-packages/scipy/optimize/lbfgsb.py:308: in _minimize_lbfgsb
    finite_diff_rel_step=finite_diff_rel_step)
../../opt/anaconda3/envs/rascil37/lib/python3.7/site-packages/scipy/optimize/optimize.py:262: in _prepare_scalar_function
    finite_diff_rel_step, bounds, epsilon=epsilon)
../../opt/anaconda3/envs/rascil37/lib/python3.7/site-packages/scipy/optimize/_differentiable_functions.py:76: in __init__
    self._update_fun()
../../opt/anaconda3/envs/rascil37/lib/python3.7/site-packages/scipy/optimize/_differentiable_functions.py:166: in _update_fun
    self._update_fun_impl()
../../opt/anaconda3/envs/rascil37/lib/python3.7/site-packages/scipy/optimize/_differentiable_functions.py:73: in update_fun
    self.f = fun_wrapped(self.x)
../../opt/anaconda3/envs/rascil37/lib/python3.7/site-packages/scipy/optimize/_differentiable_functions.py:70: in fun_wrapped
    return fun(x, *args)
rascil/processing_components/util/geometry.py:114: in transit
    return -1 * calculate_azel(location, Time(utc, format='mjd', scale='utc'), direction)[1].value
rascil/processing_components/util/geometry.py:157: in calculate_azel
    casa_azel = dm.measure(casa_direction, 'azel')
_ _ _ _ _ _ _ _ _ _ _ _ _ _ _ _ _ _ _ _ _ _ _ _ _ _ _ _ _ _ _ _ _ _ _ _ _ _ _ _ 

&gt;   return _measures.measure(self, v, rf, off)
E   RuntimeError: Cannot convert due to missing frame information

../../opt/anaconda3/envs/rascil37/lib/python3.7/site-packages/casacore/measures/__init__.py:120: RuntimeError</failure></testcase><testcase classname="tests.workflows.test_imaging_rsexecute.TestImaging" file="tests/workflows/test_imaging_rsexecute.py" line="288" name="test_residual_list" time="5.050"><failure message="RuntimeError: Cannot convert due to missing frame information">self = &lt;tests.workflows.test_imaging_rsexecute.TestImaging testMethod=test_residual_list&gt;

    def test_residual_list(self):
&gt;       self.actualSetUp(zerow=True)

tests/workflows/test_imaging_rsexecute.py:290: 
_ _ _ _ _ _ _ _ _ _ _ _ _ _ _ _ _ _ _ _ _ _ _ _ _ _ _ _ _ _ _ _ _ _ _ _ _ _ _ _ 
tests/workflows/test_imaging_rsexecute.py:114: in actualSetUp
    self.components_list = rsexecute.compute(self.components_list, sync=True)
rascil/workflows/rsexecute/execution_support/rsexecute.py:241: in compute
    future = self.client.compute(value, sync=sync)
../../opt/anaconda3/envs/rascil37/lib/python3.7/site-packages/distributed/client.py:2930: in compute
    result = self.gather(futures)
../../opt/anaconda3/envs/rascil37/lib/python3.7/site-packages/distributed/client.py:1992: in gather
    asynchronous=asynchronous,
../../opt/anaconda3/envs/rascil37/lib/python3.7/site-packages/distributed/client.py:833: in sync
    self.loop, func, *args, callback_timeout=callback_timeout, **kwargs
../../opt/anaconda3/envs/rascil37/lib/python3.7/site-packages/distributed/utils.py:340: in sync
    raise exc.with_traceback(tb)
../../opt/anaconda3/envs/rascil37/lib/python3.7/site-packages/distributed/utils.py:324: in f
    result[0] = yield future
../../opt/anaconda3/envs/rascil37/lib/python3.7/site-packages/tornado/gen.py:735: in run
    value = future.result()
../../opt/anaconda3/envs/rascil37/lib/python3.7/site-packages/distributed/client.py:1851: in _gather
    raise exception.with_traceback(traceback)
../../opt/anaconda3/envs/rascil37/lib/python3.7/site-packages/dask/utils.py:29: in apply
    return func(*args, **kwargs)
rascil/processing_components/simulation/testing_support.py:774: in ingest_unittest_visibility
    phasecentre=phasecentre, weight=1.0, polarisation_frame=vis_pol, zerow=zerow)
rascil/processing_components/visibility/base.py:193: in create_blockvisibility
    stime = calculate_transit_time(config.location, utc_time_zero, phasecentre)
rascil/processing_components/util/geometry.py:119: in calculate_transit_time
    tol=fraction_day)
../../opt/anaconda3/envs/rascil37/lib/python3.7/site-packages/scipy/optimize/_minimize.py:618: in minimize
    callback=callback, **options)
../../opt/anaconda3/envs/rascil37/lib/python3.7/site-packages/scipy/optimize/lbfgsb.py:308: in _minimize_lbfgsb
    finite_diff_rel_step=finite_diff_rel_step)
../../opt/anaconda3/envs/rascil37/lib/python3.7/site-packages/scipy/optimize/optimize.py:262: in _prepare_scalar_function
    finite_diff_rel_step, bounds, epsilon=epsilon)
../../opt/anaconda3/envs/rascil37/lib/python3.7/site-packages/scipy/optimize/_differentiable_functions.py:76: in __init__
    self._update_fun()
../../opt/anaconda3/envs/rascil37/lib/python3.7/site-packages/scipy/optimize/_differentiable_functions.py:166: in _update_fun
    self._update_fun_impl()
../../opt/anaconda3/envs/rascil37/lib/python3.7/site-packages/scipy/optimize/_differentiable_functions.py:73: in update_fun
    self.f = fun_wrapped(self.x)
../../opt/anaconda3/envs/rascil37/lib/python3.7/site-packages/scipy/optimize/_differentiable_functions.py:70: in fun_wrapped
    return fun(x, *args)
rascil/processing_components/util/geometry.py:114: in transit
    return -1 * calculate_azel(location, Time(utc, format='mjd', scale='utc'), direction)[1].value
rascil/processing_components/util/geometry.py:157: in calculate_azel
    casa_azel = dm.measure(casa_direction, 'azel')
_ _ _ _ _ _ _ _ _ _ _ _ _ _ _ _ _ _ _ _ _ _ _ _ _ _ _ _ _ _ _ _ _ _ _ _ _ _ _ _ 

&gt;   return _measures.measure(self, v, rf, off)
E   RuntimeError: Cannot convert due to missing frame information

../../opt/anaconda3/envs/rascil37/lib/python3.7/site-packages/casacore/measures/__init__.py:120: RuntimeError</failure></testcase><testcase classname="tests.workflows.test_imaging_rsexecute.TestImaging" file="tests/workflows/test_imaging_rsexecute.py" line="298" name="test_restored_list" time="5.054"><failure message="RuntimeError: Cannot convert due to missing frame information">self = &lt;tests.workflows.test_imaging_rsexecute.TestImaging testMethod=test_restored_list&gt;

    def test_restored_list(self):
&gt;       self.actualSetUp(zerow=True)

tests/workflows/test_imaging_rsexecute.py:300: 
_ _ _ _ _ _ _ _ _ _ _ _ _ _ _ _ _ _ _ _ _ _ _ _ _ _ _ _ _ _ _ _ _ _ _ _ _ _ _ _ 
tests/workflows/test_imaging_rsexecute.py:114: in actualSetUp
    self.components_list = rsexecute.compute(self.components_list, sync=True)
rascil/workflows/rsexecute/execution_support/rsexecute.py:241: in compute
    future = self.client.compute(value, sync=sync)
../../opt/anaconda3/envs/rascil37/lib/python3.7/site-packages/distributed/client.py:2930: in compute
    result = self.gather(futures)
../../opt/anaconda3/envs/rascil37/lib/python3.7/site-packages/distributed/client.py:1992: in gather
    asynchronous=asynchronous,
../../opt/anaconda3/envs/rascil37/lib/python3.7/site-packages/distributed/client.py:833: in sync
    self.loop, func, *args, callback_timeout=callback_timeout, **kwargs
../../opt/anaconda3/envs/rascil37/lib/python3.7/site-packages/distributed/utils.py:340: in sync
    raise exc.with_traceback(tb)
../../opt/anaconda3/envs/rascil37/lib/python3.7/site-packages/distributed/utils.py:324: in f
    result[0] = yield future
../../opt/anaconda3/envs/rascil37/lib/python3.7/site-packages/tornado/gen.py:735: in run
    value = future.result()
../../opt/anaconda3/envs/rascil37/lib/python3.7/site-packages/distributed/client.py:1851: in _gather
    raise exception.with_traceback(traceback)
../../opt/anaconda3/envs/rascil37/lib/python3.7/site-packages/dask/utils.py:29: in apply
    return func(*args, **kwargs)
rascil/processing_components/simulation/testing_support.py:774: in ingest_unittest_visibility
    phasecentre=phasecentre, weight=1.0, polarisation_frame=vis_pol, zerow=zerow)
rascil/processing_components/visibility/base.py:193: in create_blockvisibility
    stime = calculate_transit_time(config.location, utc_time_zero, phasecentre)
rascil/processing_components/util/geometry.py:119: in calculate_transit_time
    tol=fraction_day)
../../opt/anaconda3/envs/rascil37/lib/python3.7/site-packages/scipy/optimize/_minimize.py:618: in minimize
    callback=callback, **options)
../../opt/anaconda3/envs/rascil37/lib/python3.7/site-packages/scipy/optimize/lbfgsb.py:308: in _minimize_lbfgsb
    finite_diff_rel_step=finite_diff_rel_step)
../../opt/anaconda3/envs/rascil37/lib/python3.7/site-packages/scipy/optimize/optimize.py:262: in _prepare_scalar_function
    finite_diff_rel_step, bounds, epsilon=epsilon)
../../opt/anaconda3/envs/rascil37/lib/python3.7/site-packages/scipy/optimize/_differentiable_functions.py:76: in __init__
    self._update_fun()
../../opt/anaconda3/envs/rascil37/lib/python3.7/site-packages/scipy/optimize/_differentiable_functions.py:166: in _update_fun
    self._update_fun_impl()
../../opt/anaconda3/envs/rascil37/lib/python3.7/site-packages/scipy/optimize/_differentiable_functions.py:73: in update_fun
    self.f = fun_wrapped(self.x)
../../opt/anaconda3/envs/rascil37/lib/python3.7/site-packages/scipy/optimize/_differentiable_functions.py:70: in fun_wrapped
    return fun(x, *args)
rascil/processing_components/util/geometry.py:114: in transit
    return -1 * calculate_azel(location, Time(utc, format='mjd', scale='utc'), direction)[1].value
rascil/processing_components/util/geometry.py:157: in calculate_azel
    casa_azel = dm.measure(casa_direction, 'azel')
_ _ _ _ _ _ _ _ _ _ _ _ _ _ _ _ _ _ _ _ _ _ _ _ _ _ _ _ _ _ _ _ _ _ _ _ _ _ _ _ 

&gt;   return _measures.measure(self, v, rf, off)
E   RuntimeError: Cannot convert due to missing frame information

../../opt/anaconda3/envs/rascil37/lib/python3.7/site-packages/casacore/measures/__init__.py:120: RuntimeError</failure></testcase><testcase classname="tests.workflows.test_imaging_rsexecute.TestImaging" file="tests/workflows/test_imaging_rsexecute.py" line="332" name="test_restored_list_facet" time="0.001"><skipped message="Needs overlap to work - temporarily disabled" type="pytest.skip">/Users/timcornwell/Code/rascil/tests/workflows/test_imaging_rsexecute.py:333: Needs overlap to work - temporarily disabled</skipped></testcase><testcase classname="tests.workflows.test_imaging_rsexecute.TestImaging" file="tests/workflows/test_imaging_rsexecute.py" line="316" name="test_restored_list_noresidual" time="4.951"><failure message="RuntimeError: Cannot convert due to missing frame information">self = &lt;tests.workflows.test_imaging_rsexecute.TestImaging testMethod=test_restored_list_noresidual&gt;

    def test_restored_list_noresidual(self):
&gt;       self.actualSetUp(zerow=True)

tests/workflows/test_imaging_rsexecute.py:318: 
_ _ _ _ _ _ _ _ _ _ _ _ _ _ _ _ _ _ _ _ _ _ _ _ _ _ _ _ _ _ _ _ _ _ _ _ _ _ _ _ 
tests/workflows/test_imaging_rsexecute.py:114: in actualSetUp
    self.components_list = rsexecute.compute(self.components_list, sync=True)
rascil/workflows/rsexecute/execution_support/rsexecute.py:241: in compute
    future = self.client.compute(value, sync=sync)
../../opt/anaconda3/envs/rascil37/lib/python3.7/site-packages/distributed/client.py:2930: in compute
    result = self.gather(futures)
../../opt/anaconda3/envs/rascil37/lib/python3.7/site-packages/distributed/client.py:1992: in gather
    asynchronous=asynchronous,
../../opt/anaconda3/envs/rascil37/lib/python3.7/site-packages/distributed/client.py:833: in sync
    self.loop, func, *args, callback_timeout=callback_timeout, **kwargs
../../opt/anaconda3/envs/rascil37/lib/python3.7/site-packages/distributed/utils.py:340: in sync
    raise exc.with_traceback(tb)
../../opt/anaconda3/envs/rascil37/lib/python3.7/site-packages/distributed/utils.py:324: in f
    result[0] = yield future
../../opt/anaconda3/envs/rascil37/lib/python3.7/site-packages/tornado/gen.py:735: in run
    value = future.result()
../../opt/anaconda3/envs/rascil37/lib/python3.7/site-packages/distributed/client.py:1851: in _gather
    raise exception.with_traceback(traceback)
../../opt/anaconda3/envs/rascil37/lib/python3.7/site-packages/dask/utils.py:29: in apply
    return func(*args, **kwargs)
rascil/processing_components/simulation/testing_support.py:774: in ingest_unittest_visibility
    phasecentre=phasecentre, weight=1.0, polarisation_frame=vis_pol, zerow=zerow)
rascil/processing_components/visibility/base.py:193: in create_blockvisibility
    stime = calculate_transit_time(config.location, utc_time_zero, phasecentre)
rascil/processing_components/util/geometry.py:119: in calculate_transit_time
    tol=fraction_day)
../../opt/anaconda3/envs/rascil37/lib/python3.7/site-packages/scipy/optimize/_minimize.py:618: in minimize
    callback=callback, **options)
../../opt/anaconda3/envs/rascil37/lib/python3.7/site-packages/scipy/optimize/lbfgsb.py:308: in _minimize_lbfgsb
    finite_diff_rel_step=finite_diff_rel_step)
../../opt/anaconda3/envs/rascil37/lib/python3.7/site-packages/scipy/optimize/optimize.py:262: in _prepare_scalar_function
    finite_diff_rel_step, bounds, epsilon=epsilon)
../../opt/anaconda3/envs/rascil37/lib/python3.7/site-packages/scipy/optimize/_differentiable_functions.py:76: in __init__
    self._update_fun()
../../opt/anaconda3/envs/rascil37/lib/python3.7/site-packages/scipy/optimize/_differentiable_functions.py:166: in _update_fun
    self._update_fun_impl()
../../opt/anaconda3/envs/rascil37/lib/python3.7/site-packages/scipy/optimize/_differentiable_functions.py:73: in update_fun
    self.f = fun_wrapped(self.x)
../../opt/anaconda3/envs/rascil37/lib/python3.7/site-packages/scipy/optimize/_differentiable_functions.py:70: in fun_wrapped
    return fun(x, *args)
rascil/processing_components/util/geometry.py:114: in transit
    return -1 * calculate_azel(location, Time(utc, format='mjd', scale='utc'), direction)[1].value
rascil/processing_components/util/geometry.py:157: in calculate_azel
    casa_azel = dm.measure(casa_direction, 'azel')
_ _ _ _ _ _ _ _ _ _ _ _ _ _ _ _ _ _ _ _ _ _ _ _ _ _ _ _ _ _ _ _ _ _ _ _ _ _ _ _ 

&gt;   return _measures.measure(self, v, rf, off)
E   RuntimeError: Cannot convert due to missing frame information

../../opt/anaconda3/envs/rascil37/lib/python3.7/site-packages/casacore/measures/__init__.py:120: RuntimeError</failure></testcase><testcase classname="tests.workflows.test_imaging_rsexecute.TestImaging" file="tests/workflows/test_imaging_rsexecute.py" line="366" name="test_sum_invert_list" time="5.077"><failure message="RuntimeError: Cannot convert due to missing frame information">self = &lt;tests.workflows.test_imaging_rsexecute.TestImaging testMethod=test_sum_invert_list&gt;

    def test_sum_invert_list(self):
&gt;       self.actualSetUp(zerow=True)

tests/workflows/test_imaging_rsexecute.py:368: 
_ _ _ _ _ _ _ _ _ _ _ _ _ _ _ _ _ _ _ _ _ _ _ _ _ _ _ _ _ _ _ _ _ _ _ _ _ _ _ _ 
tests/workflows/test_imaging_rsexecute.py:114: in actualSetUp
    self.components_list = rsexecute.compute(self.components_list, sync=True)
rascil/workflows/rsexecute/execution_support/rsexecute.py:241: in compute
    future = self.client.compute(value, sync=sync)
../../opt/anaconda3/envs/rascil37/lib/python3.7/site-packages/distributed/client.py:2930: in compute
    result = self.gather(futures)
../../opt/anaconda3/envs/rascil37/lib/python3.7/site-packages/distributed/client.py:1992: in gather
    asynchronous=asynchronous,
../../opt/anaconda3/envs/rascil37/lib/python3.7/site-packages/distributed/client.py:833: in sync
    self.loop, func, *args, callback_timeout=callback_timeout, **kwargs
../../opt/anaconda3/envs/rascil37/lib/python3.7/site-packages/distributed/utils.py:340: in sync
    raise exc.with_traceback(tb)
../../opt/anaconda3/envs/rascil37/lib/python3.7/site-packages/distributed/utils.py:324: in f
    result[0] = yield future
../../opt/anaconda3/envs/rascil37/lib/python3.7/site-packages/tornado/gen.py:735: in run
    value = future.result()
../../opt/anaconda3/envs/rascil37/lib/python3.7/site-packages/distributed/client.py:1851: in _gather
    raise exception.with_traceback(traceback)
../../opt/anaconda3/envs/rascil37/lib/python3.7/site-packages/dask/utils.py:29: in apply
    return func(*args, **kwargs)
rascil/processing_components/simulation/testing_support.py:774: in ingest_unittest_visibility
    phasecentre=phasecentre, weight=1.0, polarisation_frame=vis_pol, zerow=zerow)
rascil/processing_components/visibility/base.py:193: in create_blockvisibility
    stime = calculate_transit_time(config.location, utc_time_zero, phasecentre)
rascil/processing_components/util/geometry.py:119: in calculate_transit_time
    tol=fraction_day)
../../opt/anaconda3/envs/rascil37/lib/python3.7/site-packages/scipy/optimize/_minimize.py:618: in minimize
    callback=callback, **options)
../../opt/anaconda3/envs/rascil37/lib/python3.7/site-packages/scipy/optimize/lbfgsb.py:308: in _minimize_lbfgsb
    finite_diff_rel_step=finite_diff_rel_step)
../../opt/anaconda3/envs/rascil37/lib/python3.7/site-packages/scipy/optimize/optimize.py:262: in _prepare_scalar_function
    finite_diff_rel_step, bounds, epsilon=epsilon)
../../opt/anaconda3/envs/rascil37/lib/python3.7/site-packages/scipy/optimize/_differentiable_functions.py:76: in __init__
    self._update_fun()
../../opt/anaconda3/envs/rascil37/lib/python3.7/site-packages/scipy/optimize/_differentiable_functions.py:166: in _update_fun
    self._update_fun_impl()
../../opt/anaconda3/envs/rascil37/lib/python3.7/site-packages/scipy/optimize/_differentiable_functions.py:73: in update_fun
    self.f = fun_wrapped(self.x)
../../opt/anaconda3/envs/rascil37/lib/python3.7/site-packages/scipy/optimize/_differentiable_functions.py:70: in fun_wrapped
    return fun(x, *args)
rascil/processing_components/util/geometry.py:114: in transit
    return -1 * calculate_azel(location, Time(utc, format='mjd', scale='utc'), direction)[1].value
rascil/processing_components/util/geometry.py:157: in calculate_azel
    casa_azel = dm.measure(casa_direction, 'azel')
_ _ _ _ _ _ _ _ _ _ _ _ _ _ _ _ _ _ _ _ _ _ _ _ _ _ _ _ _ _ _ _ _ _ _ _ _ _ _ _ 

&gt;   return _measures.measure(self, v, rf, off)
E   RuntimeError: Cannot convert due to missing frame information

../../opt/anaconda3/envs/rascil37/lib/python3.7/site-packages/casacore/measures/__init__.py:120: RuntimeError</failure></testcase><testcase classname="tests.workflows.test_imaging_rsexecute.TestImaging" file="tests/workflows/test_imaging_rsexecute.py" line="266" name="test_zero_list" time="5.013"><failure message="RuntimeError: Cannot convert due to missing frame information">self = &lt;tests.workflows.test_imaging_rsexecute.TestImaging testMethod=test_zero_list&gt;

    def test_zero_list(self):
&gt;       self.actualSetUp()

tests/workflows/test_imaging_rsexecute.py:268: 
_ _ _ _ _ _ _ _ _ _ _ _ _ _ _ _ _ _ _ _ _ _ _ _ _ _ _ _ _ _ _ _ _ _ _ _ _ _ _ _ 
tests/workflows/test_imaging_rsexecute.py:114: in actualSetUp
    self.components_list = rsexecute.compute(self.components_list, sync=True)
rascil/workflows/rsexecute/execution_support/rsexecute.py:241: in compute
    future = self.client.compute(value, sync=sync)
../../opt/anaconda3/envs/rascil37/lib/python3.7/site-packages/distributed/client.py:2930: in compute
    result = self.gather(futures)
../../opt/anaconda3/envs/rascil37/lib/python3.7/site-packages/distributed/client.py:1992: in gather
    asynchronous=asynchronous,
../../opt/anaconda3/envs/rascil37/lib/python3.7/site-packages/distributed/client.py:833: in sync
    self.loop, func, *args, callback_timeout=callback_timeout, **kwargs
../../opt/anaconda3/envs/rascil37/lib/python3.7/site-packages/distributed/utils.py:340: in sync
    raise exc.with_traceback(tb)
../../opt/anaconda3/envs/rascil37/lib/python3.7/site-packages/distributed/utils.py:324: in f
    result[0] = yield future
../../opt/anaconda3/envs/rascil37/lib/python3.7/site-packages/tornado/gen.py:735: in run
    value = future.result()
../../opt/anaconda3/envs/rascil37/lib/python3.7/site-packages/distributed/client.py:1851: in _gather
    raise exception.with_traceback(traceback)
../../opt/anaconda3/envs/rascil37/lib/python3.7/site-packages/dask/utils.py:29: in apply
    return func(*args, **kwargs)
rascil/processing_components/simulation/testing_support.py:774: in ingest_unittest_visibility
    phasecentre=phasecentre, weight=1.0, polarisation_frame=vis_pol, zerow=zerow)
rascil/processing_components/visibility/base.py:193: in create_blockvisibility
    stime = calculate_transit_time(config.location, utc_time_zero, phasecentre)
rascil/processing_components/util/geometry.py:119: in calculate_transit_time
    tol=fraction_day)
../../opt/anaconda3/envs/rascil37/lib/python3.7/site-packages/scipy/optimize/_minimize.py:618: in minimize
    callback=callback, **options)
../../opt/anaconda3/envs/rascil37/lib/python3.7/site-packages/scipy/optimize/lbfgsb.py:308: in _minimize_lbfgsb
    finite_diff_rel_step=finite_diff_rel_step)
../../opt/anaconda3/envs/rascil37/lib/python3.7/site-packages/scipy/optimize/optimize.py:262: in _prepare_scalar_function
    finite_diff_rel_step, bounds, epsilon=epsilon)
../../opt/anaconda3/envs/rascil37/lib/python3.7/site-packages/scipy/optimize/_differentiable_functions.py:76: in __init__
    self._update_fun()
../../opt/anaconda3/envs/rascil37/lib/python3.7/site-packages/scipy/optimize/_differentiable_functions.py:166: in _update_fun
    self._update_fun_impl()
../../opt/anaconda3/envs/rascil37/lib/python3.7/site-packages/scipy/optimize/_differentiable_functions.py:73: in update_fun
    self.f = fun_wrapped(self.x)
../../opt/anaconda3/envs/rascil37/lib/python3.7/site-packages/scipy/optimize/_differentiable_functions.py:70: in fun_wrapped
    return fun(x, *args)
rascil/processing_components/util/geometry.py:114: in transit
    return -1 * calculate_azel(location, Time(utc, format='mjd', scale='utc'), direction)[1].value
rascil/processing_components/util/geometry.py:157: in calculate_azel
    casa_azel = dm.measure(casa_direction, 'azel')
_ _ _ _ _ _ _ _ _ _ _ _ _ _ _ _ _ _ _ _ _ _ _ _ _ _ _ _ _ _ _ _ _ _ _ _ _ _ _ _ 

&gt;   return _measures.measure(self, v, rf, off)
E   RuntimeError: Cannot convert due to missing frame information

../../opt/anaconda3/envs/rascil37/lib/python3.7/site-packages/casacore/measures/__init__.py:120: RuntimeError</failure></testcase><testcase classname="tests.workflows.test_mid_simulations_rsexecute.TestMIDSimulations" file="tests/workflows/test_mid_simulations_rsexecute.py" line="342" name="test_heterogeneous" time="3.701"><failure message="RuntimeError: Cannot convert due to missing frame information">self = &lt;tests.workflows.test_mid_simulations_rsexecute.TestMIDSimulations testMethod=test_heterogeneous&gt;

    def test_heterogeneous(self):
    
        args = self.get_args()
        args.fluxlimit = 0.1
    
        error_dirty, sumwt = self.simulation(args, 'heterogeneous',
                                             image_polarisation_frame=PolarisationFrame("stokesIQUV"),
&gt;                                            vis_polarisation_frame=PolarisationFrame("linear"))

tests/workflows/test_mid_simulations_rsexecute.py:350: 
_ _ _ _ _ _ _ _ _ _ _ _ _ _ _ _ _ _ _ _ _ _ _ _ _ _ _ _ _ _ _ _ _ _ _ _ _ _ _ _ 
tests/workflows/test_mid_simulations_rsexecute.py:108: in simulation
    advice = rsexecute.compute(advice_list, sync=True)
rascil/workflows/rsexecute/execution_support/rsexecute.py:241: in compute
    future = self.client.compute(value, sync=sync)
../../opt/anaconda3/envs/rascil37/lib/python3.7/site-packages/distributed/client.py:2930: in compute
    result = self.gather(futures)
../../opt/anaconda3/envs/rascil37/lib/python3.7/site-packages/distributed/client.py:1992: in gather
    asynchronous=asynchronous,
../../opt/anaconda3/envs/rascil37/lib/python3.7/site-packages/distributed/client.py:833: in sync
    self.loop, func, *args, callback_timeout=callback_timeout, **kwargs
../../opt/anaconda3/envs/rascil37/lib/python3.7/site-packages/distributed/utils.py:340: in sync
    raise exc.with_traceback(tb)
../../opt/anaconda3/envs/rascil37/lib/python3.7/site-packages/distributed/utils.py:324: in f
    result[0] = yield future
../../opt/anaconda3/envs/rascil37/lib/python3.7/site-packages/tornado/gen.py:735: in run
    value = future.result()
../../opt/anaconda3/envs/rascil37/lib/python3.7/site-packages/distributed/client.py:1851: in _gather
    raise exception.with_traceback(traceback)
../../opt/anaconda3/envs/rascil37/lib/python3.7/site-packages/dask/utils.py:29: in apply
    return func(*args, **kwargs)
rascil/processing_components/visibility/base.py:193: in create_blockvisibility
    stime = calculate_transit_time(config.location, utc_time_zero, phasecentre)
rascil/processing_components/util/geometry.py:119: in calculate_transit_time
    tol=fraction_day)
../../opt/anaconda3/envs/rascil37/lib/python3.7/site-packages/scipy/optimize/_minimize.py:618: in minimize
    callback=callback, **options)
../../opt/anaconda3/envs/rascil37/lib/python3.7/site-packages/scipy/optimize/lbfgsb.py:308: in _minimize_lbfgsb
    finite_diff_rel_step=finite_diff_rel_step)
../../opt/anaconda3/envs/rascil37/lib/python3.7/site-packages/scipy/optimize/optimize.py:262: in _prepare_scalar_function
    finite_diff_rel_step, bounds, epsilon=epsilon)
../../opt/anaconda3/envs/rascil37/lib/python3.7/site-packages/scipy/optimize/_differentiable_functions.py:76: in __init__
    self._update_fun()
../../opt/anaconda3/envs/rascil37/lib/python3.7/site-packages/scipy/optimize/_differentiable_functions.py:166: in _update_fun
    self._update_fun_impl()
../../opt/anaconda3/envs/rascil37/lib/python3.7/site-packages/scipy/optimize/_differentiable_functions.py:73: in update_fun
    self.f = fun_wrapped(self.x)
../../opt/anaconda3/envs/rascil37/lib/python3.7/site-packages/scipy/optimize/_differentiable_functions.py:70: in fun_wrapped
    return fun(x, *args)
rascil/processing_components/util/geometry.py:114: in transit
    return -1 * calculate_azel(location, Time(utc, format='mjd', scale='utc'), direction)[1].value
rascil/processing_components/util/geometry.py:157: in calculate_azel
    casa_azel = dm.measure(casa_direction, 'azel')
_ _ _ _ _ _ _ _ _ _ _ _ _ _ _ _ _ _ _ _ _ _ _ _ _ _ _ _ _ _ _ _ _ _ _ _ _ _ _ _ 

&gt;   return _measures.measure(self, v, rf, off)
E   RuntimeError: Cannot convert due to missing frame information

../../opt/anaconda3/envs/rascil37/lib/python3.7/site-packages/casacore/measures/__init__.py:120: RuntimeError</failure></testcase><testcase classname="tests.workflows.test_mid_simulations_rsexecute.TestMIDSimulations" file="tests/workflows/test_mid_simulations_rsexecute.py" line="389" name="test_polarisation" time="5.147"><failure message="RuntimeError: Cannot convert due to missing frame information">self = &lt;tests.workflows.test_mid_simulations_rsexecute.TestMIDSimulations testMethod=test_polarisation&gt;

    def test_polarisation(self):
    
        args = self.get_args()
        args.fluxlimit = 3.0
        args.integration_time = 1800.0
    
        error_dirty, sumwt = self.simulation(args, 'polarisation',
                                             image_polarisation_frame=PolarisationFrame("stokesIQUV"),
&gt;                                            vis_polarisation_frame=PolarisationFrame("linear"))

tests/workflows/test_mid_simulations_rsexecute.py:398: 
_ _ _ _ _ _ _ _ _ _ _ _ _ _ _ _ _ _ _ _ _ _ _ _ _ _ _ _ _ _ _ _ _ _ _ _ _ _ _ _ 
tests/workflows/test_mid_simulations_rsexecute.py:108: in simulation
    advice = rsexecute.compute(advice_list, sync=True)
rascil/workflows/rsexecute/execution_support/rsexecute.py:241: in compute
    future = self.client.compute(value, sync=sync)
../../opt/anaconda3/envs/rascil37/lib/python3.7/site-packages/distributed/client.py:2930: in compute
    result = self.gather(futures)
../../opt/anaconda3/envs/rascil37/lib/python3.7/site-packages/distributed/client.py:1992: in gather
    asynchronous=asynchronous,
../../opt/anaconda3/envs/rascil37/lib/python3.7/site-packages/distributed/client.py:833: in sync
    self.loop, func, *args, callback_timeout=callback_timeout, **kwargs
../../opt/anaconda3/envs/rascil37/lib/python3.7/site-packages/distributed/utils.py:340: in sync
    raise exc.with_traceback(tb)
../../opt/anaconda3/envs/rascil37/lib/python3.7/site-packages/distributed/utils.py:324: in f
    result[0] = yield future
../../opt/anaconda3/envs/rascil37/lib/python3.7/site-packages/tornado/gen.py:735: in run
    value = future.result()
../../opt/anaconda3/envs/rascil37/lib/python3.7/site-packages/distributed/client.py:1851: in _gather
    raise exception.with_traceback(traceback)
../../opt/anaconda3/envs/rascil37/lib/python3.7/site-packages/dask/utils.py:29: in apply
    return func(*args, **kwargs)
rascil/processing_components/visibility/base.py:193: in create_blockvisibility
    stime = calculate_transit_time(config.location, utc_time_zero, phasecentre)
rascil/processing_components/util/geometry.py:119: in calculate_transit_time
    tol=fraction_day)
../../opt/anaconda3/envs/rascil37/lib/python3.7/site-packages/scipy/optimize/_minimize.py:618: in minimize
    callback=callback, **options)
../../opt/anaconda3/envs/rascil37/lib/python3.7/site-packages/scipy/optimize/lbfgsb.py:308: in _minimize_lbfgsb
    finite_diff_rel_step=finite_diff_rel_step)
../../opt/anaconda3/envs/rascil37/lib/python3.7/site-packages/scipy/optimize/optimize.py:262: in _prepare_scalar_function
    finite_diff_rel_step, bounds, epsilon=epsilon)
../../opt/anaconda3/envs/rascil37/lib/python3.7/site-packages/scipy/optimize/_differentiable_functions.py:76: in __init__
    self._update_fun()
../../opt/anaconda3/envs/rascil37/lib/python3.7/site-packages/scipy/optimize/_differentiable_functions.py:166: in _update_fun
    self._update_fun_impl()
../../opt/anaconda3/envs/rascil37/lib/python3.7/site-packages/scipy/optimize/_differentiable_functions.py:73: in update_fun
    self.f = fun_wrapped(self.x)
../../opt/anaconda3/envs/rascil37/lib/python3.7/site-packages/scipy/optimize/_differentiable_functions.py:70: in fun_wrapped
    return fun(x, *args)
rascil/processing_components/util/geometry.py:114: in transit
    return -1 * calculate_azel(location, Time(utc, format='mjd', scale='utc'), direction)[1].value
rascil/processing_components/util/geometry.py:157: in calculate_azel
    casa_azel = dm.measure(casa_direction, 'azel')
_ _ _ _ _ _ _ _ _ _ _ _ _ _ _ _ _ _ _ _ _ _ _ _ _ _ _ _ _ _ _ _ _ _ _ _ _ _ _ _ 

&gt;   return _measures.measure(self, v, rf, off)
E   RuntimeError: Cannot convert due to missing frame information

../../opt/anaconda3/envs/rascil37/lib/python3.7/site-packages/casacore/measures/__init__.py:120: RuntimeError</failure></testcase><testcase classname="tests.workflows.test_mid_simulations_rsexecute.TestMIDSimulations" file="tests/workflows/test_mid_simulations_rsexecute.py" line="357" name="test_random" time="0.001"><skipped message="Not deterministic" type="pytest.skip">/Users/timcornwell/Code/rascil/tests/workflows/test_mid_simulations_rsexecute.py:358: Not deterministic</skipped></testcase><testcase classname="tests.workflows.test_mid_simulations_rsexecute.TestMIDSimulations" file="tests/workflows/test_mid_simulations_rsexecute.py" line="373" name="test_surface" time="2.576" /><testcase classname="tests.workflows.test_mid_simulations_rsexecute.TestMIDSimulations" file="tests/workflows/test_mid_simulations_rsexecute.py" line="328" name="test_wind" time="0.001"><skipped message="Not deterministic" type="pytest.skip">/Users/timcornwell/Code/rascil/tests/workflows/test_mid_simulations_rsexecute.py:329: Not deterministic</skipped></testcase><testcase classname="tests.workflows.test_mpc_rsexecute.TestMPC" file="tests/workflows/test_mpc_rsexecute.py" line="149" name="test_crosssubtract_datamodel" time="6.043"><failure message="RuntimeError: Cannot convert due to missing frame information">self = &lt;tests.workflows.test_mpc_rsexecute.TestMPC testMethod=test_crosssubtract_datamodel&gt;

    def test_crosssubtract_datamodel(self):
&gt;       self.actualSetUp(zerow=True)

tests/workflows/test_mpc_rsexecute.py:151: 
_ _ _ _ _ _ _ _ _ _ _ _ _ _ _ _ _ _ _ _ _ _ _ _ _ _ _ _ _ _ _ _ _ _ _ _ _ _ _ _ 
tests/workflows/test_mpc_rsexecute.py:84: in actualSetUp
    self.blockvis_list = rsexecute.compute(self.blockvis_list, sync=True)
rascil/workflows/rsexecute/execution_support/rsexecute.py:241: in compute
    future = self.client.compute(value, sync=sync)
../../opt/anaconda3/envs/rascil37/lib/python3.7/site-packages/distributed/client.py:2930: in compute
    result = self.gather(futures)
../../opt/anaconda3/envs/rascil37/lib/python3.7/site-packages/distributed/client.py:1992: in gather
    asynchronous=asynchronous,
../../opt/anaconda3/envs/rascil37/lib/python3.7/site-packages/distributed/client.py:833: in sync
    self.loop, func, *args, callback_timeout=callback_timeout, **kwargs
../../opt/anaconda3/envs/rascil37/lib/python3.7/site-packages/distributed/utils.py:340: in sync
    raise exc.with_traceback(tb)
../../opt/anaconda3/envs/rascil37/lib/python3.7/site-packages/distributed/utils.py:324: in f
    result[0] = yield future
../../opt/anaconda3/envs/rascil37/lib/python3.7/site-packages/tornado/gen.py:735: in run
    value = future.result()
../../opt/anaconda3/envs/rascil37/lib/python3.7/site-packages/distributed/client.py:1851: in _gather
    raise exception.with_traceback(traceback)
../../opt/anaconda3/envs/rascil37/lib/python3.7/site-packages/dask/utils.py:29: in apply
    return func(*args, **kwargs)
rascil/processing_components/simulation/testing_support.py:774: in ingest_unittest_visibility
    phasecentre=phasecentre, weight=1.0, polarisation_frame=vis_pol, zerow=zerow)
rascil/processing_components/visibility/base.py:193: in create_blockvisibility
    stime = calculate_transit_time(config.location, utc_time_zero, phasecentre)
rascil/processing_components/util/geometry.py:119: in calculate_transit_time
    tol=fraction_day)
../../opt/anaconda3/envs/rascil37/lib/python3.7/site-packages/scipy/optimize/_minimize.py:618: in minimize
    callback=callback, **options)
../../opt/anaconda3/envs/rascil37/lib/python3.7/site-packages/scipy/optimize/lbfgsb.py:308: in _minimize_lbfgsb
    finite_diff_rel_step=finite_diff_rel_step)
../../opt/anaconda3/envs/rascil37/lib/python3.7/site-packages/scipy/optimize/optimize.py:262: in _prepare_scalar_function
    finite_diff_rel_step, bounds, epsilon=epsilon)
../../opt/anaconda3/envs/rascil37/lib/python3.7/site-packages/scipy/optimize/_differentiable_functions.py:76: in __init__
    self._update_fun()
../../opt/anaconda3/envs/rascil37/lib/python3.7/site-packages/scipy/optimize/_differentiable_functions.py:166: in _update_fun
    self._update_fun_impl()
../../opt/anaconda3/envs/rascil37/lib/python3.7/site-packages/scipy/optimize/_differentiable_functions.py:73: in update_fun
    self.f = fun_wrapped(self.x)
../../opt/anaconda3/envs/rascil37/lib/python3.7/site-packages/scipy/optimize/_differentiable_functions.py:70: in fun_wrapped
    return fun(x, *args)
rascil/processing_components/util/geometry.py:114: in transit
    return -1 * calculate_azel(location, Time(utc, format='mjd', scale='utc'), direction)[1].value
rascil/processing_components/util/geometry.py:157: in calculate_azel
    casa_azel = dm.measure(casa_direction, 'azel')
_ _ _ _ _ _ _ _ _ _ _ _ _ _ _ _ _ _ _ _ _ _ _ _ _ _ _ _ _ _ _ _ _ _ _ _ _ _ _ _ 

&gt;   return _measures.measure(self, v, rf, off)
E   RuntimeError: Cannot convert due to missing frame information

../../opt/anaconda3/envs/rascil37/lib/python3.7/site-packages/casacore/measures/__init__.py:120: RuntimeError</failure></testcase><testcase classname="tests.workflows.test_mpc_rsexecute.TestMPC" file="tests/workflows/test_mpc_rsexecute.py" line="125" name="test_invertcal" time="4.714"><failure message="RuntimeError: Cannot convert due to missing frame information">self = &lt;tests.workflows.test_mpc_rsexecute.TestMPC testMethod=test_invertcal&gt;

    def test_invertcal(self):
&gt;       self.actualSetUp(zerow=True)

tests/workflows/test_mpc_rsexecute.py:127: 
_ _ _ _ _ _ _ _ _ _ _ _ _ _ _ _ _ _ _ _ _ _ _ _ _ _ _ _ _ _ _ _ _ _ _ _ _ _ _ _ 
tests/workflows/test_mpc_rsexecute.py:84: in actualSetUp
    self.blockvis_list = rsexecute.compute(self.blockvis_list, sync=True)
rascil/workflows/rsexecute/execution_support/rsexecute.py:241: in compute
    future = self.client.compute(value, sync=sync)
../../opt/anaconda3/envs/rascil37/lib/python3.7/site-packages/distributed/client.py:2930: in compute
    result = self.gather(futures)
../../opt/anaconda3/envs/rascil37/lib/python3.7/site-packages/distributed/client.py:1992: in gather
    asynchronous=asynchronous,
../../opt/anaconda3/envs/rascil37/lib/python3.7/site-packages/distributed/client.py:833: in sync
    self.loop, func, *args, callback_timeout=callback_timeout, **kwargs
../../opt/anaconda3/envs/rascil37/lib/python3.7/site-packages/distributed/utils.py:340: in sync
    raise exc.with_traceback(tb)
../../opt/anaconda3/envs/rascil37/lib/python3.7/site-packages/distributed/utils.py:324: in f
    result[0] = yield future
../../opt/anaconda3/envs/rascil37/lib/python3.7/site-packages/tornado/gen.py:735: in run
    value = future.result()
../../opt/anaconda3/envs/rascil37/lib/python3.7/site-packages/distributed/client.py:1851: in _gather
    raise exception.with_traceback(traceback)
../../opt/anaconda3/envs/rascil37/lib/python3.7/site-packages/dask/utils.py:29: in apply
    return func(*args, **kwargs)
rascil/processing_components/simulation/testing_support.py:774: in ingest_unittest_visibility
    phasecentre=phasecentre, weight=1.0, polarisation_frame=vis_pol, zerow=zerow)
rascil/processing_components/visibility/base.py:193: in create_blockvisibility
    stime = calculate_transit_time(config.location, utc_time_zero, phasecentre)
rascil/processing_components/util/geometry.py:119: in calculate_transit_time
    tol=fraction_day)
../../opt/anaconda3/envs/rascil37/lib/python3.7/site-packages/scipy/optimize/_minimize.py:618: in minimize
    callback=callback, **options)
../../opt/anaconda3/envs/rascil37/lib/python3.7/site-packages/scipy/optimize/lbfgsb.py:308: in _minimize_lbfgsb
    finite_diff_rel_step=finite_diff_rel_step)
../../opt/anaconda3/envs/rascil37/lib/python3.7/site-packages/scipy/optimize/optimize.py:262: in _prepare_scalar_function
    finite_diff_rel_step, bounds, epsilon=epsilon)
../../opt/anaconda3/envs/rascil37/lib/python3.7/site-packages/scipy/optimize/_differentiable_functions.py:76: in __init__
    self._update_fun()
../../opt/anaconda3/envs/rascil37/lib/python3.7/site-packages/scipy/optimize/_differentiable_functions.py:166: in _update_fun
    self._update_fun_impl()
../../opt/anaconda3/envs/rascil37/lib/python3.7/site-packages/scipy/optimize/_differentiable_functions.py:73: in update_fun
    self.f = fun_wrapped(self.x)
../../opt/anaconda3/envs/rascil37/lib/python3.7/site-packages/scipy/optimize/_differentiable_functions.py:70: in fun_wrapped
    return fun(x, *args)
rascil/processing_components/util/geometry.py:114: in transit
    return -1 * calculate_azel(location, Time(utc, format='mjd', scale='utc'), direction)[1].value
rascil/processing_components/util/geometry.py:157: in calculate_azel
    casa_azel = dm.measure(casa_direction, 'azel')
_ _ _ _ _ _ _ _ _ _ _ _ _ _ _ _ _ _ _ _ _ _ _ _ _ _ _ _ _ _ _ _ _ _ _ _ _ _ _ _ 

&gt;   return _measures.measure(self, v, rf, off)
E   RuntimeError: Cannot convert due to missing frame information

../../opt/anaconda3/envs/rascil37/lib/python3.7/site-packages/casacore/measures/__init__.py:120: RuntimeError</failure></testcase><testcase classname="tests.workflows.test_mpc_rsexecute.TestMPC" file="tests/workflows/test_mpc_rsexecute.py" line="102" name="test_predictcal" time="4.678"><failure message="RuntimeError: Cannot convert due to missing frame information">self = &lt;tests.workflows.test_mpc_rsexecute.TestMPC testMethod=test_predictcal&gt;

    def test_predictcal(self):
    
&gt;       self.actualSetUp(zerow=True)

tests/workflows/test_mpc_rsexecute.py:105: 
_ _ _ _ _ _ _ _ _ _ _ _ _ _ _ _ _ _ _ _ _ _ _ _ _ _ _ _ _ _ _ _ _ _ _ _ _ _ _ _ 
tests/workflows/test_mpc_rsexecute.py:84: in actualSetUp
    self.blockvis_list = rsexecute.compute(self.blockvis_list, sync=True)
rascil/workflows/rsexecute/execution_support/rsexecute.py:241: in compute
    future = self.client.compute(value, sync=sync)
../../opt/anaconda3/envs/rascil37/lib/python3.7/site-packages/distributed/client.py:2930: in compute
    result = self.gather(futures)
../../opt/anaconda3/envs/rascil37/lib/python3.7/site-packages/distributed/client.py:1992: in gather
    asynchronous=asynchronous,
../../opt/anaconda3/envs/rascil37/lib/python3.7/site-packages/distributed/client.py:833: in sync
    self.loop, func, *args, callback_timeout=callback_timeout, **kwargs
../../opt/anaconda3/envs/rascil37/lib/python3.7/site-packages/distributed/utils.py:340: in sync
    raise exc.with_traceback(tb)
../../opt/anaconda3/envs/rascil37/lib/python3.7/site-packages/distributed/utils.py:324: in f
    result[0] = yield future
../../opt/anaconda3/envs/rascil37/lib/python3.7/site-packages/tornado/gen.py:735: in run
    value = future.result()
../../opt/anaconda3/envs/rascil37/lib/python3.7/site-packages/distributed/client.py:1851: in _gather
    raise exception.with_traceback(traceback)
../../opt/anaconda3/envs/rascil37/lib/python3.7/site-packages/dask/utils.py:29: in apply
    return func(*args, **kwargs)
rascil/processing_components/simulation/testing_support.py:774: in ingest_unittest_visibility
    phasecentre=phasecentre, weight=1.0, polarisation_frame=vis_pol, zerow=zerow)
rascil/processing_components/visibility/base.py:193: in create_blockvisibility
    stime = calculate_transit_time(config.location, utc_time_zero, phasecentre)
rascil/processing_components/util/geometry.py:119: in calculate_transit_time
    tol=fraction_day)
../../opt/anaconda3/envs/rascil37/lib/python3.7/site-packages/scipy/optimize/_minimize.py:618: in minimize
    callback=callback, **options)
../../opt/anaconda3/envs/rascil37/lib/python3.7/site-packages/scipy/optimize/lbfgsb.py:308: in _minimize_lbfgsb
    finite_diff_rel_step=finite_diff_rel_step)
../../opt/anaconda3/envs/rascil37/lib/python3.7/site-packages/scipy/optimize/optimize.py:262: in _prepare_scalar_function
    finite_diff_rel_step, bounds, epsilon=epsilon)
../../opt/anaconda3/envs/rascil37/lib/python3.7/site-packages/scipy/optimize/_differentiable_functions.py:76: in __init__
    self._update_fun()
../../opt/anaconda3/envs/rascil37/lib/python3.7/site-packages/scipy/optimize/_differentiable_functions.py:166: in _update_fun
    self._update_fun_impl()
../../opt/anaconda3/envs/rascil37/lib/python3.7/site-packages/scipy/optimize/_differentiable_functions.py:73: in update_fun
    self.f = fun_wrapped(self.x)
../../opt/anaconda3/envs/rascil37/lib/python3.7/site-packages/scipy/optimize/_differentiable_functions.py:70: in fun_wrapped
    return fun(x, *args)
rascil/processing_components/util/geometry.py:114: in transit
    return -1 * calculate_azel(location, Time(utc, format='mjd', scale='utc'), direction)[1].value
rascil/processing_components/util/geometry.py:157: in calculate_azel
    casa_azel = dm.measure(casa_direction, 'azel')
_ _ _ _ _ _ _ _ _ _ _ _ _ _ _ _ _ _ _ _ _ _ _ _ _ _ _ _ _ _ _ _ _ _ _ _ _ _ _ _ 

&gt;   return _measures.measure(self, v, rf, off)
E   RuntimeError: Cannot convert due to missing frame information

../../opt/anaconda3/envs/rascil37/lib/python3.7/site-packages/casacore/measures/__init__.py:120: RuntimeError</failure></testcase><testcase classname="tests.workflows.test_pipelines_mpc_rsexecute.TestPipelineMPC" file="tests/workflows/test_pipelines_mpc_rsexecute.py" line="175" name="test_mpccal_ICAL_manysources" time="2.603"><failure message="RuntimeError: Cannot convert due to missing frame information">self = &lt;tests.workflows.test_pipelines_mpc_rsexecute.TestPipelineMPC testMethod=test_mpccal_ICAL_manysources&gt;

    def test_mpccal_ICAL_manysources(self):
    
&gt;       self.actualSetup(nvoronoi=1)

tests/workflows/test_pipelines_mpc_rsexecute.py:178: 
_ _ _ _ _ _ _ _ _ _ _ _ _ _ _ _ _ _ _ _ _ _ _ _ _ _ _ _ _ _ _ _ _ _ _ _ _ _ _ _ 
tests/workflows/test_pipelines_mpc_rsexecute.py:86: in actualSetup
    polarisation_frame=PolarisationFrame("stokesI"), zerow=True)
rascil/processing_components/visibility/base.py:193: in create_blockvisibility
    stime = calculate_transit_time(config.location, utc_time_zero, phasecentre)
rascil/processing_components/util/geometry.py:119: in calculate_transit_time
    tol=fraction_day)
../../opt/anaconda3/envs/rascil37/lib/python3.7/site-packages/scipy/optimize/_minimize.py:618: in minimize
    callback=callback, **options)
../../opt/anaconda3/envs/rascil37/lib/python3.7/site-packages/scipy/optimize/lbfgsb.py:308: in _minimize_lbfgsb
    finite_diff_rel_step=finite_diff_rel_step)
../../opt/anaconda3/envs/rascil37/lib/python3.7/site-packages/scipy/optimize/optimize.py:262: in _prepare_scalar_function
    finite_diff_rel_step, bounds, epsilon=epsilon)
../../opt/anaconda3/envs/rascil37/lib/python3.7/site-packages/scipy/optimize/_differentiable_functions.py:76: in __init__
    self._update_fun()
../../opt/anaconda3/envs/rascil37/lib/python3.7/site-packages/scipy/optimize/_differentiable_functions.py:166: in _update_fun
    self._update_fun_impl()
../../opt/anaconda3/envs/rascil37/lib/python3.7/site-packages/scipy/optimize/_differentiable_functions.py:73: in update_fun
    self.f = fun_wrapped(self.x)
../../opt/anaconda3/envs/rascil37/lib/python3.7/site-packages/scipy/optimize/_differentiable_functions.py:70: in fun_wrapped
    return fun(x, *args)
rascil/processing_components/util/geometry.py:114: in transit
    return -1 * calculate_azel(location, Time(utc, format='mjd', scale='utc'), direction)[1].value
rascil/processing_components/util/geometry.py:157: in calculate_azel
    casa_azel = dm.measure(casa_direction, 'azel')
_ _ _ _ _ _ _ _ _ _ _ _ _ _ _ _ _ _ _ _ _ _ _ _ _ _ _ _ _ _ _ _ _ _ _ _ _ _ _ _ 

self = &lt;casacore.measures.measures object at 0x7fd7c9386df0&gt;
v = {'m0': {'unit': 'rad', 'value': 0.0}, 'm1': {'unit': 'rad', 'value': -0.6981317007977317}, 'refer': 'J2000', 'type': 'direction'}
rf = 'azel', off = {}

    def measure(self, v, rf, off=None):
        """Create/convert a measure using the frame state set on the measures
        server instance (via :meth:`do_frame`)
    
        :param v: The measure to convert
    
        :param rf: The frame reference to convert to
    
        :param off: The optional offset for the measure
    
        """
        if off is None:
            off = {}
        keys = ["m0", "m1", "m2"]
        for key in keys:
            if key in v:
                if dq.is_quantity(v[key]):
                    v[key] = v[key].to_dict()
&gt;       return _measures.measure(self, v, rf, off)
E       RuntimeError: Cannot convert due to missing frame information

../../opt/anaconda3/envs/rascil37/lib/python3.7/site-packages/casacore/measures/__init__.py:120: RuntimeError</failure></testcase><testcase classname="tests.workflows.test_pipelines_mpc_rsexecute.TestPipelineMPC" file="tests/workflows/test_pipelines_mpc_rsexecute.py" line="232" name="test_mpccal_ICAL_onesource" time="2.507"><failure message="RuntimeError: Cannot convert due to missing frame information">self = &lt;tests.workflows.test_pipelines_mpc_rsexecute.TestPipelineMPC testMethod=test_mpccal_ICAL_onesource&gt;

    def test_mpccal_ICAL_onesource(self):
    
&gt;       self.actualSetup(nsources=1, nvoronoi=1)

tests/workflows/test_pipelines_mpc_rsexecute.py:235: 
_ _ _ _ _ _ _ _ _ _ _ _ _ _ _ _ _ _ _ _ _ _ _ _ _ _ _ _ _ _ _ _ _ _ _ _ _ _ _ _ 
tests/workflows/test_pipelines_mpc_rsexecute.py:86: in actualSetup
    polarisation_frame=PolarisationFrame("stokesI"), zerow=True)
rascil/processing_components/visibility/base.py:193: in create_blockvisibility
    stime = calculate_transit_time(config.location, utc_time_zero, phasecentre)
rascil/processing_components/util/geometry.py:119: in calculate_transit_time
    tol=fraction_day)
../../opt/anaconda3/envs/rascil37/lib/python3.7/site-packages/scipy/optimize/_minimize.py:618: in minimize
    callback=callback, **options)
../../opt/anaconda3/envs/rascil37/lib/python3.7/site-packages/scipy/optimize/lbfgsb.py:308: in _minimize_lbfgsb
    finite_diff_rel_step=finite_diff_rel_step)
../../opt/anaconda3/envs/rascil37/lib/python3.7/site-packages/scipy/optimize/optimize.py:262: in _prepare_scalar_function
    finite_diff_rel_step, bounds, epsilon=epsilon)
../../opt/anaconda3/envs/rascil37/lib/python3.7/site-packages/scipy/optimize/_differentiable_functions.py:76: in __init__
    self._update_fun()
../../opt/anaconda3/envs/rascil37/lib/python3.7/site-packages/scipy/optimize/_differentiable_functions.py:166: in _update_fun
    self._update_fun_impl()
../../opt/anaconda3/envs/rascil37/lib/python3.7/site-packages/scipy/optimize/_differentiable_functions.py:73: in update_fun
    self.f = fun_wrapped(self.x)
../../opt/anaconda3/envs/rascil37/lib/python3.7/site-packages/scipy/optimize/_differentiable_functions.py:70: in fun_wrapped
    return fun(x, *args)
rascil/processing_components/util/geometry.py:114: in transit
    return -1 * calculate_azel(location, Time(utc, format='mjd', scale='utc'), direction)[1].value
rascil/processing_components/util/geometry.py:157: in calculate_azel
    casa_azel = dm.measure(casa_direction, 'azel')
_ _ _ _ _ _ _ _ _ _ _ _ _ _ _ _ _ _ _ _ _ _ _ _ _ _ _ _ _ _ _ _ _ _ _ _ _ _ _ _ 

self = &lt;casacore.measures.measures object at 0x7fd7d129ebf0&gt;
v = {'m0': {'unit': 'rad', 'value': 0.0}, 'm1': {'unit': 'rad', 'value': -0.6981317007977317}, 'refer': 'J2000', 'type': 'direction'}
rf = 'azel', off = {}

    def measure(self, v, rf, off=None):
        """Create/convert a measure using the frame state set on the measures
        server instance (via :meth:`do_frame`)
    
        :param v: The measure to convert
    
        :param rf: The frame reference to convert to
    
        :param off: The optional offset for the measure
    
        """
        if off is None:
            off = {}
        keys = ["m0", "m1", "m2"]
        for key in keys:
            if key in v:
                if dq.is_quantity(v[key]):
                    v[key] = v[key].to_dict()
&gt;       return _measures.measure(self, v, rf, off)
E       RuntimeError: Cannot convert due to missing frame information

../../opt/anaconda3/envs/rascil37/lib/python3.7/site-packages/casacore/measures/__init__.py:120: RuntimeError</failure></testcase><testcase classname="tests.workflows.test_pipelines_mpc_rsexecute.TestPipelineMPC" file="tests/workflows/test_pipelines_mpc_rsexecute.py" line="290" name="test_mpccal_MPCCAL_manysources" time="2.493"><failure message="RuntimeError: Cannot convert due to missing frame information">self = &lt;tests.workflows.test_pipelines_mpc_rsexecute.TestPipelineMPC testMethod=test_mpccal_MPCCAL_manysources&gt;

    def test_mpccal_MPCCAL_manysources(self):
    
&gt;       self.actualSetup()

tests/workflows/test_pipelines_mpc_rsexecute.py:293: 
_ _ _ _ _ _ _ _ _ _ _ _ _ _ _ _ _ _ _ _ _ _ _ _ _ _ _ _ _ _ _ _ _ _ _ _ _ _ _ _ 
tests/workflows/test_pipelines_mpc_rsexecute.py:86: in actualSetup
    polarisation_frame=PolarisationFrame("stokesI"), zerow=True)
rascil/processing_components/visibility/base.py:193: in create_blockvisibility
    stime = calculate_transit_time(config.location, utc_time_zero, phasecentre)
rascil/processing_components/util/geometry.py:119: in calculate_transit_time
    tol=fraction_day)
../../opt/anaconda3/envs/rascil37/lib/python3.7/site-packages/scipy/optimize/_minimize.py:618: in minimize
    callback=callback, **options)
../../opt/anaconda3/envs/rascil37/lib/python3.7/site-packages/scipy/optimize/lbfgsb.py:308: in _minimize_lbfgsb
    finite_diff_rel_step=finite_diff_rel_step)
../../opt/anaconda3/envs/rascil37/lib/python3.7/site-packages/scipy/optimize/optimize.py:262: in _prepare_scalar_function
    finite_diff_rel_step, bounds, epsilon=epsilon)
../../opt/anaconda3/envs/rascil37/lib/python3.7/site-packages/scipy/optimize/_differentiable_functions.py:76: in __init__
    self._update_fun()
../../opt/anaconda3/envs/rascil37/lib/python3.7/site-packages/scipy/optimize/_differentiable_functions.py:166: in _update_fun
    self._update_fun_impl()
../../opt/anaconda3/envs/rascil37/lib/python3.7/site-packages/scipy/optimize/_differentiable_functions.py:73: in update_fun
    self.f = fun_wrapped(self.x)
../../opt/anaconda3/envs/rascil37/lib/python3.7/site-packages/scipy/optimize/_differentiable_functions.py:70: in fun_wrapped
    return fun(x, *args)
rascil/processing_components/util/geometry.py:114: in transit
    return -1 * calculate_azel(location, Time(utc, format='mjd', scale='utc'), direction)[1].value
rascil/processing_components/util/geometry.py:157: in calculate_azel
    casa_azel = dm.measure(casa_direction, 'azel')
_ _ _ _ _ _ _ _ _ _ _ _ _ _ _ _ _ _ _ _ _ _ _ _ _ _ _ _ _ _ _ _ _ _ _ _ _ _ _ _ 

self = &lt;casacore.measures.measures object at 0x7fd801b8c270&gt;
v = {'m0': {'unit': 'rad', 'value': 0.0}, 'm1': {'unit': 'rad', 'value': -0.6981317007977317}, 'refer': 'J2000', 'type': 'direction'}
rf = 'azel', off = {}

    def measure(self, v, rf, off=None):
        """Create/convert a measure using the frame state set on the measures
        server instance (via :meth:`do_frame`)
    
        :param v: The measure to convert
    
        :param rf: The frame reference to convert to
    
        :param off: The optional offset for the measure
    
        """
        if off is None:
            off = {}
        keys = ["m0", "m1", "m2"]
        for key in keys:
            if key in v:
                if dq.is_quantity(v[key]):
                    v[key] = v[key].to_dict()
&gt;       return _measures.measure(self, v, rf, off)
E       RuntimeError: Cannot convert due to missing frame information

../../opt/anaconda3/envs/rascil37/lib/python3.7/site-packages/casacore/measures/__init__.py:120: RuntimeError</failure></testcase><testcase classname="tests.workflows.test_pipelines_mpc_rsexecute.TestPipelineMPC" file="tests/workflows/test_pipelines_mpc_rsexecute.py" line="343" name="test_mpccal_MPCCAL_manysources_no_edge" time="2.505"><failure message="RuntimeError: Cannot convert due to missing frame information">self = &lt;tests.workflows.test_pipelines_mpc_rsexecute.TestPipelineMPC testMethod=test_mpccal_MPCCAL_manysources_no_edge&gt;

    def test_mpccal_MPCCAL_manysources_no_edge(self):
    
&gt;       self.actualSetup()

tests/workflows/test_pipelines_mpc_rsexecute.py:346: 
_ _ _ _ _ _ _ _ _ _ _ _ _ _ _ _ _ _ _ _ _ _ _ _ _ _ _ _ _ _ _ _ _ _ _ _ _ _ _ _ 
tests/workflows/test_pipelines_mpc_rsexecute.py:86: in actualSetup
    polarisation_frame=PolarisationFrame("stokesI"), zerow=True)
rascil/processing_components/visibility/base.py:193: in create_blockvisibility
    stime = calculate_transit_time(config.location, utc_time_zero, phasecentre)
rascil/processing_components/util/geometry.py:119: in calculate_transit_time
    tol=fraction_day)
../../opt/anaconda3/envs/rascil37/lib/python3.7/site-packages/scipy/optimize/_minimize.py:618: in minimize
    callback=callback, **options)
../../opt/anaconda3/envs/rascil37/lib/python3.7/site-packages/scipy/optimize/lbfgsb.py:308: in _minimize_lbfgsb
    finite_diff_rel_step=finite_diff_rel_step)
../../opt/anaconda3/envs/rascil37/lib/python3.7/site-packages/scipy/optimize/optimize.py:262: in _prepare_scalar_function
    finite_diff_rel_step, bounds, epsilon=epsilon)
../../opt/anaconda3/envs/rascil37/lib/python3.7/site-packages/scipy/optimize/_differentiable_functions.py:76: in __init__
    self._update_fun()
../../opt/anaconda3/envs/rascil37/lib/python3.7/site-packages/scipy/optimize/_differentiable_functions.py:166: in _update_fun
    self._update_fun_impl()
../../opt/anaconda3/envs/rascil37/lib/python3.7/site-packages/scipy/optimize/_differentiable_functions.py:73: in update_fun
    self.f = fun_wrapped(self.x)
../../opt/anaconda3/envs/rascil37/lib/python3.7/site-packages/scipy/optimize/_differentiable_functions.py:70: in fun_wrapped
    return fun(x, *args)
rascil/processing_components/util/geometry.py:114: in transit
    return -1 * calculate_azel(location, Time(utc, format='mjd', scale='utc'), direction)[1].value
rascil/processing_components/util/geometry.py:157: in calculate_azel
    casa_azel = dm.measure(casa_direction, 'azel')
_ _ _ _ _ _ _ _ _ _ _ _ _ _ _ _ _ _ _ _ _ _ _ _ _ _ _ _ _ _ _ _ _ _ _ _ _ _ _ _ 

self = &lt;casacore.measures.measures object at 0x7fd7c0e41570&gt;
v = {'m0': {'unit': 'rad', 'value': 0.0}, 'm1': {'unit': 'rad', 'value': -0.6981317007977317}, 'refer': 'J2000', 'type': 'direction'}
rf = 'azel', off = {}

    def measure(self, v, rf, off=None):
        """Create/convert a measure using the frame state set on the measures
        server instance (via :meth:`do_frame`)
    
        :param v: The measure to convert
    
        :param rf: The frame reference to convert to
    
        :param off: The optional offset for the measure
    
        """
        if off is None:
            off = {}
        keys = ["m0", "m1", "m2"]
        for key in keys:
            if key in v:
                if dq.is_quantity(v[key]):
                    v[key] = v[key].to_dict()
&gt;       return _measures.measure(self, v, rf, off)
E       RuntimeError: Cannot convert due to missing frame information

../../opt/anaconda3/envs/rascil37/lib/python3.7/site-packages/casacore/measures/__init__.py:120: RuntimeError</failure></testcase><testcase classname="tests.workflows.test_pipelines_mpc_rsexecute.TestPipelineMPC" file="tests/workflows/test_pipelines_mpc_rsexecute.py" line="399" name="test_mpccal_MPCCAL_manysources_subimages" time="2.597"><failure message="RuntimeError: Cannot convert due to missing frame information">self = &lt;tests.workflows.test_pipelines_mpc_rsexecute.TestPipelineMPC testMethod=test_mpccal_MPCCAL_manysources_subimages&gt;

    def test_mpccal_MPCCAL_manysources_subimages(self):
    
&gt;       self.actualSetup()

tests/workflows/test_pipelines_mpc_rsexecute.py:402: 
_ _ _ _ _ _ _ _ _ _ _ _ _ _ _ _ _ _ _ _ _ _ _ _ _ _ _ _ _ _ _ _ _ _ _ _ _ _ _ _ 
tests/workflows/test_pipelines_mpc_rsexecute.py:86: in actualSetup
    polarisation_frame=PolarisationFrame("stokesI"), zerow=True)
rascil/processing_components/visibility/base.py:193: in create_blockvisibility
    stime = calculate_transit_time(config.location, utc_time_zero, phasecentre)
rascil/processing_components/util/geometry.py:119: in calculate_transit_time
    tol=fraction_day)
../../opt/anaconda3/envs/rascil37/lib/python3.7/site-packages/scipy/optimize/_minimize.py:618: in minimize
    callback=callback, **options)
../../opt/anaconda3/envs/rascil37/lib/python3.7/site-packages/scipy/optimize/lbfgsb.py:308: in _minimize_lbfgsb
    finite_diff_rel_step=finite_diff_rel_step)
../../opt/anaconda3/envs/rascil37/lib/python3.7/site-packages/scipy/optimize/optimize.py:262: in _prepare_scalar_function
    finite_diff_rel_step, bounds, epsilon=epsilon)
../../opt/anaconda3/envs/rascil37/lib/python3.7/site-packages/scipy/optimize/_differentiable_functions.py:76: in __init__
    self._update_fun()
../../opt/anaconda3/envs/rascil37/lib/python3.7/site-packages/scipy/optimize/_differentiable_functions.py:166: in _update_fun
    self._update_fun_impl()
../../opt/anaconda3/envs/rascil37/lib/python3.7/site-packages/scipy/optimize/_differentiable_functions.py:73: in update_fun
    self.f = fun_wrapped(self.x)
../../opt/anaconda3/envs/rascil37/lib/python3.7/site-packages/scipy/optimize/_differentiable_functions.py:70: in fun_wrapped
    return fun(x, *args)
rascil/processing_components/util/geometry.py:114: in transit
    return -1 * calculate_azel(location, Time(utc, format='mjd', scale='utc'), direction)[1].value
rascil/processing_components/util/geometry.py:157: in calculate_azel
    casa_azel = dm.measure(casa_direction, 'azel')
_ _ _ _ _ _ _ _ _ _ _ _ _ _ _ _ _ _ _ _ _ _ _ _ _ _ _ _ _ _ _ _ _ _ _ _ _ _ _ _ 

self = &lt;casacore.measures.measures object at 0x7fd7f07d3cb0&gt;
v = {'m0': {'unit': 'rad', 'value': 0.0}, 'm1': {'unit': 'rad', 'value': -0.6981317007977317}, 'refer': 'J2000', 'type': 'direction'}
rf = 'azel', off = {}

    def measure(self, v, rf, off=None):
        """Create/convert a measure using the frame state set on the measures
        server instance (via :meth:`do_frame`)
    
        :param v: The measure to convert
    
        :param rf: The frame reference to convert to
    
        :param off: The optional offset for the measure
    
        """
        if off is None:
            off = {}
        keys = ["m0", "m1", "m2"]
        for key in keys:
            if key in v:
                if dq.is_quantity(v[key]):
                    v[key] = v[key].to_dict()
&gt;       return _measures.measure(self, v, rf, off)
E       RuntimeError: Cannot convert due to missing frame information

../../opt/anaconda3/envs/rascil37/lib/python3.7/site-packages/casacore/measures/__init__.py:120: RuntimeError</failure></testcase><testcase classname="tests.workflows.test_pipelines_rsexecute.TestPipelineGraphs" file="tests/workflows/test_pipelines_rsexecute.py" line="132" name="test_continuum_imaging_pipeline" time="5.222"><failure message="RuntimeError: Cannot convert due to missing frame information">self = &lt;tests.workflows.test_pipelines_rsexecute.TestPipelineGraphs testMethod=test_continuum_imaging_pipeline&gt;

    def test_continuum_imaging_pipeline(self):
&gt;       self.actualSetUp()

tests/workflows/test_pipelines_rsexecute.py:134: 
_ _ _ _ _ _ _ _ _ _ _ _ _ _ _ _ _ _ _ _ _ _ _ _ _ _ _ _ _ _ _ _ _ _ _ _ _ _ _ _ 
tests/workflows/test_pipelines_rsexecute.py:88: in actualSetUp
    self.blockvis_list = rsexecute.compute(self.blockvis_list, sync=True)
rascil/workflows/rsexecute/execution_support/rsexecute.py:241: in compute
    future = self.client.compute(value, sync=sync)
../../opt/anaconda3/envs/rascil37/lib/python3.7/site-packages/distributed/client.py:2930: in compute
    result = self.gather(futures)
../../opt/anaconda3/envs/rascil37/lib/python3.7/site-packages/distributed/client.py:1992: in gather
    asynchronous=asynchronous,
../../opt/anaconda3/envs/rascil37/lib/python3.7/site-packages/distributed/client.py:833: in sync
    self.loop, func, *args, callback_timeout=callback_timeout, **kwargs
../../opt/anaconda3/envs/rascil37/lib/python3.7/site-packages/distributed/utils.py:340: in sync
    raise exc.with_traceback(tb)
../../opt/anaconda3/envs/rascil37/lib/python3.7/site-packages/distributed/utils.py:324: in f
    result[0] = yield future
../../opt/anaconda3/envs/rascil37/lib/python3.7/site-packages/tornado/gen.py:735: in run
    value = future.result()
../../opt/anaconda3/envs/rascil37/lib/python3.7/site-packages/distributed/client.py:1851: in _gather
    raise exception.with_traceback(traceback)
../../opt/anaconda3/envs/rascil37/lib/python3.7/site-packages/dask/utils.py:29: in apply
    return func(*args, **kwargs)
rascil/processing_components/simulation/testing_support.py:774: in ingest_unittest_visibility
    phasecentre=phasecentre, weight=1.0, polarisation_frame=vis_pol, zerow=zerow)
rascil/processing_components/visibility/base.py:193: in create_blockvisibility
    stime = calculate_transit_time(config.location, utc_time_zero, phasecentre)
rascil/processing_components/util/geometry.py:119: in calculate_transit_time
    tol=fraction_day)
../../opt/anaconda3/envs/rascil37/lib/python3.7/site-packages/scipy/optimize/_minimize.py:618: in minimize
    callback=callback, **options)
../../opt/anaconda3/envs/rascil37/lib/python3.7/site-packages/scipy/optimize/lbfgsb.py:308: in _minimize_lbfgsb
    finite_diff_rel_step=finite_diff_rel_step)
../../opt/anaconda3/envs/rascil37/lib/python3.7/site-packages/scipy/optimize/optimize.py:262: in _prepare_scalar_function
    finite_diff_rel_step, bounds, epsilon=epsilon)
../../opt/anaconda3/envs/rascil37/lib/python3.7/site-packages/scipy/optimize/_differentiable_functions.py:76: in __init__
    self._update_fun()
../../opt/anaconda3/envs/rascil37/lib/python3.7/site-packages/scipy/optimize/_differentiable_functions.py:166: in _update_fun
    self._update_fun_impl()
../../opt/anaconda3/envs/rascil37/lib/python3.7/site-packages/scipy/optimize/_differentiable_functions.py:73: in update_fun
    self.f = fun_wrapped(self.x)
../../opt/anaconda3/envs/rascil37/lib/python3.7/site-packages/scipy/optimize/_differentiable_functions.py:70: in fun_wrapped
    return fun(x, *args)
rascil/processing_components/util/geometry.py:114: in transit
    return -1 * calculate_azel(location, Time(utc, format='mjd', scale='utc'), direction)[1].value
rascil/processing_components/util/geometry.py:157: in calculate_azel
    casa_azel = dm.measure(casa_direction, 'azel')
_ _ _ _ _ _ _ _ _ _ _ _ _ _ _ _ _ _ _ _ _ _ _ _ _ _ _ _ _ _ _ _ _ _ _ _ _ _ _ _ 

&gt;   return _measures.measure(self, v, rf, off)
E   RuntimeError: Cannot convert due to missing frame information

../../opt/anaconda3/envs/rascil37/lib/python3.7/site-packages/casacore/measures/__init__.py:120: RuntimeError</failure></testcase><testcase classname="tests.workflows.test_pipelines_rsexecute.TestPipelineGraphs" file="tests/workflows/test_pipelines_rsexecute.py" line="160" name="test_continuum_imaging_pipeline_pol" time="5.301"><failure message="RuntimeError: Cannot convert due to missing frame information">self = &lt;tests.workflows.test_pipelines_rsexecute.TestPipelineGraphs testMethod=test_continuum_imaging_pipeline_pol&gt;

    def test_continuum_imaging_pipeline_pol(self):
&gt;       self.actualSetUp(add_errors=False, zerow=True, dopol=True)

tests/workflows/test_pipelines_rsexecute.py:162: 
_ _ _ _ _ _ _ _ _ _ _ _ _ _ _ _ _ _ _ _ _ _ _ _ _ _ _ _ _ _ _ _ _ _ _ _ _ _ _ _ 
tests/workflows/test_pipelines_rsexecute.py:88: in actualSetUp
    self.blockvis_list = rsexecute.compute(self.blockvis_list, sync=True)
rascil/workflows/rsexecute/execution_support/rsexecute.py:241: in compute
    future = self.client.compute(value, sync=sync)
../../opt/anaconda3/envs/rascil37/lib/python3.7/site-packages/distributed/client.py:2930: in compute
    result = self.gather(futures)
../../opt/anaconda3/envs/rascil37/lib/python3.7/site-packages/distributed/client.py:1992: in gather
    asynchronous=asynchronous,
../../opt/anaconda3/envs/rascil37/lib/python3.7/site-packages/distributed/client.py:833: in sync
    self.loop, func, *args, callback_timeout=callback_timeout, **kwargs
../../opt/anaconda3/envs/rascil37/lib/python3.7/site-packages/distributed/utils.py:340: in sync
    raise exc.with_traceback(tb)
../../opt/anaconda3/envs/rascil37/lib/python3.7/site-packages/distributed/utils.py:324: in f
    result[0] = yield future
../../opt/anaconda3/envs/rascil37/lib/python3.7/site-packages/tornado/gen.py:735: in run
    value = future.result()
../../opt/anaconda3/envs/rascil37/lib/python3.7/site-packages/distributed/client.py:1851: in _gather
    raise exception.with_traceback(traceback)
../../opt/anaconda3/envs/rascil37/lib/python3.7/site-packages/dask/utils.py:29: in apply
    return func(*args, **kwargs)
rascil/processing_components/simulation/testing_support.py:774: in ingest_unittest_visibility
    phasecentre=phasecentre, weight=1.0, polarisation_frame=vis_pol, zerow=zerow)
rascil/processing_components/visibility/base.py:193: in create_blockvisibility
    stime = calculate_transit_time(config.location, utc_time_zero, phasecentre)
rascil/processing_components/util/geometry.py:119: in calculate_transit_time
    tol=fraction_day)
../../opt/anaconda3/envs/rascil37/lib/python3.7/site-packages/scipy/optimize/_minimize.py:618: in minimize
    callback=callback, **options)
../../opt/anaconda3/envs/rascil37/lib/python3.7/site-packages/scipy/optimize/lbfgsb.py:308: in _minimize_lbfgsb
    finite_diff_rel_step=finite_diff_rel_step)
../../opt/anaconda3/envs/rascil37/lib/python3.7/site-packages/scipy/optimize/optimize.py:262: in _prepare_scalar_function
    finite_diff_rel_step, bounds, epsilon=epsilon)
../../opt/anaconda3/envs/rascil37/lib/python3.7/site-packages/scipy/optimize/_differentiable_functions.py:76: in __init__
    self._update_fun()
../../opt/anaconda3/envs/rascil37/lib/python3.7/site-packages/scipy/optimize/_differentiable_functions.py:166: in _update_fun
    self._update_fun_impl()
../../opt/anaconda3/envs/rascil37/lib/python3.7/site-packages/scipy/optimize/_differentiable_functions.py:73: in update_fun
    self.f = fun_wrapped(self.x)
../../opt/anaconda3/envs/rascil37/lib/python3.7/site-packages/scipy/optimize/_differentiable_functions.py:70: in fun_wrapped
    return fun(x, *args)
rascil/processing_components/util/geometry.py:114: in transit
    return -1 * calculate_azel(location, Time(utc, format='mjd', scale='utc'), direction)[1].value
rascil/processing_components/util/geometry.py:157: in calculate_azel
    casa_azel = dm.measure(casa_direction, 'azel')
_ _ _ _ _ _ _ _ _ _ _ _ _ _ _ _ _ _ _ _ _ _ _ _ _ _ _ _ _ _ _ _ _ _ _ _ _ _ _ _ 

&gt;   return _measures.measure(self, v, rf, off)
E   RuntimeError: Cannot convert due to missing frame information

../../opt/anaconda3/envs/rascil37/lib/python3.7/site-packages/casacore/measures/__init__.py:120: RuntimeError</failure></testcase><testcase classname="tests.workflows.test_pipelines_rsexecute.TestPipelineGraphs" file="tests/workflows/test_pipelines_rsexecute.py" line="442" name="test_continuum_imaging_skymodel_pipeline_empty" time="5.239"><failure message="RuntimeError: Cannot convert due to missing frame information">self = &lt;tests.workflows.test_pipelines_rsexecute.TestPipelineGraphs testMethod=test_continuum_imaging_skymodel_pipeline_empty&gt;

    def test_continuum_imaging_skymodel_pipeline_empty(self):
&gt;       self.actualSetUp()

tests/workflows/test_pipelines_rsexecute.py:444: 
_ _ _ _ _ _ _ _ _ _ _ _ _ _ _ _ _ _ _ _ _ _ _ _ _ _ _ _ _ _ _ _ _ _ _ _ _ _ _ _ 
tests/workflows/test_pipelines_rsexecute.py:88: in actualSetUp
    self.blockvis_list = rsexecute.compute(self.blockvis_list, sync=True)
rascil/workflows/rsexecute/execution_support/rsexecute.py:241: in compute
    future = self.client.compute(value, sync=sync)
../../opt/anaconda3/envs/rascil37/lib/python3.7/site-packages/distributed/client.py:2930: in compute
    result = self.gather(futures)
../../opt/anaconda3/envs/rascil37/lib/python3.7/site-packages/distributed/client.py:1992: in gather
    asynchronous=asynchronous,
../../opt/anaconda3/envs/rascil37/lib/python3.7/site-packages/distributed/client.py:833: in sync
    self.loop, func, *args, callback_timeout=callback_timeout, **kwargs
../../opt/anaconda3/envs/rascil37/lib/python3.7/site-packages/distributed/utils.py:340: in sync
    raise exc.with_traceback(tb)
../../opt/anaconda3/envs/rascil37/lib/python3.7/site-packages/distributed/utils.py:324: in f
    result[0] = yield future
../../opt/anaconda3/envs/rascil37/lib/python3.7/site-packages/tornado/gen.py:735: in run
    value = future.result()
../../opt/anaconda3/envs/rascil37/lib/python3.7/site-packages/distributed/client.py:1851: in _gather
    raise exception.with_traceback(traceback)
../../opt/anaconda3/envs/rascil37/lib/python3.7/site-packages/dask/utils.py:29: in apply
    return func(*args, **kwargs)
rascil/processing_components/simulation/testing_support.py:774: in ingest_unittest_visibility
    phasecentre=phasecentre, weight=1.0, polarisation_frame=vis_pol, zerow=zerow)
rascil/processing_components/visibility/base.py:193: in create_blockvisibility
    stime = calculate_transit_time(config.location, utc_time_zero, phasecentre)
rascil/processing_components/util/geometry.py:119: in calculate_transit_time
    tol=fraction_day)
../../opt/anaconda3/envs/rascil37/lib/python3.7/site-packages/scipy/optimize/_minimize.py:618: in minimize
    callback=callback, **options)
../../opt/anaconda3/envs/rascil37/lib/python3.7/site-packages/scipy/optimize/lbfgsb.py:308: in _minimize_lbfgsb
    finite_diff_rel_step=finite_diff_rel_step)
../../opt/anaconda3/envs/rascil37/lib/python3.7/site-packages/scipy/optimize/optimize.py:262: in _prepare_scalar_function
    finite_diff_rel_step, bounds, epsilon=epsilon)
../../opt/anaconda3/envs/rascil37/lib/python3.7/site-packages/scipy/optimize/_differentiable_functions.py:76: in __init__
    self._update_fun()
../../opt/anaconda3/envs/rascil37/lib/python3.7/site-packages/scipy/optimize/_differentiable_functions.py:166: in _update_fun
    self._update_fun_impl()
../../opt/anaconda3/envs/rascil37/lib/python3.7/site-packages/scipy/optimize/_differentiable_functions.py:73: in update_fun
    self.f = fun_wrapped(self.x)
../../opt/anaconda3/envs/rascil37/lib/python3.7/site-packages/scipy/optimize/_differentiable_functions.py:70: in fun_wrapped
    return fun(x, *args)
rascil/processing_components/util/geometry.py:114: in transit
    return -1 * calculate_azel(location, Time(utc, format='mjd', scale='utc'), direction)[1].value
rascil/processing_components/util/geometry.py:157: in calculate_azel
    casa_azel = dm.measure(casa_direction, 'azel')
_ _ _ _ _ _ _ _ _ _ _ _ _ _ _ _ _ _ _ _ _ _ _ _ _ _ _ _ _ _ _ _ _ _ _ _ _ _ _ _ 

&gt;   return _measures.measure(self, v, rf, off)
E   RuntimeError: Cannot convert due to missing frame information

../../opt/anaconda3/envs/rascil37/lib/python3.7/site-packages/casacore/measures/__init__.py:120: RuntimeError</failure></testcase><testcase classname="tests.workflows.test_pipelines_rsexecute.TestPipelineGraphs" file="tests/workflows/test_pipelines_rsexecute.py" line="521" name="test_continuum_imaging_skymodel_pipeline_exact" time="5.258"><failure message="RuntimeError: Cannot convert due to missing frame information">self = &lt;tests.workflows.test_pipelines_rsexecute.TestPipelineGraphs testMethod=test_continuum_imaging_skymodel_pipeline_exact&gt;

    def test_continuum_imaging_skymodel_pipeline_exact(self):
&gt;       self.actualSetUp()

tests/workflows/test_pipelines_rsexecute.py:523: 
_ _ _ _ _ _ _ _ _ _ _ _ _ _ _ _ _ _ _ _ _ _ _ _ _ _ _ _ _ _ _ _ _ _ _ _ _ _ _ _ 
tests/workflows/test_pipelines_rsexecute.py:88: in actualSetUp
    self.blockvis_list = rsexecute.compute(self.blockvis_list, sync=True)
rascil/workflows/rsexecute/execution_support/rsexecute.py:241: in compute
    future = self.client.compute(value, sync=sync)
../../opt/anaconda3/envs/rascil37/lib/python3.7/site-packages/distributed/client.py:2930: in compute
    result = self.gather(futures)
../../opt/anaconda3/envs/rascil37/lib/python3.7/site-packages/distributed/client.py:1992: in gather
    asynchronous=asynchronous,
../../opt/anaconda3/envs/rascil37/lib/python3.7/site-packages/distributed/client.py:833: in sync
    self.loop, func, *args, callback_timeout=callback_timeout, **kwargs
../../opt/anaconda3/envs/rascil37/lib/python3.7/site-packages/distributed/utils.py:340: in sync
    raise exc.with_traceback(tb)
../../opt/anaconda3/envs/rascil37/lib/python3.7/site-packages/distributed/utils.py:324: in f
    result[0] = yield future
../../opt/anaconda3/envs/rascil37/lib/python3.7/site-packages/tornado/gen.py:735: in run
    value = future.result()
../../opt/anaconda3/envs/rascil37/lib/python3.7/site-packages/distributed/client.py:1851: in _gather
    raise exception.with_traceback(traceback)
../../opt/anaconda3/envs/rascil37/lib/python3.7/site-packages/dask/utils.py:29: in apply
    return func(*args, **kwargs)
rascil/processing_components/simulation/testing_support.py:774: in ingest_unittest_visibility
    phasecentre=phasecentre, weight=1.0, polarisation_frame=vis_pol, zerow=zerow)
rascil/processing_components/visibility/base.py:193: in create_blockvisibility
    stime = calculate_transit_time(config.location, utc_time_zero, phasecentre)
rascil/processing_components/util/geometry.py:119: in calculate_transit_time
    tol=fraction_day)
../../opt/anaconda3/envs/rascil37/lib/python3.7/site-packages/scipy/optimize/_minimize.py:618: in minimize
    callback=callback, **options)
../../opt/anaconda3/envs/rascil37/lib/python3.7/site-packages/scipy/optimize/lbfgsb.py:308: in _minimize_lbfgsb
    finite_diff_rel_step=finite_diff_rel_step)
../../opt/anaconda3/envs/rascil37/lib/python3.7/site-packages/scipy/optimize/optimize.py:262: in _prepare_scalar_function
    finite_diff_rel_step, bounds, epsilon=epsilon)
../../opt/anaconda3/envs/rascil37/lib/python3.7/site-packages/scipy/optimize/_differentiable_functions.py:76: in __init__
    self._update_fun()
../../opt/anaconda3/envs/rascil37/lib/python3.7/site-packages/scipy/optimize/_differentiable_functions.py:166: in _update_fun
    self._update_fun_impl()
../../opt/anaconda3/envs/rascil37/lib/python3.7/site-packages/scipy/optimize/_differentiable_functions.py:73: in update_fun
    self.f = fun_wrapped(self.x)
../../opt/anaconda3/envs/rascil37/lib/python3.7/site-packages/scipy/optimize/_differentiable_functions.py:70: in fun_wrapped
    return fun(x, *args)
rascil/processing_components/util/geometry.py:114: in transit
    return -1 * calculate_azel(location, Time(utc, format='mjd', scale='utc'), direction)[1].value
rascil/processing_components/util/geometry.py:157: in calculate_azel
    casa_azel = dm.measure(casa_direction, 'azel')
_ _ _ _ _ _ _ _ _ _ _ _ _ _ _ _ _ _ _ _ _ _ _ _ _ _ _ _ _ _ _ _ _ _ _ _ _ _ _ _ 

&gt;   return _measures.measure(self, v, rf, off)
E   RuntimeError: Cannot convert due to missing frame information

../../opt/anaconda3/envs/rascil37/lib/python3.7/site-packages/casacore/measures/__init__.py:120: RuntimeError</failure></testcase><testcase classname="tests.workflows.test_pipelines_rsexecute.TestPipelineGraphs" file="tests/workflows/test_pipelines_rsexecute.py" line="478" name="test_continuum_imaging_skymodel_pipeline_partial" time="5.262"><failure message="RuntimeError: Cannot convert due to missing frame information">self = &lt;tests.workflows.test_pipelines_rsexecute.TestPipelineGraphs testMethod=test_continuum_imaging_skymodel_pipeline_partial&gt;

    def test_continuum_imaging_skymodel_pipeline_partial(self):
&gt;       self.actualSetUp()

tests/workflows/test_pipelines_rsexecute.py:480: 
_ _ _ _ _ _ _ _ _ _ _ _ _ _ _ _ _ _ _ _ _ _ _ _ _ _ _ _ _ _ _ _ _ _ _ _ _ _ _ _ 
tests/workflows/test_pipelines_rsexecute.py:88: in actualSetUp
    self.blockvis_list = rsexecute.compute(self.blockvis_list, sync=True)
rascil/workflows/rsexecute/execution_support/rsexecute.py:241: in compute
    future = self.client.compute(value, sync=sync)
../../opt/anaconda3/envs/rascil37/lib/python3.7/site-packages/distributed/client.py:2930: in compute
    result = self.gather(futures)
../../opt/anaconda3/envs/rascil37/lib/python3.7/site-packages/distributed/client.py:1992: in gather
    asynchronous=asynchronous,
../../opt/anaconda3/envs/rascil37/lib/python3.7/site-packages/distributed/client.py:833: in sync
    self.loop, func, *args, callback_timeout=callback_timeout, **kwargs
../../opt/anaconda3/envs/rascil37/lib/python3.7/site-packages/distributed/utils.py:340: in sync
    raise exc.with_traceback(tb)
../../opt/anaconda3/envs/rascil37/lib/python3.7/site-packages/distributed/utils.py:324: in f
    result[0] = yield future
../../opt/anaconda3/envs/rascil37/lib/python3.7/site-packages/tornado/gen.py:735: in run
    value = future.result()
../../opt/anaconda3/envs/rascil37/lib/python3.7/site-packages/distributed/client.py:1851: in _gather
    raise exception.with_traceback(traceback)
../../opt/anaconda3/envs/rascil37/lib/python3.7/site-packages/dask/utils.py:29: in apply
    return func(*args, **kwargs)
rascil/processing_components/simulation/testing_support.py:774: in ingest_unittest_visibility
    phasecentre=phasecentre, weight=1.0, polarisation_frame=vis_pol, zerow=zerow)
rascil/processing_components/visibility/base.py:193: in create_blockvisibility
    stime = calculate_transit_time(config.location, utc_time_zero, phasecentre)
rascil/processing_components/util/geometry.py:119: in calculate_transit_time
    tol=fraction_day)
../../opt/anaconda3/envs/rascil37/lib/python3.7/site-packages/scipy/optimize/_minimize.py:618: in minimize
    callback=callback, **options)
../../opt/anaconda3/envs/rascil37/lib/python3.7/site-packages/scipy/optimize/lbfgsb.py:308: in _minimize_lbfgsb
    finite_diff_rel_step=finite_diff_rel_step)
../../opt/anaconda3/envs/rascil37/lib/python3.7/site-packages/scipy/optimize/optimize.py:262: in _prepare_scalar_function
    finite_diff_rel_step, bounds, epsilon=epsilon)
../../opt/anaconda3/envs/rascil37/lib/python3.7/site-packages/scipy/optimize/_differentiable_functions.py:76: in __init__
    self._update_fun()
../../opt/anaconda3/envs/rascil37/lib/python3.7/site-packages/scipy/optimize/_differentiable_functions.py:166: in _update_fun
    self._update_fun_impl()
../../opt/anaconda3/envs/rascil37/lib/python3.7/site-packages/scipy/optimize/_differentiable_functions.py:73: in update_fun
    self.f = fun_wrapped(self.x)
../../opt/anaconda3/envs/rascil37/lib/python3.7/site-packages/scipy/optimize/_differentiable_functions.py:70: in fun_wrapped
    return fun(x, *args)
rascil/processing_components/util/geometry.py:114: in transit
    return -1 * calculate_azel(location, Time(utc, format='mjd', scale='utc'), direction)[1].value
rascil/processing_components/util/geometry.py:157: in calculate_azel
    casa_azel = dm.measure(casa_direction, 'azel')
_ _ _ _ _ _ _ _ _ _ _ _ _ _ _ _ _ _ _ _ _ _ _ _ _ _ _ _ _ _ _ _ _ _ _ _ _ _ _ _ 

&gt;   return _measures.measure(self, v, rf, off)
E   RuntimeError: Cannot convert due to missing frame information

../../opt/anaconda3/envs/rascil37/lib/python3.7/site-packages/casacore/measures/__init__.py:120: RuntimeError</failure></testcase><testcase classname="tests.workflows.test_pipelines_rsexecute.TestPipelineGraphs" file="tests/workflows/test_pipelines_rsexecute.py" line="189" name="test_ical_pipeline" time="0.001"><skipped message="Not deterministic" type="pytest.skip">/Users/timcornwell/Code/rascil/tests/workflows/test_pipelines_rsexecute.py:190: Not deterministic</skipped></testcase><testcase classname="tests.workflows.test_pipelines_rsexecute.TestPipelineGraphs" file="tests/workflows/test_pipelines_rsexecute.py" line="262" name="test_ical_pipeline_global" time="0.001"><skipped message="Not deterministic" type="pytest.skip">/Users/timcornwell/Code/rascil/tests/workflows/test_pipelines_rsexecute.py:263: Not deterministic</skipped></testcase><testcase classname="tests.workflows.test_pipelines_rsexecute.TestPipelineGraphs" file="tests/workflows/test_pipelines_rsexecute.py" line="225" name="test_ical_pipeline_pol" time="0.001"><skipped message="Not deterministic" type="pytest.skip">/Users/timcornwell/Code/rascil/tests/workflows/test_pipelines_rsexecute.py:226: Not deterministic</skipped></testcase><testcase classname="tests.workflows.test_pipelines_rsexecute.TestPipelineGraphs" file="tests/workflows/test_pipelines_rsexecute.py" line="300" name="test_ical_skymodel_pipeline_empty" time="0.001"><skipped message="Not deterministic" type="pytest.skip">/Users/timcornwell/Code/rascil/tests/workflows/test_pipelines_rsexecute.py:301: Not deterministic</skipped></testcase><testcase classname="tests.workflows.test_pipelines_rsexecute.TestPipelineGraphs" file="tests/workflows/test_pipelines_rsexecute.py" line="345" name="test_ical_skymodel_pipeline_exact" time="0.001"><skipped message="Not deterministic" type="pytest.skip">/Users/timcornwell/Code/rascil/tests/workflows/test_pipelines_rsexecute.py:346: Not deterministic</skipped></testcase><testcase classname="tests.workflows.test_pipelines_rsexecute.TestPipelineGraphs" file="tests/workflows/test_pipelines_rsexecute.py" line="390" name="test_ical_skymodel_pipeline_partial" time="0.001"><skipped message="Not deterministic" type="pytest.skip">/Users/timcornwell/Code/rascil/tests/workflows/test_pipelines_rsexecute.py:391: Not deterministic</skipped></testcase><testcase classname="tests.workflows.test_primary_beams_pol_rsexecute.VoltagePatternsPolGraph" file="tests/workflows/test_primary_beams_pol_rsexecute.py" line="59" name="test_apply_voltage_pattern_image_pointsource" time="0.001"><skipped message="Too large for CI/CD" type="pytest.skip">/Users/timcornwell/Code/rascil/tests/workflows/test_primary_beams_pol_rsexecute.py:60: Too large for CI/CD</skipped></testcase><testcase classname="tests.workflows.test_simulation_rsexecute.TestSimulationrsexecuteSupport" file="tests/workflows/test_simulation_rsexecute.py" line="35" name="test_create_simulate_vis_list" time="4.691"><failure message="RuntimeError: Cannot convert due to missing frame information">self = &lt;tests.workflows.test_simulation_rsexecute.TestSimulationrsexecuteSupport testMethod=test_create_simulate_vis_list&gt;

    def test_create_simulate_vis_list(self):
        vis_list = simulate_list_rsexecute_workflow(frequency=self.frequency, channel_bandwidth=self.channel_bandwidth)
        assert len(vis_list) == len(self.frequency)
&gt;       vt = rsexecute.compute(vis_list[0], sync=True)

tests/workflows/test_simulation_rsexecute.py:39: 
_ _ _ _ _ _ _ _ _ _ _ _ _ _ _ _ _ _ _ _ _ _ _ _ _ _ _ _ _ _ _ _ _ _ _ _ _ _ _ _ 
rascil/workflows/rsexecute/execution_support/rsexecute.py:241: in compute
    future = self.client.compute(value, sync=sync)
../../opt/anaconda3/envs/rascil37/lib/python3.7/site-packages/distributed/client.py:2930: in compute
    result = self.gather(futures)
../../opt/anaconda3/envs/rascil37/lib/python3.7/site-packages/distributed/client.py:1992: in gather
    asynchronous=asynchronous,
../../opt/anaconda3/envs/rascil37/lib/python3.7/site-packages/distributed/client.py:833: in sync
    self.loop, func, *args, callback_timeout=callback_timeout, **kwargs
../../opt/anaconda3/envs/rascil37/lib/python3.7/site-packages/distributed/utils.py:340: in sync
    raise exc.with_traceback(tb)
../../opt/anaconda3/envs/rascil37/lib/python3.7/site-packages/distributed/utils.py:324: in f
    result[0] = yield future
../../opt/anaconda3/envs/rascil37/lib/python3.7/site-packages/tornado/gen.py:735: in run
    value = future.result()
../../opt/anaconda3/envs/rascil37/lib/python3.7/site-packages/distributed/client.py:1851: in _gather
    raise exception.with_traceback(traceback)
../../opt/anaconda3/envs/rascil37/lib/python3.7/site-packages/dask/utils.py:29: in apply
    return func(*args, **kwargs)
rascil/processing_components/visibility/base.py:193: in create_blockvisibility
    stime = calculate_transit_time(config.location, utc_time_zero, phasecentre)
rascil/processing_components/util/geometry.py:119: in calculate_transit_time
    tol=fraction_day)
../../opt/anaconda3/envs/rascil37/lib/python3.7/site-packages/scipy/optimize/_minimize.py:618: in minimize
    callback=callback, **options)
../../opt/anaconda3/envs/rascil37/lib/python3.7/site-packages/scipy/optimize/lbfgsb.py:308: in _minimize_lbfgsb
    finite_diff_rel_step=finite_diff_rel_step)
../../opt/anaconda3/envs/rascil37/lib/python3.7/site-packages/scipy/optimize/optimize.py:262: in _prepare_scalar_function
    finite_diff_rel_step, bounds, epsilon=epsilon)
../../opt/anaconda3/envs/rascil37/lib/python3.7/site-packages/scipy/optimize/_differentiable_functions.py:76: in __init__
    self._update_fun()
../../opt/anaconda3/envs/rascil37/lib/python3.7/site-packages/scipy/optimize/_differentiable_functions.py:166: in _update_fun
    self._update_fun_impl()
../../opt/anaconda3/envs/rascil37/lib/python3.7/site-packages/scipy/optimize/_differentiable_functions.py:73: in update_fun
    self.f = fun_wrapped(self.x)
../../opt/anaconda3/envs/rascil37/lib/python3.7/site-packages/scipy/optimize/_differentiable_functions.py:70: in fun_wrapped
    return fun(x, *args)
rascil/processing_components/util/geometry.py:114: in transit
    return -1 * calculate_azel(location, Time(utc, format='mjd', scale='utc'), direction)[1].value
rascil/processing_components/util/geometry.py:157: in calculate_azel
    casa_azel = dm.measure(casa_direction, 'azel')
_ _ _ _ _ _ _ _ _ _ _ _ _ _ _ _ _ _ _ _ _ _ _ _ _ _ _ _ _ _ _ _ _ _ _ _ _ _ _ _ 

&gt;   return _measures.measure(self, v, rf, off)
E   RuntimeError: Cannot convert due to missing frame information

../../opt/anaconda3/envs/rascil37/lib/python3.7/site-packages/casacore/measures/__init__.py:120: RuntimeError</failure></testcase><testcase classname="tests.workflows.test_skymodel_rsexecute.TestSkyModel" file="tests/workflows/test_skymodel_rsexecute.py" line="81" name="test_predict" time="8.450"><failure message="RuntimeError: Cannot convert due to missing frame information">self = &lt;tests.workflows.test_skymodel_rsexecute.TestSkyModel testMethod=test_predict&gt;

    def test_predict(self):
        self.actualSetUp(zerow=True)
    
        self.skymodel_list = [rsexecute.execute(create_low_test_skymodel_from_gleam)
                              (npixel=self.npixel, cellsize=self.cellsize, frequency=[self.frequency[f]],
                               phasecentre=self.phasecentre,
                               polarisation_frame=PolarisationFrame("stokesI"),
                               flux_limit=0.3,
                               flux_threshold=1.0,
                               flux_max=5.0) for f, freq in enumerate(self.frequency)]
    
        self.skymodel_list = rsexecute.compute(self.skymodel_list, sync=True)
        ##assert isinstance(self.skymodel_list[0].image, Image), self.skymodel_list[0].image
        ##assert isinstance(self.skymodel_list[0].components[0], Skycomponent), self.skymodel_list[0].components[0]
        assert len(self.skymodel_list[0].components) == 11, len(self.skymodel_list[0].components)
        assert numpy.max(numpy.abs(self.skymodel_list[0].image["pixels"].data)) &gt; 0.0, "Image is empty"
    
        self.skymodel_list = rsexecute.scatter(self.skymodel_list)
        skymodel_vislist = predict_skymodel_list_rsexecute_workflow(self.vis_list[0],
                                                                     self.skymodel_list, context='2d')
&gt;       skymodel_vislist = rsexecute.compute(skymodel_vislist, sync=True)

tests/workflows/test_skymodel_rsexecute.py:102: 
_ _ _ _ _ _ _ _ _ _ _ _ _ _ _ _ _ _ _ _ _ _ _ _ _ _ _ _ _ _ _ _ _ _ _ _ _ _ _ _ 
rascil/workflows/rsexecute/execution_support/rsexecute.py:241: in compute
    future = self.client.compute(value, sync=sync)
../../opt/anaconda3/envs/rascil37/lib/python3.7/site-packages/distributed/client.py:2930: in compute
    result = self.gather(futures)
../../opt/anaconda3/envs/rascil37/lib/python3.7/site-packages/distributed/client.py:1992: in gather
    asynchronous=asynchronous,
../../opt/anaconda3/envs/rascil37/lib/python3.7/site-packages/distributed/client.py:833: in sync
    self.loop, func, *args, callback_timeout=callback_timeout, **kwargs
../../opt/anaconda3/envs/rascil37/lib/python3.7/site-packages/distributed/utils.py:340: in sync
    raise exc.with_traceback(tb)
../../opt/anaconda3/envs/rascil37/lib/python3.7/site-packages/distributed/utils.py:324: in f
    result[0] = yield future
../../opt/anaconda3/envs/rascil37/lib/python3.7/site-packages/tornado/gen.py:735: in run
    value = future.result()
../../opt/anaconda3/envs/rascil37/lib/python3.7/site-packages/distributed/client.py:1851: in _gather
    raise exception.with_traceback(traceback)
../../opt/anaconda3/envs/rascil37/lib/python3.7/site-packages/dask/utils.py:29: in apply
    return func(*args, **kwargs)
rascil/processing_components/simulation/testing_support.py:774: in ingest_unittest_visibility
    phasecentre=phasecentre, weight=1.0, polarisation_frame=vis_pol, zerow=zerow)
rascil/processing_components/visibility/base.py:193: in create_blockvisibility
    stime = calculate_transit_time(config.location, utc_time_zero, phasecentre)
rascil/processing_components/util/geometry.py:119: in calculate_transit_time
    tol=fraction_day)
../../opt/anaconda3/envs/rascil37/lib/python3.7/site-packages/scipy/optimize/_minimize.py:618: in minimize
    callback=callback, **options)
../../opt/anaconda3/envs/rascil37/lib/python3.7/site-packages/scipy/optimize/lbfgsb.py:308: in _minimize_lbfgsb
    finite_diff_rel_step=finite_diff_rel_step)
../../opt/anaconda3/envs/rascil37/lib/python3.7/site-packages/scipy/optimize/optimize.py:262: in _prepare_scalar_function
    finite_diff_rel_step, bounds, epsilon=epsilon)
../../opt/anaconda3/envs/rascil37/lib/python3.7/site-packages/scipy/optimize/_differentiable_functions.py:76: in __init__
    self._update_fun()
../../opt/anaconda3/envs/rascil37/lib/python3.7/site-packages/scipy/optimize/_differentiable_functions.py:166: in _update_fun
    self._update_fun_impl()
../../opt/anaconda3/envs/rascil37/lib/python3.7/site-packages/scipy/optimize/_differentiable_functions.py:73: in update_fun
    self.f = fun_wrapped(self.x)
../../opt/anaconda3/envs/rascil37/lib/python3.7/site-packages/scipy/optimize/_differentiable_functions.py:70: in fun_wrapped
    return fun(x, *args)
rascil/processing_components/util/geometry.py:114: in transit
    return -1 * calculate_azel(location, Time(utc, format='mjd', scale='utc'), direction)[1].value
rascil/processing_components/util/geometry.py:157: in calculate_azel
    casa_azel = dm.measure(casa_direction, 'azel')
_ _ _ _ _ _ _ _ _ _ _ _ _ _ _ _ _ _ _ _ _ _ _ _ _ _ _ _ _ _ _ _ _ _ _ _ _ _ _ _ 

&gt;   return _measures.measure(self, v, rf, off)
E   RuntimeError: Cannot convert due to missing frame information

../../opt/anaconda3/envs/rascil37/lib/python3.7/site-packages/casacore/measures/__init__.py:120: RuntimeError</failure></testcase><testcase classname="tests.workflows.test_skymodel_rsexecute.TestSkyModel" file="tests/workflows/test_skymodel_rsexecute.py" line="105" name="test_predict_nocomponents" time="8.292"><failure message="RuntimeError: Cannot convert due to missing frame information">self = &lt;tests.workflows.test_skymodel_rsexecute.TestSkyModel testMethod=test_predict_nocomponents&gt;

    def test_predict_nocomponents(self):
        self.actualSetUp(zerow=True)
    
        self.skymodel_list = [rsexecute.execute(create_low_test_skymodel_from_gleam)
                              (npixel=self.npixel, cellsize=self.cellsize, frequency=[self.frequency[f]],
                               phasecentre=self.phasecentre,
                               polarisation_frame=PolarisationFrame("stokesI"),
                               flux_limit=0.3,
                               flux_threshold=1.0,
                               flux_max=5.0) for f, freq in enumerate(self.frequency)]
    
        self.skymodel_list = rsexecute.compute(self.skymodel_list, sync=True)
    
        for i, sm in enumerate(self.skymodel_list):
            sm.components = []
    
        ##assert isinstance(self.skymodel_list[0].image, Image), self.skymodel_list[0].image
        assert numpy.max(numpy.abs(self.skymodel_list[0].image["pixels"].data)) &gt; 0.0, "Image is empty"
    
        self.skymodel_list = rsexecute.scatter(self.skymodel_list)
        skymodel_vislist = predict_skymodel_list_rsexecute_workflow(self.vis_list[0], self.skymodel_list, context='2d')
&gt;       skymodel_vislist = rsexecute.compute(skymodel_vislist, sync=True)

tests/workflows/test_skymodel_rsexecute.py:127: 
_ _ _ _ _ _ _ _ _ _ _ _ _ _ _ _ _ _ _ _ _ _ _ _ _ _ _ _ _ _ _ _ _ _ _ _ _ _ _ _ 
rascil/workflows/rsexecute/execution_support/rsexecute.py:241: in compute
    future = self.client.compute(value, sync=sync)
../../opt/anaconda3/envs/rascil37/lib/python3.7/site-packages/distributed/client.py:2930: in compute
    result = self.gather(futures)
../../opt/anaconda3/envs/rascil37/lib/python3.7/site-packages/distributed/client.py:1992: in gather
    asynchronous=asynchronous,
../../opt/anaconda3/envs/rascil37/lib/python3.7/site-packages/distributed/client.py:833: in sync
    self.loop, func, *args, callback_timeout=callback_timeout, **kwargs
../../opt/anaconda3/envs/rascil37/lib/python3.7/site-packages/distributed/utils.py:340: in sync
    raise exc.with_traceback(tb)
../../opt/anaconda3/envs/rascil37/lib/python3.7/site-packages/distributed/utils.py:324: in f
    result[0] = yield future
../../opt/anaconda3/envs/rascil37/lib/python3.7/site-packages/tornado/gen.py:735: in run
    value = future.result()
../../opt/anaconda3/envs/rascil37/lib/python3.7/site-packages/distributed/client.py:1851: in _gather
    raise exception.with_traceback(traceback)
../../opt/anaconda3/envs/rascil37/lib/python3.7/site-packages/dask/utils.py:29: in apply
    return func(*args, **kwargs)
rascil/processing_components/simulation/testing_support.py:774: in ingest_unittest_visibility
    phasecentre=phasecentre, weight=1.0, polarisation_frame=vis_pol, zerow=zerow)
rascil/processing_components/visibility/base.py:193: in create_blockvisibility
    stime = calculate_transit_time(config.location, utc_time_zero, phasecentre)
rascil/processing_components/util/geometry.py:119: in calculate_transit_time
    tol=fraction_day)
../../opt/anaconda3/envs/rascil37/lib/python3.7/site-packages/scipy/optimize/_minimize.py:618: in minimize
    callback=callback, **options)
../../opt/anaconda3/envs/rascil37/lib/python3.7/site-packages/scipy/optimize/lbfgsb.py:308: in _minimize_lbfgsb
    finite_diff_rel_step=finite_diff_rel_step)
../../opt/anaconda3/envs/rascil37/lib/python3.7/site-packages/scipy/optimize/optimize.py:262: in _prepare_scalar_function
    finite_diff_rel_step, bounds, epsilon=epsilon)
../../opt/anaconda3/envs/rascil37/lib/python3.7/site-packages/scipy/optimize/_differentiable_functions.py:76: in __init__
    self._update_fun()
../../opt/anaconda3/envs/rascil37/lib/python3.7/site-packages/scipy/optimize/_differentiable_functions.py:166: in _update_fun
    self._update_fun_impl()
../../opt/anaconda3/envs/rascil37/lib/python3.7/site-packages/scipy/optimize/_differentiable_functions.py:73: in update_fun
    self.f = fun_wrapped(self.x)
../../opt/anaconda3/envs/rascil37/lib/python3.7/site-packages/scipy/optimize/_differentiable_functions.py:70: in fun_wrapped
    return fun(x, *args)
rascil/processing_components/util/geometry.py:114: in transit
    return -1 * calculate_azel(location, Time(utc, format='mjd', scale='utc'), direction)[1].value
rascil/processing_components/util/geometry.py:157: in calculate_azel
    casa_azel = dm.measure(casa_direction, 'azel')
_ _ _ _ _ _ _ _ _ _ _ _ _ _ _ _ _ _ _ _ _ _ _ _ _ _ _ _ _ _ _ _ _ _ _ _ _ _ _ _ 

&gt;   return _measures.measure(self, v, rf, off)
E   RuntimeError: Cannot convert due to missing frame information

../../opt/anaconda3/envs/rascil37/lib/python3.7/site-packages/casacore/measures/__init__.py:120: RuntimeError</failure></testcase><testcase classname="tests.workflows.test_skymodel_rsexecute.TestSkyModel" file="tests/workflows/test_skymodel_rsexecute.py" line="130" name="test_predict_noimage" time="8.512"><failure message="RuntimeError: Cannot convert due to missing frame information">self = &lt;tests.workflows.test_skymodel_rsexecute.TestSkyModel testMethod=test_predict_noimage&gt;

    def test_predict_noimage(self):
        self.actualSetUp(zerow=True)
    
        self.skymodel_list = [rsexecute.execute(create_low_test_skymodel_from_gleam)
                              (npixel=self.npixel, cellsize=self.cellsize, frequency=[self.frequency[f]],
                               phasecentre=self.phasecentre,
                               polarisation_frame=PolarisationFrame("stokesI"),
                               flux_limit=0.3,
                               flux_threshold=1.0,
                               flux_max=5.0) for f, freq in enumerate(self.frequency)]
    
        self.skymodel_list = rsexecute.compute(self.skymodel_list, sync=True)
        for i, sm in enumerate(self.skymodel_list):
            sm.image= None
    
        ##assert isinstance(self.skymodel_list[0].components[0], Skycomponent), self.skymodel_list[0].components[0]
        assert len(self.skymodel_list[0].components) == 11, len(self.skymodel_list[0].components)
    
        self.skymodel_list = rsexecute.scatter(self.skymodel_list)
        skymodel_vislist = predict_skymodel_list_rsexecute_workflow(self.vis_list[0], self.skymodel_list, context='2d')
&gt;       skymodel_vislist = rsexecute.compute(skymodel_vislist, sync=True)

tests/workflows/test_skymodel_rsexecute.py:151: 
_ _ _ _ _ _ _ _ _ _ _ _ _ _ _ _ _ _ _ _ _ _ _ _ _ _ _ _ _ _ _ _ _ _ _ _ _ _ _ _ 
rascil/workflows/rsexecute/execution_support/rsexecute.py:241: in compute
    future = self.client.compute(value, sync=sync)
../../opt/anaconda3/envs/rascil37/lib/python3.7/site-packages/distributed/client.py:2930: in compute
    result = self.gather(futures)
../../opt/anaconda3/envs/rascil37/lib/python3.7/site-packages/distributed/client.py:1992: in gather
    asynchronous=asynchronous,
../../opt/anaconda3/envs/rascil37/lib/python3.7/site-packages/distributed/client.py:833: in sync
    self.loop, func, *args, callback_timeout=callback_timeout, **kwargs
../../opt/anaconda3/envs/rascil37/lib/python3.7/site-packages/distributed/utils.py:340: in sync
    raise exc.with_traceback(tb)
../../opt/anaconda3/envs/rascil37/lib/python3.7/site-packages/distributed/utils.py:324: in f
    result[0] = yield future
../../opt/anaconda3/envs/rascil37/lib/python3.7/site-packages/tornado/gen.py:735: in run
    value = future.result()
../../opt/anaconda3/envs/rascil37/lib/python3.7/site-packages/distributed/client.py:1851: in _gather
    raise exception.with_traceback(traceback)
../../opt/anaconda3/envs/rascil37/lib/python3.7/site-packages/dask/utils.py:29: in apply
    return func(*args, **kwargs)
rascil/processing_components/simulation/testing_support.py:774: in ingest_unittest_visibility
    phasecentre=phasecentre, weight=1.0, polarisation_frame=vis_pol, zerow=zerow)
rascil/processing_components/visibility/base.py:193: in create_blockvisibility
    stime = calculate_transit_time(config.location, utc_time_zero, phasecentre)
rascil/processing_components/util/geometry.py:119: in calculate_transit_time
    tol=fraction_day)
../../opt/anaconda3/envs/rascil37/lib/python3.7/site-packages/scipy/optimize/_minimize.py:618: in minimize
    callback=callback, **options)
../../opt/anaconda3/envs/rascil37/lib/python3.7/site-packages/scipy/optimize/lbfgsb.py:308: in _minimize_lbfgsb
    finite_diff_rel_step=finite_diff_rel_step)
../../opt/anaconda3/envs/rascil37/lib/python3.7/site-packages/scipy/optimize/optimize.py:262: in _prepare_scalar_function
    finite_diff_rel_step, bounds, epsilon=epsilon)
../../opt/anaconda3/envs/rascil37/lib/python3.7/site-packages/scipy/optimize/_differentiable_functions.py:76: in __init__
    self._update_fun()
../../opt/anaconda3/envs/rascil37/lib/python3.7/site-packages/scipy/optimize/_differentiable_functions.py:166: in _update_fun
    self._update_fun_impl()
../../opt/anaconda3/envs/rascil37/lib/python3.7/site-packages/scipy/optimize/_differentiable_functions.py:73: in update_fun
    self.f = fun_wrapped(self.x)
../../opt/anaconda3/envs/rascil37/lib/python3.7/site-packages/scipy/optimize/_differentiable_functions.py:70: in fun_wrapped
    return fun(x, *args)
rascil/processing_components/util/geometry.py:114: in transit
    return -1 * calculate_azel(location, Time(utc, format='mjd', scale='utc'), direction)[1].value
rascil/processing_components/util/geometry.py:157: in calculate_azel
    casa_azel = dm.measure(casa_direction, 'azel')
_ _ _ _ _ _ _ _ _ _ _ _ _ _ _ _ _ _ _ _ _ _ _ _ _ _ _ _ _ _ _ _ _ _ _ _ _ _ _ _ 

&gt;   return _measures.measure(self, v, rf, off)
E   RuntimeError: Cannot convert due to missing frame information

../../opt/anaconda3/envs/rascil37/lib/python3.7/site-packages/casacore/measures/__init__.py:120: RuntimeError</failure></testcase><testcase classname="tests.workflows.test_voltage_patterns_pol_rsexecute.TestVoltagePatternsPolGraph" file="tests/workflows/test_voltage_patterns_pol_rsexecute.py" line="224" name="test_apply_voltage_pattern_image_stokesI" time="0.001"><skipped message="Too long for CI/CD" type="pytest.skip">/Users/timcornwell/Code/rascil/tests/workflows/test_voltage_patterns_pol_rsexecute.py:225: Too long for CI/CD</skipped></testcase><testcase classname="tests.workflows.test_voltage_patterns_pol_rsexecute.TestVoltagePatternsPolGraph" file="tests/workflows/test_voltage_patterns_pol_rsexecute.py" line="234" name="test_apply_voltage_pattern_image_stokesIQUV" time="0.001"><skipped message="Too long for CI/CD" type="pytest.skip">/Users/timcornwell/Code/rascil/tests/workflows/test_voltage_patterns_pol_rsexecute.py:235: Too long for CI/CD</skipped></testcase><testcase classname="tests.workflows.test_voltage_patterns_pol_rsexecute.TestVoltagePatternsPolGraph" file="tests/workflows/test_voltage_patterns_pol_rsexecute.py" line="244" name="test_apply_voltage_pattern_image_stokesIQUV_long" time="0.001"><skipped message="Too long for CI/CD" type="pytest.skip">/Users/timcornwell/Code/rascil/tests/workflows/test_voltage_patterns_pol_rsexecute.py:245: Too long for CI/CD</skipped></testcase><testcase classname="tests.workflows.test_voltage_patterns_pol_rsexecute.TestVoltagePatternsPolGraph" file="tests/workflows/test_voltage_patterns_pol_rsexecute.py" line="229" name="test_apply_voltage_pattern_image_test_vp_stokesI" time="0.001"><skipped message="Too long for CI/CD" type="pytest.skip">/Users/timcornwell/Code/rascil/tests/workflows/test_voltage_patterns_pol_rsexecute.py:230: Too long for CI/CD</skipped></testcase><testcase classname="tests.workflows.test_voltage_patterns_pol_rsexecute.TestVoltagePatternsPolGraph" file="tests/workflows/test_voltage_patterns_pol_rsexecute.py" line="239" name="test_apply_voltage_pattern_image_test_vp_stokesIQUV" time="0.001"><skipped message="Too long for CI/CD" type="pytest.skip">/Users/timcornwell/Code/rascil/tests/workflows/test_voltage_patterns_pol_rsexecute.py:240: Too long for CI/CD</skipped></testcase><testcase classname="tests.workflows.test_voltage_patterns_pol_vis_rsexecute.TestVoltagePatternsPolGraph" file="tests/workflows/test_voltage_patterns_pol_vis_rsexecute.py" line="193" name="test_apply_voltage_pattern_image_stokesI" time="4.738"><failure message="RuntimeError: Cannot convert due to missing frame information">self = &lt;tests.workflows.test_voltage_patterns_pol_vis_rsexecute.TestVoltagePatternsPolGraph testMethod=test_apply_voltage_pattern_image_stokesI&gt;

    def test_apply_voltage_pattern_image_stokesI(self):
&gt;       result = self._test(test_vp=False, name="stokesI")

tests/workflows/test_voltage_patterns_pol_vis_rsexecute.py:195: 
_ _ _ _ _ _ _ _ _ _ _ _ _ _ _ _ _ _ _ _ _ _ _ _ _ _ _ _ _ _ _ _ _ _ _ _ _ _ _ _ 
tests/workflows/test_voltage_patterns_pol_vis_rsexecute.py:179: in _test
    bvis_plot_list = rsexecute.compute(bvis_plot_list, sync=True)
rascil/workflows/rsexecute/execution_support/rsexecute.py:241: in compute
    future = self.client.compute(value, sync=sync)
../../opt/anaconda3/envs/rascil37/lib/python3.7/site-packages/distributed/client.py:2930: in compute
    result = self.gather(futures)
../../opt/anaconda3/envs/rascil37/lib/python3.7/site-packages/distributed/client.py:1992: in gather
    asynchronous=asynchronous,
../../opt/anaconda3/envs/rascil37/lib/python3.7/site-packages/distributed/client.py:833: in sync
    self.loop, func, *args, callback_timeout=callback_timeout, **kwargs
../../opt/anaconda3/envs/rascil37/lib/python3.7/site-packages/distributed/utils.py:340: in sync
    raise exc.with_traceback(tb)
../../opt/anaconda3/envs/rascil37/lib/python3.7/site-packages/distributed/utils.py:324: in f
    result[0] = yield future
../../opt/anaconda3/envs/rascil37/lib/python3.7/site-packages/tornado/gen.py:735: in run
    value = future.result()
../../opt/anaconda3/envs/rascil37/lib/python3.7/site-packages/distributed/client.py:1851: in _gather
    raise exception.with_traceback(traceback)
../../opt/anaconda3/envs/rascil37/lib/python3.7/site-packages/dask/utils.py:29: in apply
    return func(*args, **kwargs)
rascil/processing_components/visibility/base.py:193: in create_blockvisibility
    stime = calculate_transit_time(config.location, utc_time_zero, phasecentre)
rascil/processing_components/util/geometry.py:119: in calculate_transit_time
    tol=fraction_day)
../../opt/anaconda3/envs/rascil37/lib/python3.7/site-packages/scipy/optimize/_minimize.py:618: in minimize
    callback=callback, **options)
../../opt/anaconda3/envs/rascil37/lib/python3.7/site-packages/scipy/optimize/lbfgsb.py:308: in _minimize_lbfgsb
    finite_diff_rel_step=finite_diff_rel_step)
../../opt/anaconda3/envs/rascil37/lib/python3.7/site-packages/scipy/optimize/optimize.py:262: in _prepare_scalar_function
    finite_diff_rel_step, bounds, epsilon=epsilon)
../../opt/anaconda3/envs/rascil37/lib/python3.7/site-packages/scipy/optimize/_differentiable_functions.py:76: in __init__
    self._update_fun()
../../opt/anaconda3/envs/rascil37/lib/python3.7/site-packages/scipy/optimize/_differentiable_functions.py:166: in _update_fun
    self._update_fun_impl()
../../opt/anaconda3/envs/rascil37/lib/python3.7/site-packages/scipy/optimize/_differentiable_functions.py:73: in update_fun
    self.f = fun_wrapped(self.x)
../../opt/anaconda3/envs/rascil37/lib/python3.7/site-packages/scipy/optimize/_differentiable_functions.py:70: in fun_wrapped
    return fun(x, *args)
rascil/processing_components/util/geometry.py:114: in transit
    return -1 * calculate_azel(location, Time(utc, format='mjd', scale='utc'), direction)[1].value
rascil/processing_components/util/geometry.py:157: in calculate_azel
    casa_azel = dm.measure(casa_direction, 'azel')
_ _ _ _ _ _ _ _ _ _ _ _ _ _ _ _ _ _ _ _ _ _ _ _ _ _ _ _ _ _ _ _ _ _ _ _ _ _ _ _ 

&gt;   return _measures.measure(self, v, rf, off)
E   RuntimeError: Cannot convert due to missing frame information

../../opt/anaconda3/envs/rascil37/lib/python3.7/site-packages/casacore/measures/__init__.py:120: RuntimeError</failure></testcase><testcase classname="tests.workflows.test_voltage_patterns_pol_vis_rsexecute.TestVoltagePatternsPolGraph" file="tests/workflows/test_voltage_patterns_pol_vis_rsexecute.py" line="202" name="test_apply_voltage_pattern_image_stokesIQUV" time="4.769"><failure message="RuntimeError: Cannot convert due to missing frame information">self = &lt;tests.workflows.test_voltage_patterns_pol_vis_rsexecute.TestVoltagePatternsPolGraph testMethod=test_apply_voltage_pattern_image_stokesIQUV&gt;

    def test_apply_voltage_pattern_image_stokesIQUV(self):
&gt;       result = self._test(test_vp=False, name="stokesIQUV", flux=[1.0, 0.5, -0.2, 0.1])

tests/workflows/test_voltage_patterns_pol_vis_rsexecute.py:204: 
_ _ _ _ _ _ _ _ _ _ _ _ _ _ _ _ _ _ _ _ _ _ _ _ _ _ _ _ _ _ _ _ _ _ _ _ _ _ _ _ 
tests/workflows/test_voltage_patterns_pol_vis_rsexecute.py:179: in _test
    bvis_plot_list = rsexecute.compute(bvis_plot_list, sync=True)
rascil/workflows/rsexecute/execution_support/rsexecute.py:241: in compute
    future = self.client.compute(value, sync=sync)
../../opt/anaconda3/envs/rascil37/lib/python3.7/site-packages/distributed/client.py:2930: in compute
    result = self.gather(futures)
../../opt/anaconda3/envs/rascil37/lib/python3.7/site-packages/distributed/client.py:1992: in gather
    asynchronous=asynchronous,
../../opt/anaconda3/envs/rascil37/lib/python3.7/site-packages/distributed/client.py:833: in sync
    self.loop, func, *args, callback_timeout=callback_timeout, **kwargs
../../opt/anaconda3/envs/rascil37/lib/python3.7/site-packages/distributed/utils.py:340: in sync
    raise exc.with_traceback(tb)
../../opt/anaconda3/envs/rascil37/lib/python3.7/site-packages/distributed/utils.py:324: in f
    result[0] = yield future
../../opt/anaconda3/envs/rascil37/lib/python3.7/site-packages/tornado/gen.py:735: in run
    value = future.result()
../../opt/anaconda3/envs/rascil37/lib/python3.7/site-packages/distributed/client.py:1851: in _gather
    raise exception.with_traceback(traceback)
../../opt/anaconda3/envs/rascil37/lib/python3.7/site-packages/dask/utils.py:29: in apply
    return func(*args, **kwargs)
rascil/processing_components/visibility/base.py:193: in create_blockvisibility
    stime = calculate_transit_time(config.location, utc_time_zero, phasecentre)
rascil/processing_components/util/geometry.py:119: in calculate_transit_time
    tol=fraction_day)
../../opt/anaconda3/envs/rascil37/lib/python3.7/site-packages/scipy/optimize/_minimize.py:618: in minimize
    callback=callback, **options)
../../opt/anaconda3/envs/rascil37/lib/python3.7/site-packages/scipy/optimize/lbfgsb.py:308: in _minimize_lbfgsb
    finite_diff_rel_step=finite_diff_rel_step)
../../opt/anaconda3/envs/rascil37/lib/python3.7/site-packages/scipy/optimize/optimize.py:262: in _prepare_scalar_function
    finite_diff_rel_step, bounds, epsilon=epsilon)
../../opt/anaconda3/envs/rascil37/lib/python3.7/site-packages/scipy/optimize/_differentiable_functions.py:76: in __init__
    self._update_fun()
../../opt/anaconda3/envs/rascil37/lib/python3.7/site-packages/scipy/optimize/_differentiable_functions.py:166: in _update_fun
    self._update_fun_impl()
../../opt/anaconda3/envs/rascil37/lib/python3.7/site-packages/scipy/optimize/_differentiable_functions.py:73: in update_fun
    self.f = fun_wrapped(self.x)
../../opt/anaconda3/envs/rascil37/lib/python3.7/site-packages/scipy/optimize/_differentiable_functions.py:70: in fun_wrapped
    return fun(x, *args)
rascil/processing_components/util/geometry.py:114: in transit
    return -1 * calculate_azel(location, Time(utc, format='mjd', scale='utc'), direction)[1].value
rascil/processing_components/util/geometry.py:157: in calculate_azel
    casa_azel = dm.measure(casa_direction, 'azel')
_ _ _ _ _ _ _ _ _ _ _ _ _ _ _ _ _ _ _ _ _ _ _ _ _ _ _ _ _ _ _ _ _ _ _ _ _ _ _ _ 

&gt;   return _measures.measure(self, v, rf, off)
E   RuntimeError: Cannot convert due to missing frame information

../../opt/anaconda3/envs/rascil37/lib/python3.7/site-packages/casacore/measures/__init__.py:120: RuntimeError</failure></testcase><testcase classname="tests.workflows.test_voltage_patterns_pol_vis_rsexecute.TestVoltagePatternsPolGraph" file="tests/workflows/test_voltage_patterns_pol_vis_rsexecute.py" line="196" name="test_apply_voltage_pattern_image_stokesI_long" time="5.397"><failure message="RuntimeError: Cannot convert due to missing frame information">self = &lt;tests.workflows.test_voltage_patterns_pol_vis_rsexecute.TestVoltagePatternsPolGraph testMethod=test_apply_voltage_pattern_image_stokesI_long&gt;

    def test_apply_voltage_pattern_image_stokesI_long(self):
&gt;       result = self._test(test_vp=False, name="stokesI", time_range=[-4.0, +4.0])

tests/workflows/test_voltage_patterns_pol_vis_rsexecute.py:198: 
_ _ _ _ _ _ _ _ _ _ _ _ _ _ _ _ _ _ _ _ _ _ _ _ _ _ _ _ _ _ _ _ _ _ _ _ _ _ _ _ 
tests/workflows/test_voltage_patterns_pol_vis_rsexecute.py:179: in _test
    bvis_plot_list = rsexecute.compute(bvis_plot_list, sync=True)
rascil/workflows/rsexecute/execution_support/rsexecute.py:241: in compute
    future = self.client.compute(value, sync=sync)
../../opt/anaconda3/envs/rascil37/lib/python3.7/site-packages/distributed/client.py:2930: in compute
    result = self.gather(futures)
../../opt/anaconda3/envs/rascil37/lib/python3.7/site-packages/distributed/client.py:1992: in gather
    asynchronous=asynchronous,
../../opt/anaconda3/envs/rascil37/lib/python3.7/site-packages/distributed/client.py:833: in sync
    self.loop, func, *args, callback_timeout=callback_timeout, **kwargs
../../opt/anaconda3/envs/rascil37/lib/python3.7/site-packages/distributed/utils.py:340: in sync
    raise exc.with_traceback(tb)
../../opt/anaconda3/envs/rascil37/lib/python3.7/site-packages/distributed/utils.py:324: in f
    result[0] = yield future
../../opt/anaconda3/envs/rascil37/lib/python3.7/site-packages/tornado/gen.py:735: in run
    value = future.result()
../../opt/anaconda3/envs/rascil37/lib/python3.7/site-packages/distributed/client.py:1851: in _gather
    raise exception.with_traceback(traceback)
../../opt/anaconda3/envs/rascil37/lib/python3.7/site-packages/dask/utils.py:29: in apply
    return func(*args, **kwargs)
rascil/processing_components/visibility/base.py:193: in create_blockvisibility
    stime = calculate_transit_time(config.location, utc_time_zero, phasecentre)
rascil/processing_components/util/geometry.py:119: in calculate_transit_time
    tol=fraction_day)
../../opt/anaconda3/envs/rascil37/lib/python3.7/site-packages/scipy/optimize/_minimize.py:618: in minimize
    callback=callback, **options)
../../opt/anaconda3/envs/rascil37/lib/python3.7/site-packages/scipy/optimize/lbfgsb.py:308: in _minimize_lbfgsb
    finite_diff_rel_step=finite_diff_rel_step)
../../opt/anaconda3/envs/rascil37/lib/python3.7/site-packages/scipy/optimize/optimize.py:262: in _prepare_scalar_function
    finite_diff_rel_step, bounds, epsilon=epsilon)
../../opt/anaconda3/envs/rascil37/lib/python3.7/site-packages/scipy/optimize/_differentiable_functions.py:76: in __init__
    self._update_fun()
../../opt/anaconda3/envs/rascil37/lib/python3.7/site-packages/scipy/optimize/_differentiable_functions.py:166: in _update_fun
    self._update_fun_impl()
../../opt/anaconda3/envs/rascil37/lib/python3.7/site-packages/scipy/optimize/_differentiable_functions.py:73: in update_fun
    self.f = fun_wrapped(self.x)
../../opt/anaconda3/envs/rascil37/lib/python3.7/site-packages/scipy/optimize/_differentiable_functions.py:70: in fun_wrapped
    return fun(x, *args)
rascil/processing_components/util/geometry.py:114: in transit
    return -1 * calculate_azel(location, Time(utc, format='mjd', scale='utc'), direction)[1].value
rascil/processing_components/util/geometry.py:157: in calculate_azel
    casa_azel = dm.measure(casa_direction, 'azel')
_ _ _ _ _ _ _ _ _ _ _ _ _ _ _ _ _ _ _ _ _ _ _ _ _ _ _ _ _ _ _ _ _ _ _ _ _ _ _ _ 

&gt;   return _measures.measure(self, v, rf, off)
E   RuntimeError: Cannot convert due to missing frame information

../../opt/anaconda3/envs/rascil37/lib/python3.7/site-packages/casacore/measures/__init__.py:120: RuntimeError</failure></testcase><testcase classname="tests.workflows.test_voltage_patterns_pol_vis_rsexecute.TestVoltagePatternsPolGraph" file="tests/workflows/test_voltage_patterns_pol_vis_rsexecute.py" line="199" name="test_apply_voltage_pattern_image_test_vp_stokesI" time="4.790"><failure message="RuntimeError: Cannot convert due to missing frame information">self = &lt;tests.workflows.test_voltage_patterns_pol_vis_rsexecute.TestVoltagePatternsPolGraph testMethod=test_apply_voltage_pattern_image_test_vp_stokesI&gt;

    def test_apply_voltage_pattern_image_test_vp_stokesI(self):
&gt;       result = self._test(test_vp=True, name="stokesI_test_vp")

tests/workflows/test_voltage_patterns_pol_vis_rsexecute.py:201: 
_ _ _ _ _ _ _ _ _ _ _ _ _ _ _ _ _ _ _ _ _ _ _ _ _ _ _ _ _ _ _ _ _ _ _ _ _ _ _ _ 
tests/workflows/test_voltage_patterns_pol_vis_rsexecute.py:179: in _test
    bvis_plot_list = rsexecute.compute(bvis_plot_list, sync=True)
rascil/workflows/rsexecute/execution_support/rsexecute.py:241: in compute
    future = self.client.compute(value, sync=sync)
../../opt/anaconda3/envs/rascil37/lib/python3.7/site-packages/distributed/client.py:2930: in compute
    result = self.gather(futures)
../../opt/anaconda3/envs/rascil37/lib/python3.7/site-packages/distributed/client.py:1992: in gather
    asynchronous=asynchronous,
../../opt/anaconda3/envs/rascil37/lib/python3.7/site-packages/distributed/client.py:833: in sync
    self.loop, func, *args, callback_timeout=callback_timeout, **kwargs
../../opt/anaconda3/envs/rascil37/lib/python3.7/site-packages/distributed/utils.py:340: in sync
    raise exc.with_traceback(tb)
../../opt/anaconda3/envs/rascil37/lib/python3.7/site-packages/distributed/utils.py:324: in f
    result[0] = yield future
../../opt/anaconda3/envs/rascil37/lib/python3.7/site-packages/tornado/gen.py:735: in run
    value = future.result()
../../opt/anaconda3/envs/rascil37/lib/python3.7/site-packages/distributed/client.py:1851: in _gather
    raise exception.with_traceback(traceback)
../../opt/anaconda3/envs/rascil37/lib/python3.7/site-packages/dask/utils.py:29: in apply
    return func(*args, **kwargs)
rascil/processing_components/visibility/base.py:193: in create_blockvisibility
    stime = calculate_transit_time(config.location, utc_time_zero, phasecentre)
rascil/processing_components/util/geometry.py:119: in calculate_transit_time
    tol=fraction_day)
../../opt/anaconda3/envs/rascil37/lib/python3.7/site-packages/scipy/optimize/_minimize.py:618: in minimize
    callback=callback, **options)
../../opt/anaconda3/envs/rascil37/lib/python3.7/site-packages/scipy/optimize/lbfgsb.py:308: in _minimize_lbfgsb
    finite_diff_rel_step=finite_diff_rel_step)
../../opt/anaconda3/envs/rascil37/lib/python3.7/site-packages/scipy/optimize/optimize.py:262: in _prepare_scalar_function
    finite_diff_rel_step, bounds, epsilon=epsilon)
../../opt/anaconda3/envs/rascil37/lib/python3.7/site-packages/scipy/optimize/_differentiable_functions.py:76: in __init__
    self._update_fun()
../../opt/anaconda3/envs/rascil37/lib/python3.7/site-packages/scipy/optimize/_differentiable_functions.py:166: in _update_fun
    self._update_fun_impl()
../../opt/anaconda3/envs/rascil37/lib/python3.7/site-packages/scipy/optimize/_differentiable_functions.py:73: in update_fun
    self.f = fun_wrapped(self.x)
../../opt/anaconda3/envs/rascil37/lib/python3.7/site-packages/scipy/optimize/_differentiable_functions.py:70: in fun_wrapped
    return fun(x, *args)
rascil/processing_components/util/geometry.py:114: in transit
    return -1 * calculate_azel(location, Time(utc, format='mjd', scale='utc'), direction)[1].value
rascil/processing_components/util/geometry.py:157: in calculate_azel
    casa_azel = dm.measure(casa_direction, 'azel')
_ _ _ _ _ _ _ _ _ _ _ _ _ _ _ _ _ _ _ _ _ _ _ _ _ _ _ _ _ _ _ _ _ _ _ _ _ _ _ _ 

&gt;   return _measures.measure(self, v, rf, off)
E   RuntimeError: Cannot convert due to missing frame information

../../opt/anaconda3/envs/rascil37/lib/python3.7/site-packages/casacore/measures/__init__.py:120: RuntimeError</failure></testcase><testcase classname="tests.workflows.test_voltage_patterns_pol_vis_rsexecute.TestVoltagePatternsPolGraph" file="tests/workflows/test_voltage_patterns_pol_vis_rsexecute.py" line="205" name="test_apply_voltage_pattern_image_test_vp_stokesIQUV" time="4.783"><failure message="RuntimeError: Cannot convert due to missing frame information">self = &lt;tests.workflows.test_voltage_patterns_pol_vis_rsexecute.TestVoltagePatternsPolGraph testMethod=test_apply_voltage_pattern_image_test_vp_stokesIQUV&gt;

    def test_apply_voltage_pattern_image_test_vp_stokesIQUV(self):
&gt;       result = self._test(test_vp=True, name="stokesIQUV_test_vp", flux=[1.0, 0.5, -0.2, 0.1])

tests/workflows/test_voltage_patterns_pol_vis_rsexecute.py:207: 
_ _ _ _ _ _ _ _ _ _ _ _ _ _ _ _ _ _ _ _ _ _ _ _ _ _ _ _ _ _ _ _ _ _ _ _ _ _ _ _ 
tests/workflows/test_voltage_patterns_pol_vis_rsexecute.py:179: in _test
    bvis_plot_list = rsexecute.compute(bvis_plot_list, sync=True)
rascil/workflows/rsexecute/execution_support/rsexecute.py:241: in compute
    future = self.client.compute(value, sync=sync)
../../opt/anaconda3/envs/rascil37/lib/python3.7/site-packages/distributed/client.py:2930: in compute
    result = self.gather(futures)
../../opt/anaconda3/envs/rascil37/lib/python3.7/site-packages/distributed/client.py:1992: in gather
    asynchronous=asynchronous,
../../opt/anaconda3/envs/rascil37/lib/python3.7/site-packages/distributed/client.py:833: in sync
    self.loop, func, *args, callback_timeout=callback_timeout, **kwargs
../../opt/anaconda3/envs/rascil37/lib/python3.7/site-packages/distributed/utils.py:340: in sync
    raise exc.with_traceback(tb)
../../opt/anaconda3/envs/rascil37/lib/python3.7/site-packages/distributed/utils.py:324: in f
    result[0] = yield future
../../opt/anaconda3/envs/rascil37/lib/python3.7/site-packages/tornado/gen.py:735: in run
    value = future.result()
../../opt/anaconda3/envs/rascil37/lib/python3.7/site-packages/distributed/client.py:1851: in _gather
    raise exception.with_traceback(traceback)
../../opt/anaconda3/envs/rascil37/lib/python3.7/site-packages/dask/utils.py:29: in apply
    return func(*args, **kwargs)
rascil/processing_components/visibility/base.py:193: in create_blockvisibility
    stime = calculate_transit_time(config.location, utc_time_zero, phasecentre)
rascil/processing_components/util/geometry.py:119: in calculate_transit_time
    tol=fraction_day)
../../opt/anaconda3/envs/rascil37/lib/python3.7/site-packages/scipy/optimize/_minimize.py:618: in minimize
    callback=callback, **options)
../../opt/anaconda3/envs/rascil37/lib/python3.7/site-packages/scipy/optimize/lbfgsb.py:308: in _minimize_lbfgsb
    finite_diff_rel_step=finite_diff_rel_step)
../../opt/anaconda3/envs/rascil37/lib/python3.7/site-packages/scipy/optimize/optimize.py:262: in _prepare_scalar_function
    finite_diff_rel_step, bounds, epsilon=epsilon)
../../opt/anaconda3/envs/rascil37/lib/python3.7/site-packages/scipy/optimize/_differentiable_functions.py:76: in __init__
    self._update_fun()
../../opt/anaconda3/envs/rascil37/lib/python3.7/site-packages/scipy/optimize/_differentiable_functions.py:166: in _update_fun
    self._update_fun_impl()
../../opt/anaconda3/envs/rascil37/lib/python3.7/site-packages/scipy/optimize/_differentiable_functions.py:73: in update_fun
    self.f = fun_wrapped(self.x)
../../opt/anaconda3/envs/rascil37/lib/python3.7/site-packages/scipy/optimize/_differentiable_functions.py:70: in fun_wrapped
    return fun(x, *args)
rascil/processing_components/util/geometry.py:114: in transit
    return -1 * calculate_azel(location, Time(utc, format='mjd', scale='utc'), direction)[1].value
rascil/processing_components/util/geometry.py:157: in calculate_azel
    casa_azel = dm.measure(casa_direction, 'azel')
_ _ _ _ _ _ _ _ _ _ _ _ _ _ _ _ _ _ _ _ _ _ _ _ _ _ _ _ _ _ _ _ _ _ _ _ _ _ _ _ 

&gt;   return _measures.measure(self, v, rf, off)
E   RuntimeError: Cannot convert due to missing frame information

../../opt/anaconda3/envs/rascil37/lib/python3.7/site-packages/casacore/measures/__init__.py:120: RuntimeError</failure></testcase></testsuite></testsuites>